#-----------------------------------------------------------
# xsim v2020.1 (64-bit)
# SW Build 2902540 on Wed May 27 19:54:35 MDT 2020
# IP Build 2902112 on Wed May 27 22:43:36 MDT 2020
# Start of session at: Sat Dec 11 23:14:10 2021
# Process ID: 810254
# Current directory: /home/jrmerkel/Documents/School/581/proj/rsd/Processor/Project/VivadoSim/work
# Command line: xsim -source {xsim.dir/work.TestMain/xsim_script.tcl}
# Log file: /home/jrmerkel/Documents/School/581/proj/rsd/Processor/Project/VivadoSim/work/xsim.log
# Journal file: /home/jrmerkel/Documents/School/581/proj/rsd/Processor/Project/VivadoSim/work/xsim.jou
#-----------------------------------------------------------
start_gui
source xsim.dir/work.TestMain/xsim_script.tcl
# set_param project.enableReportConfiguration 0
# load_feature core
# current_fileset
INFO: [IP_Flow 19-234] Refreshing IP repositories
INFO: [IP_Flow 19-1704] No user IP repositories specified
INFO: [IP_Flow 19-2313] Loaded Vivado IP repository '/tools/Xilinx/Vivado/2020.1/data/ip'.
# xsim {work.TestMain} -testplusarg MAX_TEST_CYCLES=10000 -testplusarg TEST_CODE=/home/jrmerkel/Documents/School/581/proj/rsd//Processor/Src/Verification/TestCode/C/581 -testplusarg DUMMY_DATA_FILE=/home/jrmerkel/Documents/School/581/proj/rsd//Processor/Src/Verification/DummyData.hex -testplusarg ENABLE_PC_GOAL=1 -testplusarg SHOW_SERIAL_OUT=1 -testplusarg RSD_LOG_FILE=RSD.log -autoloadwcfg
Vivado Simulator 2020.1
Time resolution is 1 ps
add_wave {{/TestMain/main/main/core/brPred}} 
INFO: [Wavedata 42-43] There are no traceable objects to add.
current_wave_config {Untitled 1}
Untitled 1
add_wave {{/TestMain/main/main/core/brPred/predictor}} 
current_wave_config {Untitled 1}
Untitled 1
add_wave {{/TestMain/main/main/core/brPred/port}} 
current_wave_config {Untitled 1}
Untitled 1
add_wave {{/TestMain/main/main/core/brPred/next}} 
run 167000 ns
INIT_HEX_FILE in InitializedBlockRAM is not specified, so no file is read.
ERROR: No Format provided for this argument
ERROR: No Format provided for this argument
ERROR: No Format provided for this argument
ERROR: No Format provided for this argument
ERROR: No Format provided for this argument
ERROR: No Format provided for this argument
ERROR: No Format provided for this argument
ERROR: No Format provided for this argument
ERROR: No Format provided for this argument
ERROR: No Format provided for this argument
ERROR: No Format provided for this argument
ERROR: No Format provided for this argument
ERROR: No Format provided for this argument
ERROR: No Format provided for this argument
ERROR: No Format provided for this argument
ERROR: No Format provided for this argument
ERROR: No Format provided for this argument
ERROR: No Format provided for this argument
ERROR: No Format provided for this argument
ERROR: No Format provided for this argument
ERROR: No Format provided for this argument
ERROR: No Format provided for this argument
ERROR: No Format provided for this argument
ERROR: No Format provided for this argument
ERROR: No Format provided for this argument
ERROR: No Format provided for this argument
ERROR: No Format provided for this argument
ERROR: No Format provided for this argument
ERROR: No Format provided for this argument
ERROR: No Format provided for this argument
ERROR: No Format provided for this argument
ERROR: No Format provided for this argument
ERROR: No Format provided for this argument
ERROR: No Format provided for this argument
run all
ERROR: No Format provided for this argument
ERROR: No Format provided for this argument
ERROR: No Format provided for this argument
ERROR: No Format provided for this argument
ERROR: No Format provided for this argument
ERROR: No Format provided for this argument
ERROR: No Format provided for this argument
ERROR: No Format provided for this argument
ERROR: No Format provided for this argument
ERROR: No Format provided for this argument
ERROR: No Format provided for this argument
ERROR: No Format provided for this argument
ERROR: No Format provided for this argument
ERROR: No Format provided for this argument
ERROR: No Format provided for this argument
ERROR: No Format provided for this argument
ERROR: No Format provided for this argument
ERROR: No Format provided for this argument
ERROR: No Format provided for this argument
ERROR: No Format provided for this argument
ERROR: No Format provided for this argument
ERROR: No Format provided for this argument
ERROR: No Format provided for this argument
ERROR: No Format provided for this argument
ERROR: No Format provided for this argument
ERROR: No Format provided for this argument
ERROR: No Format provided for this argument
ERROR: No Format provided for this argument
ERROR: No Format provided for this argument
ERROR: No Format provided for this argument
ERROR: No Format provided for this argument
ERROR: No Format provided for this argument
ERROR: No Format provided for this argument
ERROR: No Format provided for this argument
ERROR: No Format provided for this argument
ERROR: No Format provided for this argument
ERROR: No Format provided for this argument
ERROR: No Format provided for this argument
ERROR: No Format provided for this argument
ERROR: No Format provided for this argument
ERROR: No Format provided for this argument
ERROR: No Format provided for this argument
ERROR: No Format provided for this argument
ERROR: No Format provided for this argument
ERROR: No Format provided for this argument
ERROR: No Format provided for this argument
ERROR: No Format provided for this argument
ERROR: No Format provided for this argument
ERROR: No Format provided for this argument
ERROR: No Format provided for this argument
ERROR: No Format provided for this argument
ERROR: No Format provided for this argument
ERROR: No Format provided for this argument
ERROR: No Format provided for this argument
ERROR: No Format provided for this argument
ERROR: No Format provided for this argument
ERROR: No Format provided for this argument
ERROR: No Format provided for this argument
ERROR: No Format provided for this argument
ERROR: No Format provided for this argument
ERROR: No Format provided for this argument
ERROR: No Format provided for this argument
ERROR: No Format provided for this argument
ERROR: No Format provided for this argument
ERROR: No Format provided for this argument
ERROR: No Format provided for this argument
ERROR: No Format provided for this argument
ERROR: No Format provided for this argument
ERROR: No Format provided for this argument
ERROR: No Format provided for this argument
ERROR: No Format provided for this argument
ERROR: No Format provided for this argument
ERROR: No Format provided for this argument
ERROR: No Format provided for this argument
ERROR: No Format provided for this argument
ERROR: No Format provided for this argument
ERROR: No Format provided for this argument
ERROR: No Format provided for this argument
ERROR: No Format provided for this argument
ERROR: No Format provided for this argument
ERROR: No Format provided for this argument
ERROR: No Format provided for this argument
ERROR: No Format provided for this argument
ERROR: No Format provided for this argument
ERROR: No Format provided for this argument
ERROR: No Format provided for this argument
ERROR: No Format provided for this argument
ERROR: No Format provided for this argument
ERROR: No Format provided for this argument
ERROR: No Format provided for this argument
ERROR: No Format provided for this argument
ERROR: No Format provided for this argument
ERROR: No Format provided for this argument
ERROR: No Format provided for this argument
ERROR: No Format provided for this argument
ERROR: No Format provided for this argument
ERROR: No Format provided for this argument
ERROR: No Format provided for this argument
ERROR: No Format provided for this argument
ERROR: No Format provided for this argument
ERROR: No Format provided for this argument
ERROR: No Format provided for this argument
ERROR: No Format provided for this argument
ERROR: No Format provided for this argument
ERROR: No Format provided for this argument
ERROR: No Format provided for this argument
ERROR: No Format provided for this argument
ERROR: No Format provided for this argument
ERROR: No Format provided for this argument
ERROR: No Format provided for this argument
ERROR: No Format provided for this argument
ERROR: No Format provided for this argument
ERROR: No Format provided for this argument
ERROR: No Format provided for this argument
ERROR: No Format provided for this argument
ERROR: No Format provided for this argument
ERROR: No Format provided for this argument
ERROR: No Format provided for this argument
ERROR: No Format provided for this argument
ERROR: No Format provided for this argument
ERROR: No Format provided for this argument
ERROR: No Format provided for this argument
ERROR: No Format provided for this argument
ERROR: No Format provided for this argument
ERROR: No Format provided for this argument
ERROR: No Format provided for this argument
ERROR: No Format provided for this argument
ERROR: No Format provided for this argument
ERROR: No Format provided for this argument
ERROR: No Format provided for this argument
ERROR: No Format provided for this argument
ERROR: No Format provided for this argument
ERROR: No Format provided for this argument
ERROR: No Format provided for this argument
ERROR: No Format provided for this argument
ERROR: No Format provided for this argument
ERROR: No Format provided for this argument
ERROR: No Format provided for this argument
ERROR: No Format provided for this argument
ERROR: No Format provided for this argument
ERROR: No Format provided for this argument
ERROR: No Format provided for this argument
ERROR: No Format provided for this argument
ERROR: No Format provided for this argument
ERROR: No Format provided for this argument
ERROR: No Format provided for this argument
ERROR: No Format provided for this argument
ERROR: No Format provided for this argument
ERROR: No Format provided for this argument
ERROR: No Format provided for this argument
ERROR: No Format provided for this argument
ERROR: No Format provided for this argument
ERROR: No Format provided for this argument
ERROR: No Format provided for this argument
ERROR: No Format provided for this argument
ERROR: No Format provided for this argument
ERROR: No Format provided for this argument
ERROR: No Format provided for this argument
ERROR: No Format provided for this argument
ERROR: No Format provided for this argument
ERROR: No Format provided for this argument
ERROR: No Format provided for this argument
ERROR: No Format provided for this argument
ERROR: No Format provided for this argument
ERROR: No Format provided for this argument
ERROR: No Format provided for this argument
ERROR: No Format provided for this argument
ERROR: No Format provided for this argument
ERROR: No Format provided for this argument
ERROR: No Format provided for this argument
ERROR: No Format provided for this argument
ERROR: No Format provided for this argument
ERROR: No Format provided for this argument
ERROR: No Format provided for this argument
ERROR: No Format provided for this argument
ERROR: No Format provided for this argument
ERROR: No Format provided for this argument
ERROR: No Format provided for this argument
ERROR: No Format provided for this argument
ERROR: No Format provided for this argument
ERROR: No Format provided for this argument
ERROR: No Format provided for this argument
ERROR: No Format provided for this argument
ERROR: No Format provided for this argument
ERROR: No Format provided for this argument
ERROR: No Format provided for this argument
ERROR: No Format provided for this argument
ERROR: No Format provided for this argument
ERROR: No Format provided for this argument
ERROR: No Format provided for this argument
ERROR: No Format provided for this argument
ERROR: No Format provided for this argument
ERROR: No Format provided for this argument
ERROR: No Format provided for this argument
ERROR: No Format provided for this argument
ERROR: No Format provided for this argument
ERROR: No Format provided for this argument
ERROR: No Format provided for this argument
ERROR: No Format provided for this argument
ERROR: No Format provided for this argument
ERROR: No Format provided for this argument
ERROR: No Format provided for this argument
ERROR: No Format provided for this argument
ERROR: No Format provided for this argument
ERROR: No Format provided for this argument
ERROR: No Format provided for this argument
ERROR: No Format provided for this argument
ERROR: No Format provided for this argument
ERROR: No Format provided for this argument
ERROR: No Format provided for this argument
ERROR: No Format provided for this argument
ERROR: No Format provided for this argument
ERROR: No Format provided for this argument
ERROR: No Format provided for this argument
ERROR: No Format provided for this argument
ERROR: No Format provided for this argument
ERROR: No Format provided for this argument
ERROR: No Format provided for this argument
ERROR: No Format provided for this argument
ERROR: No Format provided for this argument
ERROR: No Format provided for this argument
ERROR: No Format provided for this argument
ERROR: No Format provided for this argument
ERROR: No Format provided for this argument
ERROR: No Format provided for this argument
ERROR: No Format provided for this argument
ERROR: No Format provided for this argument
ERROR: No Format provided for this argument
ERROR: No Format provided for this argument
ERROR: No Format provided for this argument
ERROR: No Format provided for this argument
ERROR: No Format provided for this argument
ERROR: No Format provided for this argument
ERROR: No Format provided for this argument
ERROR: No Format provided for this argument
ERROR: No Format provided for this argument
ERROR: No Format provided for this argument
ERROR: No Format provided for this argument
ERROR: No Format provided for this argument
ERROR: No Format provided for this argument
ERROR: No Format provided for this argument
ERROR: No Format provided for this argument
ERROR: No Format provided for this argument
ERROR: No Format provided for this argument
ERROR: No Format provided for this argument
ERROR: No Format provided for this argument
ERROR: No Format provided for this argument
ERROR: No Format provided for this argument
ERROR: No Format provided for this argument
ERROR: No Format provided for this argument
ERROR: No Format provided for this argument
ERROR: No Format provided for this argument
ERROR: No Format provided for this argument
ERROR: No Format provided for this argument
ERROR: No Format provided for this argument
ERROR: No Format provided for this argument
ERROR: No Format provided for this argument
ERROR: No Format provided for this argument
ERROR: No Format provided for this argument
ERROR: No Format provided for this argument
ERROR: No Format provided for this argument
ERROR: No Format provided for this argument
ERROR: No Format provided for this argument
ERROR: No Format provided for this argument
ERROR: No Format provided for this argument
ERROR: No Format provided for this argument
ERROR: No Format provided for this argument
ERROR: No Format provided for this argument
ERROR: No Format provided for this argument
ERROR: No Format provided for this argument
ERROR: No Format provided for this argument
ERROR: No Format provided for this argument
ERROR: No Format provided for this argument
ERROR: No Format provided for this argument
ERROR: No Format provided for this argument
ERROR: No Format provided for this argument
ERROR: No Format provided for this argument
ERROR: No Format provided for this argument
ERROR: No Format provided for this argument
ERROR: No Format provided for this argument
ERROR: No Format provided for this argument
ERROR: No Format provided for this argument
ERROR: No Format provided for this argument
ERROR: No Format provided for this argument
ERROR: No Format provided for this argument
ERROR: No Format provided for this argument
ERROR: No Format provided for this argument
ERROR: No Format provided for this argument
ERROR: No Format provided for this argument
ERROR: No Format provided for this argument
ERROR: No Format provided for this argument
ERROR: No Format provided for this argument
ERROR: No Format provided for this argument
ERROR: No Format provided for this argument
ERROR: No Format provided for this argument
ERROR: No Format provided for this argument
ERROR: No Format provided for this argument
ERROR: No Format provided for this argument
ERROR: No Format provided for this argument
ERROR: No Format provided for this argument
ERROR: No Format provided for this argument
ERROR: No Format provided for this argument
ERROR: No Format provided for this argument
ERROR: No Format provided for this argument
ERROR: No Format provided for this argument
ERROR: No Format provided for this argument
ERROR: No Format provided for this argument
ERROR: No Format provided for this argument
ERROR: No Format provided for this argument
ERROR: No Format provided for this argument
ERROR: No Format provided for this argument
ERROR: No Format provided for this argument
ERROR: No Format provided for this argument
ERROR: No Format provided for this argument
ERROR: No Format provided for this argument
ERROR: No Format provided for this argument
ERROR: No Format provided for this argument
ERROR: No Format provided for this argument
ERROR: No Format provided for this argument
ERROR: No Format provided for this argument
ERROR: No Format provided for this argument
ERROR: No Format provided for this argument
ERROR: No Format provided for this argument
ERROR: No Format provided for this argument
ERROR: No Format provided for this argument
ERROR: No Format provided for this argument
ERROR: No Format provided for this argument
ERROR: No Format provided for this argument
ERROR: No Format provided for this argument
ERROR: No Format provided for this argument
ERROR: No Format provided for this argument
ERROR: No Format provided for this argument
ERROR: No Format provided for this argument
ERROR: No Format provided for this argument
ERROR: No Format provided for this argument
ERROR: No Format provided for this argument
ERROR: No Format provided for this argument
ERROR: No Format provided for this argument
ERROR: No Format provided for this argument
ERROR: No Format provided for this argument
ERROR: No Format provided for this argument
ERROR: No Format provided for this argument
ERROR: No Format provided for this argument
ERROR: No Format provided for this argument
ERROR: No Format provided for this argument
ERROR: No Format provided for this argument
ERROR: No Format provided for this argument
ERROR: No Format provided for this argument
ERROR: No Format provided for this argument
ERROR: No Format provided for this argument
ERROR: No Format provided for this argument
ERROR: No Format provided for this argument
ERROR: No Format provided for this argument
ERROR: No Format provided for this argument
ERROR: No Format provided for this argument
ERROR: No Format provided for this argument
ERROR: No Format provided for this argument
ERROR: No Format provided for this argument
ERROR: No Format provided for this argument
ERROR: No Format provided for this argument
ERROR: No Format provided for this argument
ERROR: No Format provided for this argument
ERROR: No Format provided for this argument
ERROR: No Format provided for this argument
ERROR: No Format provided for this argument
ERROR: No Format provided for this argument
ERROR: No Format provided for this argument
ERROR: No Format provided for this argument
ERROR: No Format provided for this argument
ERROR: No Format provided for this argument
ERROR: No Format provided for this argument
ERROR: No Format provided for this argument
ERROR: No Format provided for this argument
ERROR: No Format provided for this argument
ERROR: No Format provided for this argument
ERROR: No Format provided for this argument
ERROR: No Format provided for this argument
ERROR: No Format provided for this argument
ERROR: No Format provided for this argument
ERROR: No Format provided for this argument
ERROR: No Format provided for this argument
ERROR: No Format provided for this argument
ERROR: No Format provided for this argument
ERROR: No Format provided for this argument
ERROR: No Format provided for this argument
ERROR: No Format provided for this argument
ERROR: No Format provided for this argument
ERROR: No Format provided for this argument
ERROR: No Format provided for this argument
ERROR: No Format provided for this argument
ERROR: No Format provided for this argument
ERROR: No Format provided for this argument
ERROR: No Format provided for this argument
ERROR: No Format provided for this argument
ERROR: No Format provided for this argument
ERROR: No Format provided for this argument
ERROR: No Format provided for this argument
ERROR: No Format provided for this argument
ERROR: No Format provided for this argument
ERROR: No Format provided for this argument
ERROR: No Format provided for this argument
ERROR: No Format provided for this argument
ERROR: No Format provided for this argument
ERROR: No Format provided for this argument
ERROR: No Format provided for this argument
ERROR: No Format provided for this argument
ERROR: No Format provided for this argument
ERROR: No Format provided for this argument
ERROR: No Format provided for this argument
ERROR: No Format provided for this argument
ERROR: No Format provided for this argument
ERROR: No Format provided for this argument
ERROR: No Format provided for this argument
ERROR: No Format provided for this argument
ERROR: No Format provided for this argument
ERROR: No Format provided for this argument
ERROR: No Format provided for this argument
ERROR: No Format provided for this argument
ERROR: No Format provided for this argument
ERROR: No Format provided for this argument
ERROR: No Format provided for this argument
ERROR: No Format provided for this argument
ERROR: No Format provided for this argument
ERROR: No Format provided for this argument
ERROR: No Format provided for this argument
ERROR: No Format provided for this argument
ERROR: No Format provided for this argument
ERROR: No Format provided for this argument
ERROR: No Format provided for this argument
ERROR: No Format provided for this argument
ERROR: No Format provided for this argument
ERROR: No Format provided for this argument
ERROR: No Format provided for this argument
ERROR: No Format provided for this argument
ERROR: No Format provided for this argument
ERROR: No Format provided for this argument
ERROR: No Format provided for this argument
ERROR: No Format provided for this argument
ERROR: No Format provided for this argument
ERROR: No Format provided for this argument
ERROR: No Format provided for this argument
ERROR: No Format provided for this argument
ERROR: No Format provided for this argument
ERROR: No Format provided for this argument
ERROR: No Format provided for this argument
ERROR: No Format provided for this argument
ERROR: No Format provided for this argument
ERROR: No Format provided for this argument
ERROR: No Format provided for this argument
ERROR: No Format provided for this argument
ERROR: No Format provided for this argument
ERROR: No Format provided for this argument
ERROR: No Format provided for this argument
ERROR: No Format provided for this argument
ERROR: No Format provided for this argument
ERROR: No Format provided for this argument
ERROR: No Format provided for this argument
ERROR: No Format provided for this argument
ERROR: No Format provided for this argument
ERROR: No Format provided for this argument
ERROR: No Format provided for this argument
ERROR: No Format provided for this argument
ERROR: No Format provided for this argument
ERROR: No Format provided for this argument
ERROR: No Format provided for this argument
ERROR: No Format provided for this argument
ERROR: No Format provided for this argument
ERROR: No Format provided for this argument
ERROR: No Format provided for this argument
ERROR: No Format provided for this argument
ERROR: No Format provided for this argument
ERROR: No Format provided for this argument
ERROR: No Format provided for this argument
ERROR: No Format provided for this argument
ERROR: No Format provided for this argument
ERROR: No Format provided for this argument
ERROR: No Format provided for this argument
ERROR: No Format provided for this argument
ERROR: No Format provided for this argument
ERROR: No Format provided for this argument
ERROR: No Format provided for this argument
ERROR: No Format provided for this argument
ERROR: No Format provided for this argument
ERROR: No Format provided for this argument
ERROR: No Format provided for this argument
ERROR: No Format provided for this argument
ERROR: No Format provided for this argument
ERROR: No Format provided for this argument
ERROR: No Format provided for this argument
ERROR: No Format provided for this argument
ERROR: No Format provided for this argument
ERROR: No Format provided for this argument
ERROR: No Format provided for this argument
ERROR: No Format provided for this argument
ERROR: No Format provided for this argument
ERROR: No Format provided for this argument
ERROR: No Format provided for this argument
ERROR: No Format provided for this argument
ERROR: No Format provided for this argument
ERROR: No Format provided for this argument
ERROR: No Format provided for this argument
ERROR: No Format provided for this argument
ERROR: No Format provided for this argument
ERROR: No Format provided for this argument
ERROR: No Format provided for this argument
ERROR: No Format provided for this argument
ERROR: No Format provided for this argument
ERROR: No Format provided for this argument
ERROR: No Format provided for this argument
ERROR: No Format provided for this argument
ERROR: No Format provided for this argument
ERROR: No Format provided for this argument
ERROR: No Format provided for this argument
ERROR: No Format provided for this argument
ERROR: No Format provided for this argument
ERROR: No Format provided for this argument
ERROR: No Format provided for this argument
ERROR: No Format provided for this argument
ERROR: No Format provided for this argument
ERROR: No Format provided for this argument
ERROR: No Format provided for this argument
ERROR: No Format provided for this argument
ERROR: No Format provided for this argument
ERROR: No Format provided for this argument
ERROR: No Format provided for this argument
ERROR: No Format provided for this argument
ERROR: No Format provided for this argument
ERROR: No Format provided for this argument
ERROR: No Format provided for this argument
ERROR: No Format provided for this argument
ERROR: No Format provided for this argument
ERROR: No Format provided for this argument
ERROR: No Format provided for this argument
ERROR: No Format provided for this argument
ERROR: No Format provided for this argument
ERROR: No Format provided for this argument
ERROR: No Format provided for this argument
ERROR: No Format provided for this argument
ERROR: No Format provided for this argument
ERROR: No Format provided for this argument
ERROR: No Format provided for this argument
ERROR: No Format provided for this argument
ERROR: No Format provided for this argument
ERROR: No Format provided for this argument
ERROR: No Format provided for this argument
ERROR: No Format provided for this argument
ERROR: No Format provided for this argument
ERROR: No Format provided for this argument
ERROR: No Format provided for this argument
ERROR: No Format provided for this argument
ERROR: No Format provided for this argument
ERROR: No Format provided for this argument
ERROR: No Format provided for this argument
ERROR: No Format provided for this argument
ERROR: No Format provided for this argument
ERROR: No Format provided for this argument
ERROR: No Format provided for this argument
ERROR: No Format provided for this argument
ERROR: No Format provided for this argument
ERROR: No Format provided for this argument
ERROR: No Format provided for this argument
ERROR: No Format provided for this argument
ERROR: No Format provided for this argument
ERROR: No Format provided for this argument
ERROR: No Format provided for this argument
ERROR: No Format provided for this argument
ERROR: No Format provided for this argument
ERROR: No Format provided for this argument
ERROR: No Format provided for this argument
ERROR: No Format provided for this argument
ERROR: No Format provided for this argument
ERROR: No Format provided for this argument
ERROR: No Format provided for this argument
ERROR: No Format provided for this argument
ERROR: No Format provided for this argument
ERROR: No Format provided for this argument
ERROR: No Format provided for this argument
ERROR: No Format provided for this argument
ERROR: No Format provided for this argument
ERROR: No Format provided for this argument
ERROR: No Format provided for this argument
ERROR: No Format provided for this argument
ERROR: No Format provided for this argument
ERROR: No Format provided for this argument
ERROR: No Format provided for this argument
ERROR: No Format provided for this argument
ERROR: No Format provided for this argument
ERROR: No Format provided for this argument
ERROR: No Format provided for this argument
ERROR: No Format provided for this argument
ERROR: No Format provided for this argument
ERROR: No Format provided for this argument
ERROR: No Format provided for this argument
ERROR: No Format provided for this argument
ERROR: No Format provided for this argument
ERROR: No Format provided for this argument
ERROR: No Format provided for this argument
ERROR: No Format provided for this argument
ERROR: No Format provided for this argument
ERROR: No Format provided for this argument
ERROR: No Format provided for this argument
ERROR: No Format provided for this argument
ERROR: No Format provided for this argument
ERROR: No Format provided for this argument
ERROR: No Format provided for this argument
ERROR: No Format provided for this argument
ERROR: No Format provided for this argument
ERROR: No Format provided for this argument
ERROR: No Format provided for this argument
ERROR: No Format provided for this argument
ERROR: No Format provided for this argument
ERROR: No Format provided for this argument
ERROR: No Format provided for this argument
ERROR: No Format provided for this argument
ERROR: No Format provided for this argument
ERROR: No Format provided for this argument
ERROR: No Format provided for this argument
ERROR: No Format provided for this argument
ERROR: No Format provided for this argument
ERROR: No Format provided for this argument
ERROR: No Format provided for this argument
ERROR: No Format provided for this argument
ERROR: No Format provided for this argument
ERROR: No Format provided for this argument
ERROR: No Format provided for this argument
ERROR: No Format provided for this argument
ERROR: No Format provided for this argument
ERROR: No Format provided for this argument
ERROR: No Format provided for this argument
ERROR: No Format provided for this argument
ERROR: No Format provided for this argument
ERROR: No Format provided for this argument
ERROR: No Format provided for this argument
ERROR: No Format provided for this argument
ERROR: No Format provided for this argument
ERROR: No Format provided for this argument
ERROR: No Format provided for this argument
ERROR: No Format provided for this argument
ERROR: No Format provided for this argument
ERROR: No Format provided for this argument
ERROR: No Format provided for this argument
ERROR: No Format provided for this argument
ERROR: No Format provided for this argument
ERROR: No Format provided for this argument
ERROR: No Format provided for this argument
ERROR: No Format provided for this argument
ERROR: No Format provided for this argument
ERROR: No Format provided for this argument
ERROR: No Format provided for this argument
ERROR: No Format provided for this argument
ERROR: No Format provided for this argument
ERROR: No Format provided for this argument
ERROR: No Format provided for this argument
ERROR: No Format provided for this argument
ERROR: No Format provided for this argument
ERROR: No Format provided for this argument
ERROR: No Format provided for this argument
ERROR: No Format provided for this argument
ERROR: No Format provided for this argument
ERROR: No Format provided for this argument
ERROR: No Format provided for this argument
ERROR: No Format provided for this argument
ERROR: No Format provided for this argument
ERROR: No Format provided for this argument
ERROR: No Format provided for this argument
ERROR: No Format provided for this argument
ERROR: No Format provided for this argument
ERROR: No Format provided for this argument
ERROR: No Format provided for this argument
ERROR: No Format provided for this argument
ERROR: No Format provided for this argument
ERROR: No Format provided for this argument
ERROR: No Format provided for this argument
ERROR: No Format provided for this argument
ERROR: No Format provided for this argument
ERROR: No Format provided for this argument
ERROR: No Format provided for this argument
ERROR: No Format provided for this argument
ERROR: No Format provided for this argument
ERROR: No Format provided for this argument
ERROR: No Format provided for this argument
ERROR: No Format provided for this argument
ERROR: No Format provided for this argument
ERROR: No Format provided for this argument
ERROR: No Format provided for this argument
ERROR: No Format provided for this argument
ERROR: No Format provided for this argument
ERROR: No Format provided for this argument
ERROR: No Format provided for this argument
ERROR: No Format provided for this argument
ERROR: No Format provided for this argument
ERROR: No Format provided for this argument
ERROR: No Format provided for this argument
ERROR: No Format provided for this argument
ERROR: No Format provided for this argument
ERROR: No Format provided for this argument
ERROR: No Format provided for this argument
ERROR: No Format provided for this argument
ERROR: No Format provided for this argument
ERROR: No Format provided for this argument
ERROR: No Format provided for this argument
ERROR: No Format provided for this argument
ERROR: No Format provided for this argument
ERROR: No Format provided for this argument
ERROR: No Format provided for this argument
ERROR: No Format provided for this argument
ERROR: No Format provided for this argument
ERROR: No Format provided for this argument
ERROR: No Format provided for this argument
ERROR: No Format provided for this argument
ERROR: No Format provided for this argument
ERROR: No Format provided for this argument
ERROR: No Format provided for this argument
ERROR: No Format provided for this argument
ERROR: No Format provided for this argument
ERROR: No Format provided for this argument
ERROR: No Format provided for this argument
ERROR: No Format provided for this argument
ERROR: No Format provided for this argument
ERROR: No Format provided for this argument
ERROR: No Format provided for this argument
ERROR: No Format provided for this argument
ERROR: No Format provided for this argument
ERROR: No Format provided for this argument
ERROR: No Format provided for this argument
ERROR: No Format provided for this argument
ERROR: No Format provided for this argument
ERROR: No Format provided for this argument
ERROR: No Format provided for this argument
ERROR: No Format provided for this argument
ERROR: No Format provided for this argument
ERROR: No Format provided for this argument
ERROR: No Format provided for this argument
ERROR: No Format provided for this argument
ERROR: No Format provided for this argument
ERROR: No Format provided for this argument
ERROR: No Format provided for this argument
ERROR: No Format provided for this argument
ERROR: No Format provided for this argument
ERROR: No Format provided for this argument
ERROR: No Format provided for this argument
ERROR: No Format provided for this argument
ERROR: No Format provided for this argument
ERROR: No Format provided for this argument
ERROR: No Format provided for this argument
ERROR: No Format provided for this argument
ERROR: No Format provided for this argument
ERROR: No Format provided for this argument
ERROR: No Format provided for this argument
ERROR: No Format provided for this argument
ERROR: No Format provided for this argument
ERROR: No Format provided for this argument
ERROR: No Format provided for this argument
ERROR: No Format provided for this argument
ERROR: No Format provided for this argument
ERROR: No Format provided for this argument
ERROR: No Format provided for this argument
ERROR: No Format provided for this argument
ERROR: No Format provided for this argument
ERROR: No Format provided for this argument
ERROR: No Format provided for this argument
ERROR: No Format provided for this argument
ERROR: No Format provided for this argument
ERROR: No Format provided for this argument
ERROR: No Format provided for this argument
ERROR: No Format provided for this argument
ERROR: No Format provided for this argument
ERROR: No Format provided for this argument
ERROR: No Format provided for this argument
ERROR: No Format provided for this argument
ERROR: No Format provided for this argument
ERROR: No Format provided for this argument
ERROR: No Format provided for this argument
ERROR: No Format provided for this argument
ERROR: No Format provided for this argument
ERROR: No Format provided for this argument
ERROR: No Format provided for this argument
ERROR: No Format provided for this argument
ERROR: No Format provided for this argument
ERROR: No Format provided for this argument
ERROR: No Format provided for this argument
ERROR: No Format provided for this argument
ERROR: No Format provided for this argument
ERROR: No Format provided for this argument
ERROR: No Format provided for this argument
ERROR: No Format provided for this argument
ERROR: No Format provided for this argument
ERROR: No Format provided for this argument
ERROR: No Format provided for this argument
ERROR: No Format provided for this argument
ERROR: No Format provided for this argument
ERROR: No Format provided for this argument
ERROR: No Format provided for this argument
ERROR: No Format provided for this argument
ERROR: No Format provided for this argument
ERROR: No Format provided for this argument
ERROR: No Format provided for this argument
ERROR: No Format provided for this argument
ERROR: No Format provided for this argument
ERROR: No Format provided for this argument
ERROR: No Format provided for this argument
ERROR: No Format provided for this argument
ERROR: No Format provided for this argument
ERROR: No Format provided for this argument
ERROR: No Format provided for this argument
ERROR: No Format provided for this argument
ERROR: No Format provided for this argument
ERROR: No Format provided for this argument
ERROR: No Format provided for this argument
ERROR: No Format provided for this argument
ERROR: No Format provided for this argument
ERROR: No Format provided for this argument
ERROR: No Format provided for this argument
ERROR: No Format provided for this argument
ERROR: No Format provided for this argument
ERROR: No Format provided for this argument
ERROR: No Format provided for this argument
ERROR: No Format provided for this argument
ERROR: No Format provided for this argument
ERROR: No Format provided for this argument
ERROR: No Format provided for this argument
ERROR: No Format provided for this argument
ERROR: No Format provided for this argument
ERROR: No Format provided for this argument
ERROR: No Format provided for this argument
ERROR: No Format provided for this argument
ERROR: No Format provided for this argument
ERROR: No Format provided for this argument
ERROR: No Format provided for this argument
ERROR: No Format provided for this argument
ERROR: No Format provided for this argument
ERROR: No Format provided for this argument
ERROR: No Format provided for this argument
ERROR: No Format provided for this argument
ERROR: No Format provided for this argument
ERROR: No Format provided for this argument
ERROR: No Format provided for this argument
ERROR: No Format provided for this argument
ERROR: No Format provided for this argument
ERROR: No Format provided for this argument
ERROR: No Format provided for this argument
ERROR: No Format provided for this argument
ERROR: No Format provided for this argument
ERROR: No Format provided for this argument
ERROR: No Format provided for this argument
ERROR: No Format provided for this argument
ERROR: No Format provided for this argument
ERROR: No Format provided for this argument
ERROR: No Format provided for this argument
ERROR: No Format provided for this argument
ERROR: No Format provided for this argument
ERROR: No Format provided for this argument
ERROR: No Format provided for this argument
ERROR: No Format provided for this argument
ERROR: No Format provided for this argument
ERROR: No Format provided for this argument
ERROR: No Format provided for this argument
ERROR: No Format provided for this argument
ERROR: No Format provided for this argument
ERROR: No Format provided for this argument
ERROR: No Format provided for this argument
ERROR: No Format provided for this argument
ERROR: No Format provided for this argument
ERROR: No Format provided for this argument
ERROR: No Format provided for this argument
ERROR: No Format provided for this argument
ERROR: No Format provided for this argument
ERROR: No Format provided for this argument
ERROR: No Format provided for this argument
ERROR: No Format provided for this argument
ERROR: No Format provided for this argument
ERROR: No Format provided for this argument
ERROR: No Format provided for this argument
ERROR: No Format provided for this argument
ERROR: No Format provided for this argument
ERROR: No Format provided for this argument
ERROR: No Format provided for this argument
ERROR: No Format provided for this argument
ERROR: No Format provided for this argument
ERROR: No Format provided for this argument
ERROR: No Format provided for this argument
ERROR: No Format provided for this argument
ERROR: No Format provided for this argument
ERROR: No Format provided for this argument
ERROR: No Format provided for this argument
ERROR: No Format provided for this argument
ERROR: No Format provided for this argument
ERROR: No Format provided for this argument
ERROR: No Format provided for this argument
ERROR: No Format provided for this argument
ERROR: No Format provided for this argument
ERROR: No Format provided for this argument
ERROR: No Format provided for this argument
ERROR: No Format provided for this argument
ERROR: No Format provided for this argument
ERROR: No Format provided for this argument
ERROR: No Format provided for this argument
ERROR: No Format provided for this argument
ERROR: No Format provided for this argument
ERROR: No Format provided for this argument
ERROR: No Format provided for this argument
ERROR: No Format provided for this argument
ERROR: No Format provided for this argument
ERROR: No Format provided for this argument
ERROR: No Format provided for this argument
ERROR: No Format provided for this argument
ERROR: No Format provided for this argument
ERROR: No Format provided for this argument
ERROR: No Format provided for this argument
ERROR: No Format provided for this argument
ERROR: No Format provided for this argument
ERROR: No Format provided for this argument
ERROR: No Format provided for this argument
ERROR: No Format provided for this argument
ERROR: No Format provided for this argument
ERROR: No Format provided for this argument
ERROR: No Format provided for this argument
ERROR: No Format provided for this argument
ERROR: No Format provided for this argument
ERROR: No Format provided for this argument
ERROR: No Format provided for this argument
ERROR: No Format provided for this argument
ERROR: No Format provided for this argument
ERROR: No Format provided for this argument
ERROR: No Format provided for this argument
ERROR: No Format provided for this argument
ERROR: No Format provided for this argument
ERROR: No Format provided for this argument
ERROR: No Format provided for this argument
ERROR: No Format provided for this argument
ERROR: No Format provided for this argument
ERROR: No Format provided for this argument
ERROR: No Format provided for this argument
ERROR: No Format provided for this argument
ERROR: No Format provided for this argument
ERROR: No Format provided for this argument
ERROR: No Format provided for this argument
ERROR: No Format provided for this argument
ERROR: No Format provided for this argument
ERROR: No Format provided for this argument
ERROR: No Format provided for this argument
ERROR: No Format provided for this argument
ERROR: No Format provided for this argument
ERROR: No Format provided for this argument
ERROR: No Format provided for this argument
ERROR: No Format provided for this argument
ERROR: No Format provided for this argument
ERROR: No Format provided for this argument
ERROR: No Format provided for this argument
ERROR: No Format provided for this argument
ERROR: No Format provided for this argument
ERROR: No Format provided for this argument
ERROR: No Format provided for this argument
ERROR: No Format provided for this argument
ERROR: No Format provided for this argument
ERROR: No Format provided for this argument
ERROR: No Format provided for this argument
ERROR: No Format provided for this argument
ERROR: No Format provided for this argument
ERROR: No Format provided for this argument
ERROR: No Format provided for this argument
ERROR: No Format provided for this argument
ERROR: No Format provided for this argument
ERROR: No Format provided for this argument
ERROR: No Format provided for this argument
ERROR: No Format provided for this argument
ERROR: No Format provided for this argument
ERROR: No Format provided for this argument
ERROR: No Format provided for this argument
ERROR: No Format provided for this argument
ERROR: No Format provided for this argument
ERROR: No Format provided for this argument
ERROR: No Format provided for this argument
ERROR: No Format provided for this argument
ERROR: No Format provided for this argument
ERROR: No Format provided for this argument
ERROR: No Format provided for this argument
ERROR: No Format provided for this argument
ERROR: No Format provided for this argument
ERROR: No Format provided for this argument
ERROR: No Format provided for this argument
ERROR: No Format provided for this argument
ERROR: No Format provided for this argument
ERROR: No Format provided for this argument
ERROR: No Format provided for this argument
ERROR: No Format provided for this argument
ERROR: No Format provided for this argument
ERROR: No Format provided for this argument
ERROR: No Format provided for this argument
ERROR: No Format provided for this argument
ERROR: No Format provided for this argument
ERROR: No Format provided for this argument
ERROR: No Format provided for this argument
ERROR: No Format provided for this argument
ERROR: No Format provided for this argument
ERROR: No Format provided for this argument
ERROR: No Format provided for this argument
ERROR: No Format provided for this argument
ERROR: No Format provided for this argument
ERROR: No Format provided for this argument
ERROR: No Format provided for this argument
ERROR: No Format provided for this argument
ERROR: No Format provided for this argument
ERROR: No Format provided for this argument
ERROR: No Format provided for this argument
ERROR: No Format provided for this argument
ERROR: No Format provided for this argument
ERROR: No Format provided for this argument
ERROR: No Format provided for this argument
ERROR: No Format provided for this argument
ERROR: No Format provided for this argument
ERROR: No Format provided for this argument
ERROR: No Format provided for this argument
ERROR: No Format provided for this argument
ERROR: No Format provided for this argument
ERROR: No Format provided for this argument
ERROR: No Format provided for this argument
ERROR: No Format provided for this argument
ERROR: No Format provided for this argument
ERROR: No Format provided for this argument
ERROR: No Format provided for this argument
ERROR: No Format provided for this argument
ERROR: No Format provided for this argument
ERROR: No Format provided for this argument
ERROR: No Format provided for this argument
ERROR: No Format provided for this argument
ERROR: No Format provided for this argument
ERROR: No Format provided for this argument
ERROR: No Format provided for this argument
ERROR: No Format provided for this argument
ERROR: No Format provided for this argument
ERROR: No Format provided for this argument
ERROR: No Format provided for this argument
ERROR: No Format provided for this argument
ERROR: No Format provided for this argument
ERROR: No Format provided for this argument
ERROR: No Format provided for this argument
ERROR: No Format provided for this argument
ERROR: No Format provided for this argument
ERROR: No Format provided for this argument
ERROR: No Format provided for this argument
ERROR: No Format provided for this argument
ERROR: No Format provided for this argument
ERROR: No Format provided for this argument
ERROR: No Format provided for this argument
ERROR: No Format provided for this argument
ERROR: No Format provided for this argument
ERROR: No Format provided for this argument
ERROR: No Format provided for this argument
ERROR: No Format provided for this argument
ERROR: No Format provided for this argument
ERROR: No Format provided for this argument
ERROR: No Format provided for this argument
ERROR: No Format provided for this argument
ERROR: No Format provided for this argument
ERROR: No Format provided for this argument
ERROR: No Format provided for this argument
ERROR: No Format provided for this argument
ERROR: No Format provided for this argument
ERROR: No Format provided for this argument
ERROR: No Format provided for this argument
ERROR: No Format provided for this argument
ERROR: No Format provided for this argument
ERROR: No Format provided for this argument
ERROR: No Format provided for this argument
ERROR: No Format provided for this argument
ERROR: No Format provided for this argument
ERROR: No Format provided for this argument
ERROR: No Format provided for this argument
ERROR: No Format provided for this argument
ERROR: No Format provided for this argument
ERROR: No Format provided for this argument
ERROR: No Format provided for this argument
ERROR: No Format provided for this argument
ERROR: No Format provided for this argument
ERROR: No Format provided for this argument
ERROR: No Format provided for this argument
ERROR: No Format provided for this argument
ERROR: No Format provided for this argument
ERROR: No Format provided for this argument
ERROR: No Format provided for this argument
ERROR: No Format provided for this argument
ERROR: No Format provided for this argument
ERROR: No Format provided for this argument
ERROR: No Format provided for this argument
ERROR: No Format provided for this argument
ERROR: No Format provided for this argument
ERROR: No Format provided for this argument
ERROR: No Format provided for this argument
ERROR: No Format provided for this argument
ERROR: No Format provided for this argument
ERROR: No Format provided for this argument
ERROR: No Format provided for this argument
ERROR: No Format provided for this argument
ERROR: No Format provided for this argument
ERROR: No Format provided for this argument
ERROR: No Format provided for this argument
ERROR: No Format provided for this argument
ERROR: No Format provided for this argument
ERROR: No Format provided for this argument
ERROR: No Format provided for this argument
ERROR: No Format provided for this argument
ERROR: No Format provided for this argument
ERROR: No Format provided for this argument
ERROR: No Format provided for this argument
ERROR: No Format provided for this argument
ERROR: No Format provided for this argument
ERROR: No Format provided for this argument
ERROR: No Format provided for this argument
ERROR: No Format provided for this argument
ERROR: No Format provided for this argument
ERROR: No Format provided for this argument
ERROR: No Format provided for this argument
ERROR: No Format provided for this argument
ERROR: No Format provided for this argument
ERROR: No Format provided for this argument
ERROR: No Format provided for this argument
ERROR: No Format provided for this argument
ERROR: No Format provided for this argument
ERROR: No Format provided for this argument
ERROR: No Format provided for this argument
ERROR: No Format provided for this argument
ERROR: No Format provided for this argument
ERROR: No Format provided for this argument
ERROR: No Format provided for this argument
ERROR: No Format provided for this argument
ERROR: No Format provided for this argument
ERROR: No Format provided for this argument
ERROR: No Format provided for this argument
ERROR: No Format provided for this argument
ERROR: No Format provided for this argument
ERROR: No Format provided for this argument
ERROR: No Format provided for this argument
ERROR: No Format provided for this argument
ERROR: No Format provided for this argument
ERROR: No Format provided for this argument
ERROR: No Format provided for this argument
ERROR: No Format provided for this argument
ERROR: No Format provided for this argument
ERROR: No Format provided for this argument
ERROR: No Format provided for this argument
ERROR: No Format provided for this argument
ERROR: No Format provided for this argument
ERROR: No Format provided for this argument
ERROR: No Format provided for this argument
ERROR: No Format provided for this argument
ERROR: No Format provided for this argument
ERROR: No Format provided for this argument
ERROR: No Format provided for this argument
ERROR: No Format provided for this argument
ERROR: No Format provided for this argument
ERROR: No Format provided for this argument
ERROR: No Format provided for this argument
ERROR: No Format provided for this argument
ERROR: No Format provided for this argument
ERROR: No Format provided for this argument
ERROR: No Format provided for this argument
ERROR: No Format provided for this argument
ERROR: No Format provided for this argument
ERROR: No Format provided for this argument
ERROR: No Format provided for this argument
ERROR: No Format provided for this argument
ERROR: No Format provided for this argument
ERROR: No Format provided for this argument
ERROR: No Format provided for this argument
ERROR: No Format provided for this argument
ERROR: No Format provided for this argument
ERROR: No Format provided for this argument
ERROR: No Format provided for this argument
ERROR: No Format provided for this argument
ERROR: No Format provided for this argument
ERROR: No Format provided for this argument
ERROR: No Format provided for this argument
ERROR: No Format provided for this argument
ERROR: No Format provided for this argument
ERROR: No Format provided for this argument
ERROR: No Format provided for this argument
ERROR: No Format provided for this argument
ERROR: No Format provided for this argument
ERROR: No Format provided for this argument
ERROR: No Format provided for this argument
ERROR: No Format provided for this argument
ERROR: No Format provided for this argument
ERROR: No Format provided for this argument
ERROR: No Format provided for this argument
ERROR: No Format provided for this argument
ERROR: No Format provided for this argument
ERROR: No Format provided for this argument
ERROR: No Format provided for this argument
ERROR: No Format provided for this argument
ERROR: No Format provided for this argument
ERROR: No Format provided for this argument
ERROR: No Format provided for this argument
ERROR: No Format provided for this argument
ERROR: No Format provided for this argument
ERROR: No Format provided for this argument
ERROR: No Format provided for this argument
ERROR: No Format provided for this argument
ERROR: No Format provided for this argument
ERROR: No Format provided for this argument
ERROR: No Format provided for this argument
ERROR: No Format provided for this argument
ERROR: No Format provided for this argument
ERROR: No Format provided for this argument
ERROR: No Format provided for this argument
ERROR: No Format provided for this argument
ERROR: No Format provided for this argument
ERROR: No Format provided for this argument
ERROR: No Format provided for this argument
ERROR: No Format provided for this argument
ERROR: No Format provided for this argument
ERROR: No Format provided for this argument
ERROR: No Format provided for this argument
ERROR: No Format provided for this argument
ERROR: No Format provided for this argument
ERROR: No Format provided for this argument
ERROR: No Format provided for this argument
ERROR: No Format provided for this argument
ERROR: No Format provided for this argument
ERROR: No Format provided for this argument
ERROR: No Format provided for this argument
ERROR: No Format provided for this argument
ERROR: No Format provided for this argument
ERROR: No Format provided for this argument
ERROR: No Format provided for this argument
ERROR: No Format provided for this argument
ERROR: No Format provided for this argument
ERROR: No Format provided for this argument
ERROR: No Format provided for this argument
ERROR: No Format provided for this argument
ERROR: No Format provided for this argument
ERROR: No Format provided for this argument
ERROR: No Format provided for this argument
ERROR: No Format provided for this argument
ERROR: No Format provided for this argument
ERROR: No Format provided for this argument
ERROR: No Format provided for this argument
ERROR: No Format provided for this argument
ERROR: No Format provided for this argument
ERROR: No Format provided for this argument
ERROR: No Format provided for this argument
ERROR: No Format provided for this argument
ERROR: No Format provided for this argument
ERROR: No Format provided for this argument
ERROR: No Format provided for this argument
ERROR: No Format provided for this argument
ERROR: No Format provided for this argument
ERROR: No Format provided for this argument
ERROR: No Format provided for this argument
ERROR: No Format provided for this argument
ERROR: No Format provided for this argument
ERROR: No Format provided for this argument
ERROR: No Format provided for this argument
ERROR: No Format provided for this argument
ERROR: No Format provided for this argument
ERROR: No Format provided for this argument
ERROR: No Format provided for this argument
ERROR: No Format provided for this argument
ERROR: No Format provided for this argument
ERROR: No Format provided for this argument
ERROR: No Format provided for this argument
ERROR: No Format provided for this argument
ERROR: No Format provided for this argument
ERROR: No Format provided for this argument
ERROR: No Format provided for this argument
ERROR: No Format provided for this argument
ERROR: No Format provided for this argument
ERROR: No Format provided for this argument
ERROR: No Format provided for this argument
ERROR: No Format provided for this argument
ERROR: No Format provided for this argument
ERROR: No Format provided for this argument
ERROR: No Format provided for this argument
ERROR: No Format provided for this argument
ERROR: No Format provided for this argument
ERROR: No Format provided for this argument
ERROR: No Format provided for this argument
ERROR: No Format provided for this argument
ERROR: No Format provided for this argument
ERROR: No Format provided for this argument
ERROR: No Format provided for this argument
ERROR: No Format provided for this argument
ERROR: No Format provided for this argument
ERROR: No Format provided for this argument
ERROR: No Format provided for this argument
ERROR: No Format provided for this argument
ERROR: No Format provided for this argument
ERROR: No Format provided for this argument
ERROR: No Format provided for this argument
ERROR: No Format provided for this argument
ERROR: No Format provided for this argument
ERROR: No Format provided for this argument
ERROR: No Format provided for this argument
ERROR: No Format provided for this argument
ERROR: No Format provided for this argument
ERROR: No Format provided for this argument
ERROR: No Format provided for this argument
ERROR: No Format provided for this argument
ERROR: No Format provided for this argument
ERROR: No Format provided for this argument
ERROR: No Format provided for this argument
ERROR: No Format provided for this argument
ERROR: No Format provided for this argument
ERROR: No Format provided for this argument
ERROR: No Format provided for this argument
ERROR: No Format provided for this argument
ERROR: No Format provided for this argument
ERROR: No Format provided for this argument
ERROR: No Format provided for this argument
ERROR: No Format provided for this argument
ERROR: No Format provided for this argument
ERROR: No Format provided for this argument
ERROR: No Format provided for this argument
ERROR: No Format provided for this argument
ERROR: No Format provided for this argument
ERROR: No Format provided for this argument
ERROR: No Format provided for this argument
ERROR: No Format provided for this argument
ERROR: No Format provided for this argument
ERROR: No Format provided for this argument
ERROR: No Format provided for this argument
ERROR: No Format provided for this argument
ERROR: No Format provided for this argument
ERROR: No Format provided for this argument
ERROR: No Format provided for this argument
ERROR: No Format provided for this argument
ERROR: No Format provided for this argument
ERROR: No Format provided for this argument
ERROR: No Format provided for this argument
ERROR: No Format provided for this argument
ERROR: No Format provided for this argument
ERROR: No Format provided for this argument
ERROR: No Format provided for this argument
ERROR: No Format provided for this argument
ERROR: No Format provided for this argument
ERROR: No Format provided for this argument
ERROR: No Format provided for this argument
ERROR: No Format provided for this argument
ERROR: No Format provided for this argument
ERROR: No Format provided for this argument
ERROR: No Format provided for this argument
ERROR: No Format provided for this argument
ERROR: No Format provided for this argument
ERROR: No Format provided for this argument
ERROR: No Format provided for this argument
ERROR: No Format provided for this argument
ERROR: No Format provided for this argument
ERROR: No Format provided for this argument
ERROR: No Format provided for this argument
ERROR: No Format provided for this argument
ERROR: No Format provided for this argument
ERROR: No Format provided for this argument
ERROR: No Format provided for this argument
ERROR: No Format provided for this argument
ERROR: No Format provided for this argument
ERROR: No Format provided for this argument
ERROR: No Format provided for this argument
ERROR: No Format provided for this argument
ERROR: No Format provided for this argument
ERROR: No Format provided for this argument
ERROR: No Format provided for this argument
ERROR: No Format provided for this argument
ERROR: No Format provided for this argument
ERROR: No Format provided for this argument
ERROR: No Format provided for this argument
ERROR: No Format provided for this argument
ERROR: No Format provided for this argument
ERROR: No Format provided for this argument
ERROR: No Format provided for this argument
ERROR: No Format provided for this argument
ERROR: No Format provided for this argument
ERROR: No Format provided for this argument
ERROR: No Format provided for this argument
ERROR: No Format provided for this argument
ERROR: No Format provided for this argument
ERROR: No Format provided for this argument
ERROR: No Format provided for this argument
ERROR: No Format provided for this argument
ERROR: No Format provided for this argument
ERROR: No Format provided for this argument
PC reached PC_GOAL: 80001004
Num of I$ misses:        169
Num of D$ load misses:        115
Num of D$ store misses:        124
Num of memory dependency prediction misses:          0
Num of store-load-forwarding misses:          0
Num of branch prediction misses:         55
Num of branch prediction misses detected on decode:         82
Num of committed RISC-V-ops:        5056
Num of committed micro-ops:        5056
IPC (RISC-V instruction): 0.783876
IPC (micro-op): 0.783876
Elapsed cycles:        6450
$finish called at time : 263374 ns : File "/home/jrmerkel/Documents/School/581/proj/rsd/Processor/Src/Verification/TestMain.sv" Line 330
run: Time (s): cpu = 00:00:05 ; elapsed = 00:00:07 . Memory (MB): peak = 11147.852 ; gain = 0.000 ; free physical = 2650 ; free virtual = 9524
