#-----------------------------------------------------------
# xsim v2020.1 (64-bit)
# SW Build 2902540 on Wed May 27 19:54:35 MDT 2020
# IP Build 2902112 on Wed May 27 22:43:36 MDT 2020
# Start of session at: Wed Dec  8 22:24:28 2021
# Process ID: 257720
# Current directory: /home/jrmerkel/Documents/School/581/proj/rsd/Processor/Project/VivadoSim/work
# Command line: xsim -mode tcl -source {xsim.dir/work.TestMain/xsim_script.tcl}
# Log file: /home/jrmerkel/Documents/School/581/proj/rsd/Processor/Project/VivadoSim/work/xsim.log
# Journal file: /home/jrmerkel/Documents/School/581/proj/rsd/Processor/Project/VivadoSim/work/xsim.jou
#-----------------------------------------------------------
source xsim.dir/work.TestMain/xsim_script.tcl
# xsim {work.TestMain} -testplusarg MAX_TEST_CYCLES=10000 -testplusarg TEST_CODE=/home/jrmerkel/Documents/School/581/proj/rsd//Processor/Src/Verification/TestCode/C/Fibonacci -testplusarg DUMMY_DATA_FILE=/home/jrmerkel/Documents/School/581/proj/rsd//Processor/Src/Verification/DummyData.hex -testplusarg ENABLE_PC_GOAL=1 -testplusarg SHOW_SERIAL_OUT=1 -testplusarg RSD_LOG_FILE=RSD.log -autoloadwcfg -runall
Vivado Simulator 2020.1
Time resolution is 1 ps
run -all
INIT_HEX_FILE in InitializedBlockRAM is not specified, so no file is read.
ERROR: No Format provided for this argument
ERROR: No Format provided for this argument
ERROR: No Format provided for this argument
ERROR: No Format provided for this argument
ERROR: No Format provided for this argument
ERROR: No Format provided for this argument
ERROR: No Format provided for this argument
ERROR: No Format provided for this argument
ERROR: No Format provided for this argument
ERROR: No Format provided for this argument
ERROR: No Format provided for this argument
ERROR: No Format provided for this argument
ERROR: No Format provided for this argument
ERROR: No Format provided for this argument
ERROR: No Format provided for this argument
ERROR: No Format provided for this argument
ERROR: No Format provided for this argument
ERROR: No Format provided for this argument
ERROR: No Format provided for this argument
ERROR: No Format provided for this argument
ERROR: No Format provided for this argument
ERROR: No Format provided for this argument
ERROR: No Format provided for this argument
ERROR: No Format provided for this argument
ERROR: No Format provided for this argument
ERROR: No Format provided for this argument
ERROR: No Format provided for this argument
ERROR: No Format provided for this argument
ERROR: No Format provided for this argument
ERROR: No Format provided for this argument
ERROR: No Format provided for this argument
ERROR: No Format provided for this argument
ERROR: No Format provided for this argument
ERROR: No Format provided for this argument
ERROR: No Format provided for this argument
ERROR: No Format provided for this argument
ERROR: No Format provided for this argument
ERROR: No Format provided for this argument
ERROR: No Format provided for this argument
ERROR: No Format provided for this argument
ERROR: No Format provided for this argument
ERROR: No Format provided for this argument
ERROR: No Format provided for this argument
ERROR: No Format provided for this argument
ERROR: No Format provided for this argument
ERROR: No Format provided for this argument
ERROR: No Format provided for this argument
ERROR: No Format provided for this argument
ERROR: No Format provided for this argument
ERROR: No Format provided for this argument
ERROR: No Format provided for this argument
ERROR: No Format provided for this argument
ERROR: No Format provided for this argument
ERROR: No Format provided for this argument
ERROR: No Format provided for this argument
ERROR: No Format provided for this argument
ERROR: No Format provided for this argument
ERROR: No Format provided for this argument
ERROR: No Format provided for this argument
ERROR: No Format provided for this argument
ERROR: No Format provided for this argument
ERROR: No Format provided for this argument
ERROR: No Format provided for this argument
ERROR: No Format provided for this argument
ERROR: No Format provided for this argument
ERROR: No Format provided for this argument
ERROR: No Format provided for this argument
ERROR: No Format provided for this argument
ERROR: No Format provided for this argument
ERROR: No Format provided for this argument
ERROR: No Format provided for this argument
ERROR: No Format provided for this argument
ERROR: No Format provided for this argument
ERROR: No Format provided for this argument
ERROR: No Format provided for this argument
ERROR: No Format provided for this argument
ERROR: No Format provided for this argument
ERROR: No Format provided for this argument
ERROR: No Format provided for this argument
ERROR: No Format provided for this argument
ERROR: No Format provided for this argument
ERROR: No Format provided for this argument
ERROR: No Format provided for this argument
ERROR: No Format provided for this argument
ERROR: No Format provided for this argument
ERROR: No Format provided for this argument
ERROR: No Format provided for this argument
ERROR: No Format provided for this argument
ERROR: No Format provided for this argument
ERROR: No Format provided for this argument
ERROR: No Format provided for this argument
ERROR: No Format provided for this argument
ERROR: No Format provided for this argument
ERROR: No Format provided for this argument
ERROR: No Format provided for this argument
ERROR: No Format provided for this argument
ERROR: No Format provided for this argument
ERROR: No Format provided for this argument
ERROR: No Format provided for this argument
ERROR: No Format provided for this argument
ERROR: No Format provided for this argument
ERROR: No Format provided for this argument
ERROR: No Format provided for this argument
ERROR: No Format provided for this argument
ERROR: No Format provided for this argument
ERROR: No Format provided for this argument
ERROR: No Format provided for this argument
ERROR: No Format provided for this argument
ERROR: No Format provided for this argument
ERROR: No Format provided for this argument
ERROR: No Format provided for this argument
ERROR: No Format provided for this argument
ERROR: No Format provided for this argument
ERROR: No Format provided for this argument
ERROR: No Format provided for this argument
ERROR: No Format provided for this argument
ERROR: No Format provided for this argument
ERROR: No Format provided for this argument
ERROR: No Format provided for this argument
ERROR: No Format provided for this argument
ERROR: No Format provided for this argument
ERROR: No Format provided for this argument
ERROR: No Format provided for this argument
ERROR: No Format provided for this argument
ERROR: No Format provided for this argument
ERROR: No Format provided for this argument
ERROR: No Format provided for this argument
ERROR: No Format provided for this argument
ERROR: No Format provided for this argument
ERROR: No Format provided for this argument
ERROR: No Format provided for this argument
ERROR: No Format provided for this argument
ERROR: No Format provided for this argument
ERROR: No Format provided for this argument
ERROR: No Format provided for this argument
ERROR: No Format provided for this argument
ERROR: No Format provided for this argument
ERROR: No Format provided for this argument
ERROR: No Format provided for this argument
ERROR: No Format provided for this argument
ERROR: No Format provided for this argument
ERROR: No Format provided for this argument
ERROR: No Format provided for this argument
ERROR: No Format provided for this argument
ERROR: No Format provided for this argument
ERROR: No Format provided for this argument
ERROR: No Format provided for this argument
ERROR: No Format provided for this argument
ERROR: No Format provided for this argument
ERROR: No Format provided for this argument
ERROR: No Format provided for this argument
ERROR: No Format provided for this argument
ERROR: No Format provided for this argument
ERROR: No Format provided for this argument
ERROR: No Format provided for this argument
ERROR: No Format provided for this argument
ERROR: No Format provided for this argument
ERROR: No Format provided for this argument
ERROR: No Format provided for this argument
ERROR: No Format provided for this argument
ERROR: No Format provided for this argument
ERROR: No Format provided for this argument
ERROR: No Format provided for this argument
ERROR: No Format provided for this argument
ERROR: No Format provided for this argument
ERROR: No Format provided for this argument
ERROR: No Format provided for this argument
ERROR: No Format provided for this argument
ERROR: No Format provided for this argument
ERROR: No Format provided for this argument
ERROR: No Format provided for this argument
ERROR: No Format provided for this argument
ERROR: No Format provided for this argument
ERROR: No Format provided for this argument
ERROR: No Format provided for this argument
ERROR: No Format provided for this argument
ERROR: No Format provided for this argument
ERROR: No Format provided for this argument
ERROR: No Format provided for this argument
ERROR: No Format provided for this argument
ERROR: No Format provided for this argument
ERROR: No Format provided for this argument
ERROR: No Format provided for this argument
ERROR: No Format provided for this argument
ERROR: No Format provided for this argument
ERROR: No Format provided for this argument
ERROR: No Format provided for this argument
ERROR: No Format provided for this argument
ERROR: No Format provided for this argument
ERROR: No Format provided for this argument
ERROR: No Format provided for this argument
ERROR: No Format provided for this argument
ERROR: No Format provided for this argument
ERROR: No Format provided for this argument
ERROR: No Format provided for this argument
ERROR: No Format provided for this argument
ERROR: No Format provided for this argument
ERROR: No Format provided for this argument
ERROR: No Format provided for this argument
ERROR: No Format provided for this argument
ERROR: No Format provided for this argument
ERROR: No Format provided for this argument
ERROR: No Format provided for this argument
ERROR: No Format provided for this argument
ERROR: No Format provided for this argument
ERROR: No Format provided for this argument
ERROR: No Format provided for this argument
ERROR: No Format provided for this argument
ERROR: No Format provided for this argument
ERROR: No Format provided for this argument
ERROR: No Format provided for this argument
ERROR: No Format provided for this argument
ERROR: No Format provided for this argument
ERROR: No Format provided for this argument
ERROR: No Format provided for this argument
ERROR: No Format provided for this argument
ERROR: No Format provided for this argument
ERROR: No Format provided for this argument
ERROR: No Format provided for this argument
ERROR: No Format provided for this argument
ERROR: No Format provided for this argument
ERROR: No Format provided for this argument
ERROR: No Format provided for this argument
ERROR: No Format provided for this argument
ERROR: No Format provided for this argument
ERROR: No Format provided for this argument
ERROR: No Format provided for this argument
ERROR: No Format provided for this argument
ERROR: No Format provided for this argument
ERROR: No Format provided for this argument
ERROR: No Format provided for this argument
ERROR: No Format provided for this argument
ERROR: No Format provided for this argument
ERROR: No Format provided for this argument
ERROR: No Format provided for this argument
ERROR: No Format provided for this argument
ERROR: No Format provided for this argument
ERROR: No Format provided for this argument
ERROR: No Format provided for this argument
ERROR: No Format provided for this argument
ERROR: No Format provided for this argument
ERROR: No Format provided for this argument
ERROR: No Format provided for this argument
ERROR: No Format provided for this argument
ERROR: No Format provided for this argument
ERROR: No Format provided for this argument
ERROR: No Format provided for this argument
ERROR: No Format provided for this argument
ERROR: No Format provided for this argument
ERROR: No Format provided for this argument
ERROR: No Format provided for this argument
ERROR: No Format provided for this argument
ERROR: No Format provided for this argument
ERROR: No Format provided for this argument
ERROR: No Format provided for this argument
ERROR: No Format provided for this argument
ERROR: No Format provided for this argument
ERROR: No Format provided for this argument
ERROR: No Format provided for this argument
ERROR: No Format provided for this argument
ERROR: No Format provided for this argument
ERROR: No Format provided for this argument
ERROR: No Format provided for this argument
ERROR: No Format provided for this argument
ERROR: No Format provided for this argument
ERROR: No Format provided for this argument
ERROR: No Format provided for this argument
ERROR: No Format provided for this argument
ERROR: No Format provided for this argument
ERROR: No Format provided for this argument
ERROR: No Format provided for this argument
ERROR: No Format provided for this argument
ERROR: No Format provided for this argument
ERROR: No Format provided for this argument
ERROR: No Format provided for this argument
ERROR: No Format provided for this argument
ERROR: No Format provided for this argument
ERROR: No Format provided for this argument
ERROR: No Format provided for this argument
ERROR: No Format provided for this argument
ERROR: No Format provided for this argument
ERROR: No Format provided for this argument
ERROR: No Format provided for this argument
ERROR: No Format provided for this argument
ERROR: No Format provided for this argument
ERROR: No Format provided for this argument
ERROR: No Format provided for this argument
ERROR: No Format provided for this argument
ERROR: No Format provided for this argument
ERROR: No Format provided for this argument
ERROR: No Format provided for this argument
ERROR: No Format provided for this argument
ERROR: No Format provided for this argument
ERROR: No Format provided for this argument
ERROR: No Format provided for this argument
ERROR: No Format provided for this argument
ERROR: No Format provided for this argument
ERROR: No Format provided for this argument
ERROR: No Format provided for this argument
ERROR: No Format provided for this argument
ERROR: No Format provided for this argument
ERROR: No Format provided for this argument
ERROR: No Format provided for this argument
ERROR: No Format provided for this argument
ERROR: No Format provided for this argument
ERROR: No Format provided for this argument
ERROR: No Format provided for this argument
ERROR: No Format provided for this argument
ERROR: No Format provided for this argument
ERROR: No Format provided for this argument
ERROR: No Format provided for this argument
ERROR: No Format provided for this argument
ERROR: No Format provided for this argument
ERROR: No Format provided for this argument
ERROR: No Format provided for this argument
ERROR: No Format provided for this argument
ERROR: No Format provided for this argument
ERROR: No Format provided for this argument
ERROR: No Format provided for this argument
ERROR: No Format provided for this argument
ERROR: No Format provided for this argument
ERROR: No Format provided for this argument
ERROR: No Format provided for this argument
ERROR: No Format provided for this argument
ERROR: No Format provided for this argument
ERROR: No Format provided for this argument
ERROR: No Format provided for this argument
ERROR: No Format provided for this argument
ERROR: No Format provided for this argument
ERROR: No Format provided for this argument
ERROR: No Format provided for this argument
ERROR: No Format provided for this argument
ERROR: No Format provided for this argument
ERROR: No Format provided for this argument
ERROR: No Format provided for this argument
ERROR: No Format provided for this argument
ERROR: No Format provided for this argument
ERROR: No Format provided for this argument
ERROR: No Format provided for this argument
ERROR: No Format provided for this argument
ERROR: No Format provided for this argument
ERROR: No Format provided for this argument
ERROR: No Format provided for this argument
ERROR: No Format provided for this argument
ERROR: No Format provided for this argument
ERROR: No Format provided for this argument
ERROR: No Format provided for this argument
ERROR: No Format provided for this argument
ERROR: No Format provided for this argument
ERROR: No Format provided for this argument
ERROR: No Format provided for this argument
ERROR: No Format provided for this argument
ERROR: No Format provided for this argument
ERROR: No Format provided for this argument
ERROR: No Format provided for this argument
ERROR: No Format provided for this argument
ERROR: No Format provided for this argument
ERROR: No Format provided for this argument
ERROR: No Format provided for this argument
ERROR: No Format provided for this argument
ERROR: No Format provided for this argument
ERROR: No Format provided for this argument
ERROR: No Format provided for this argument
ERROR: No Format provided for this argument
ERROR: No Format provided for this argument
ERROR: No Format provided for this argument
ERROR: No Format provided for this argument
ERROR: No Format provided for this argument
ERROR: No Format provided for this argument
ERROR: No Format provided for this argument
ERROR: No Format provided for this argument
ERROR: No Format provided for this argument
ERROR: No Format provided for this argument
ERROR: No Format provided for this argument
ERROR: No Format provided for this argument
ERROR: No Format provided for this argument
ERROR: No Format provided for this argument
ERROR: No Format provided for this argument
ERROR: No Format provided for this argument
ERROR: No Format provided for this argument
ERROR: No Format provided for this argument
ERROR: No Format provided for this argument
ERROR: No Format provided for this argument
ERROR: No Format provided for this argument
ERROR: No Format provided for this argument
ERROR: No Format provided for this argument
ERROR: No Format provided for this argument
ERROR: No Format provided for this argument
ERROR: No Format provided for this argument
ERROR: No Format provided for this argument
ERROR: No Format provided for this argument
ERROR: No Format provided for this argument
ERROR: No Format provided for this argument
ERROR: No Format provided for this argument
ERROR: No Format provided for this argument
ERROR: No Format provided for this argument
ERROR: No Format provided for this argument
ERROR: No Format provided for this argument
ERROR: No Format provided for this argument
ERROR: No Format provided for this argument
ERROR: No Format provided for this argument
ERROR: No Format provided for this argument
ERROR: No Format provided for this argument
ERROR: No Format provided for this argument
ERROR: No Format provided for this argument
ERROR: No Format provided for this argument
ERROR: No Format provided for this argument
ERROR: No Format provided for this argument
ERROR: No Format provided for this argument
ERROR: No Format provided for this argument
ERROR: No Format provided for this argument
ERROR: No Format provided for this argument
ERROR: No Format provided for this argument
ERROR: No Format provided for this argument
ERROR: No Format provided for this argument
ERROR: No Format provided for this argument
ERROR: No Format provided for this argument
ERROR: No Format provided for this argument
ERROR: No Format provided for this argument
ERROR: No Format provided for this argument
ERROR: No Format provided for this argument
ERROR: No Format provided for this argument
ERROR: No Format provided for this argument
ERROR: No Format provided for this argument
ERROR: No Format provided for this argument
ERROR: No Format provided for this argument
ERROR: No Format provided for this argument
ERROR: No Format provided for this argument
ERROR: No Format provided for this argument
ERROR: No Format provided for this argument
ERROR: No Format provided for this argument
ERROR: No Format provided for this argument
ERROR: No Format provided for this argument
ERROR: No Format provided for this argument
ERROR: No Format provided for this argument
ERROR: No Format provided for this argument
ERROR: No Format provided for this argument
ERROR: No Format provided for this argument
ERROR: No Format provided for this argument
ERROR: No Format provided for this argument
ERROR: No Format provided for this argument
ERROR: No Format provided for this argument
ERROR: No Format provided for this argument
ERROR: No Format provided for this argument
ERROR: No Format provided for this argument
ERROR: No Format provided for this argument
ERROR: No Format provided for this argument
ERROR: No Format provided for this argument
ERROR: No Format provided for this argument
ERROR: No Format provided for this argument
ERROR: No Format provided for this argument
ERROR: No Format provided for this argument
ERROR: No Format provided for this argument
ERROR: No Format provided for this argument
ERROR: No Format provided for this argument
ERROR: No Format provided for this argument
ERROR: No Format provided for this argument
ERROR: No Format provided for this argument
ERROR: No Format provided for this argument
ERROR: No Format provided for this argument
ERROR: No Format provided for this argument
ERROR: No Format provided for this argument
ERROR: No Format provided for this argument
ERROR: No Format provided for this argument
ERROR: No Format provided for this argument
ERROR: No Format provided for this argument
ERROR: No Format provided for this argument
ERROR: No Format provided for this argument
ERROR: No Format provided for this argument
ERROR: No Format provided for this argument
ERROR: No Format provided for this argument
ERROR: No Format provided for this argument
ERROR: No Format provided for this argument
ERROR: No Format provided for this argument
ERROR: No Format provided for this argument
ERROR: No Format provided for this argument
ERROR: No Format provided for this argument
ERROR: No Format provided for this argument
ERROR: No Format provided for this argument
ERROR: No Format provided for this argument
ERROR: No Format provided for this argument
ERROR: No Format provided for this argument
ERROR: No Format provided for this argument
ERROR: No Format provided for this argument
ERROR: No Format provided for this argument
ERROR: No Format provided for this argument
ERROR: No Format provided for this argument
ERROR: No Format provided for this argument
ERROR: No Format provided for this argument
ERROR: No Format provided for this argument
ERROR: No Format provided for this argument
ERROR: No Format provided for this argument
ERROR: No Format provided for this argument
ERROR: No Format provided for this argument
ERROR: No Format provided for this argument
ERROR: No Format provided for this argument
ERROR: No Format provided for this argument
ERROR: No Format provided for this argument
ERROR: No Format provided for this argument
ERROR: No Format provided for this argument
ERROR: No Format provided for this argument
ERROR: No Format provided for this argument
ERROR: No Format provided for this argument
ERROR: No Format provided for this argument
ERROR: No Format provided for this argument
ERROR: No Format provided for this argument
ERROR: No Format provided for this argument
ERROR: No Format provided for this argument
ERROR: No Format provided for this argument
ERROR: No Format provided for this argument
ERROR: No Format provided for this argument
ERROR: No Format provided for this argument
ERROR: No Format provided for this argument
ERROR: No Format provided for this argument
ERROR: No Format provided for this argument
ERROR: No Format provided for this argument
ERROR: No Format provided for this argument
ERROR: No Format provided for this argument
ERROR: No Format provided for this argument
ERROR: No Format provided for this argument
ERROR: No Format provided for this argument
ERROR: No Format provided for this argument
ERROR: No Format provided for this argument
ERROR: No Format provided for this argument
ERROR: No Format provided for this argument
ERROR: No Format provided for this argument
ERROR: No Format provided for this argument
ERROR: No Format provided for this argument
ERROR: No Format provided for this argument
ERROR: No Format provided for this argument
ERROR: No Format provided for this argument
ERROR: No Format provided for this argument
ERROR: No Format provided for this argument
ERROR: No Format provided for this argument
ERROR: No Format provided for this argument
ERROR: No Format provided for this argument
ERROR: No Format provided for this argument
ERROR: No Format provided for this argument
ERROR: No Format provided for this argument
ERROR: No Format provided for this argument
ERROR: No Format provided for this argument
ERROR: No Format provided for this argument
ERROR: No Format provided for this argument
ERROR: No Format provided for this argument
ERROR: No Format provided for this argument
ERROR: No Format provided for this argument
ERROR: No Format provided for this argument
ERROR: No Format provided for this argument
ERROR: No Format provided for this argument
ERROR: No Format provided for this argument
ERROR: No Format provided for this argument
ERROR: No Format provided for this argument
ERROR: No Format provided for this argument
ERROR: No Format provided for this argument
ERROR: No Format provided for this argument
ERROR: No Format provided for this argument
ERROR: No Format provided for this argument
ERROR: No Format provided for this argument
ERROR: No Format provided for this argument
ERROR: No Format provided for this argument
ERROR: No Format provided for this argument
ERROR: No Format provided for this argument
ERROR: No Format provided for this argument
ERROR: No Format provided for this argument
ERROR: No Format provided for this argument
ERROR: No Format provided for this argument
ERROR: No Format provided for this argument
ERROR: No Format provided for this argument
ERROR: No Format provided for this argument
ERROR: No Format provided for this argument
ERROR: No Format provided for this argument
ERROR: No Format provided for this argument
ERROR: No Format provided for this argument
ERROR: No Format provided for this argument
ERROR: No Format provided for this argument
ERROR: No Format provided for this argument
ERROR: No Format provided for this argument
ERROR: No Format provided for this argument
ERROR: No Format provided for this argument
ERROR: No Format provided for this argument
ERROR: No Format provided for this argument
ERROR: No Format provided for this argument
ERROR: No Format provided for this argument
ERROR: No Format provided for this argument
ERROR: No Format provided for this argument
ERROR: No Format provided for this argument
ERROR: No Format provided for this argument
ERROR: No Format provided for this argument
ERROR: No Format provided for this argument
ERROR: No Format provided for this argument
ERROR: No Format provided for this argument
ERROR: No Format provided for this argument
ERROR: No Format provided for this argument
ERROR: No Format provided for this argument
ERROR: No Format provided for this argument
ERROR: No Format provided for this argument
ERROR: No Format provided for this argument
ERROR: No Format provided for this argument
ERROR: No Format provided for this argument
ERROR: No Format provided for this argument
ERROR: No Format provided for this argument
ERROR: No Format provided for this argument
ERROR: No Format provided for this argument
ERROR: No Format provided for this argument
ERROR: No Format provided for this argument
ERROR: No Format provided for this argument
ERROR: No Format provided for this argument
ERROR: No Format provided for this argument
ERROR: No Format provided for this argument
ERROR: No Format provided for this argument
ERROR: No Format provided for this argument
ERROR: No Format provided for this argument
ERROR: No Format provided for this argument
ERROR: No Format provided for this argument
ERROR: No Format provided for this argument
ERROR: No Format provided for this argument
ERROR: No Format provided for this argument
ERROR: No Format provided for this argument
ERROR: No Format provided for this argument
ERROR: No Format provided for this argument
ERROR: No Format provided for this argument
ERROR: No Format provided for this argument
ERROR: No Format provided for this argument
ERROR: No Format provided for this argument
ERROR: No Format provided for this argument
ERROR: No Format provided for this argument
ERROR: No Format provided for this argument
ERROR: No Format provided for this argument
ERROR: No Format provided for this argument
ERROR: No Format provided for this argument
ERROR: No Format provided for this argument
ERROR: No Format provided for this argument
ERROR: No Format provided for this argument
ERROR: No Format provided for this argument
ERROR: No Format provided for this argument
ERROR: No Format provided for this argument
ERROR: No Format provided for this argument
ERROR: No Format provided for this argument
ERROR: No Format provided for this argument
ERROR: No Format provided for this argument
ERROR: No Format provided for this argument
ERROR: No Format provided for this argument
ERROR: No Format provided for this argument
ERROR: No Format provided for this argument
ERROR: No Format provided for this argument
ERROR: No Format provided for this argument
ERROR: No Format provided for this argument
ERROR: No Format provided for this argument
ERROR: No Format provided for this argument
ERROR: No Format provided for this argument
ERROR: No Format provided for this argument
ERROR: No Format provided for this argument
ERROR: No Format provided for this argument
ERROR: No Format provided for this argument
ERROR: No Format provided for this argument
ERROR: No Format provided for this argument
ERROR: No Format provided for this argument
ERROR: No Format provided for this argument
ERROR: No Format provided for this argument
ERROR: No Format provided for this argument
ERROR: No Format provided for this argument
ERROR: No Format provided for this argument
ERROR: No Format provided for this argument
ERROR: No Format provided for this argument
ERROR: No Format provided for this argument
ERROR: No Format provided for this argument
ERROR: No Format provided for this argument
ERROR: No Format provided for this argument
ERROR: No Format provided for this argument
ERROR: No Format provided for this argument
ERROR: No Format provided for this argument
ERROR: No Format provided for this argument
ERROR: No Format provided for this argument
ERROR: No Format provided for this argument
ERROR: No Format provided for this argument
ERROR: No Format provided for this argument
ERROR: No Format provided for this argument
ERROR: No Format provided for this argument
ERROR: No Format provided for this argument
ERROR: No Format provided for this argument
ERROR: No Format provided for this argument
ERROR: No Format provided for this argument
ERROR: No Format provided for this argument
ERROR: No Format provided for this argument
ERROR: No Format provided for this argument
ERROR: No Format provided for this argument
ERROR: No Format provided for this argument
ERROR: No Format provided for this argument
ERROR: No Format provided for this argument
ERROR: No Format provided for this argument
ERROR: No Format provided for this argument
ERROR: No Format provided for this argument
ERROR: No Format provided for this argument
ERROR: No Format provided for this argument
ERROR: No Format provided for this argument
ERROR: No Format provided for this argument
ERROR: No Format provided for this argument
ERROR: No Format provided for this argument
ERROR: No Format provided for this argument
ERROR: No Format provided for this argument
ERROR: No Format provided for this argument
ERROR: No Format provided for this argument
ERROR: No Format provided for this argument
ERROR: No Format provided for this argument
ERROR: No Format provided for this argument
ERROR: No Format provided for this argument
ERROR: No Format provided for this argument
ERROR: No Format provided for this argument
ERROR: No Format provided for this argument
ERROR: No Format provided for this argument
ERROR: No Format provided for this argument
ERROR: No Format provided for this argument
ERROR: No Format provided for this argument
ERROR: No Format provided for this argument
ERROR: No Format provided for this argument
ERROR: No Format provided for this argument
ERROR: No Format provided for this argument
ERROR: No Format provided for this argument
ERROR: No Format provided for this argument
ERROR: No Format provided for this argument
ERROR: No Format provided for this argument
ERROR: No Format provided for this argument
ERROR: No Format provided for this argument
ERROR: No Format provided for this argument
ERROR: No Format provided for this argument
ERROR: No Format provided for this argument
ERROR: No Format provided for this argument
ERROR: No Format provided for this argument
ERROR: No Format provided for this argument
ERROR: No Format provided for this argument
ERROR: No Format provided for this argument
ERROR: No Format provided for this argument
ERROR: No Format provided for this argument
ERROR: No Format provided for this argument
ERROR: No Format provided for this argument
ERROR: No Format provided for this argument
ERROR: No Format provided for this argument
ERROR: No Format provided for this argument
ERROR: No Format provided for this argument
ERROR: No Format provided for this argument
ERROR: No Format provided for this argument
ERROR: No Format provided for this argument
ERROR: No Format provided for this argument
ERROR: No Format provided for this argument
ERROR: No Format provided for this argument
ERROR: No Format provided for this argument
ERROR: No Format provided for this argument
ERROR: No Format provided for this argument
ERROR: No Format provided for this argument
ERROR: No Format provided for this argument
ERROR: No Format provided for this argument
ERROR: No Format provided for this argument
ERROR: No Format provided for this argument
ERROR: No Format provided for this argument
ERROR: No Format provided for this argument
ERROR: No Format provided for this argument
ERROR: No Format provided for this argument
ERROR: No Format provided for this argument
ERROR: No Format provided for this argument
ERROR: No Format provided for this argument
ERROR: No Format provided for this argument
ERROR: No Format provided for this argument
ERROR: No Format provided for this argument
ERROR: No Format provided for this argument
ERROR: No Format provided for this argument
ERROR: No Format provided for this argument
ERROR: No Format provided for this argument
ERROR: No Format provided for this argument
ERROR: No Format provided for this argument
ERROR: No Format provided for this argument
ERROR: No Format provided for this argument
ERROR: No Format provided for this argument
ERROR: No Format provided for this argument
ERROR: No Format provided for this argument
ERROR: No Format provided for this argument
ERROR: No Format provided for this argument
ERROR: No Format provided for this argument
ERROR: No Format provided for this argument
ERROR: No Format provided for this argument
ERROR: No Format provided for this argument
ERROR: No Format provided for this argument
ERROR: No Format provided for this argument
ERROR: No Format provided for this argument
ERROR: No Format provided for this argument
ERROR: No Format provided for this argument
ERROR: No Format provided for this argument
ERROR: No Format provided for this argument
ERROR: No Format provided for this argument
ERROR: No Format provided for this argument
ERROR: No Format provided for this argument
ERROR: No Format provided for this argument
ERROR: No Format provided for this argument
ERROR: No Format provided for this argument
ERROR: No Format provided for this argument
ERROR: No Format provided for this argument
ERROR: No Format provided for this argument
ERROR: No Format provided for this argument
ERROR: No Format provided for this argument
ERROR: No Format provided for this argument
ERROR: No Format provided for this argument
ERROR: No Format provided for this argument
ERROR: No Format provided for this argument
ERROR: No Format provided for this argument
ERROR: No Format provided for this argument
ERROR: No Format provided for this argument
ERROR: No Format provided for this argument
ERROR: No Format provided for this argument
ERROR: No Format provided for this argument
ERROR: No Format provided for this argument
ERROR: No Format provided for this argument
ERROR: No Format provided for this argument
ERROR: No Format provided for this argument
ERROR: No Format provided for this argument
ERROR: No Format provided for this argument
ERROR: No Format provided for this argument
ERROR: No Format provided for this argument
ERROR: No Format provided for this argument
ERROR: No Format provided for this argument
ERROR: No Format provided for this argument
ERROR: No Format provided for this argument
ERROR: No Format provided for this argument
ERROR: No Format provided for this argument
ERROR: No Format provided for this argument
ERROR: No Format provided for this argument
ERROR: No Format provided for this argument
ERROR: No Format provided for this argument
ERROR: No Format provided for this argument
ERROR: No Format provided for this argument
ERROR: No Format provided for this argument
ERROR: No Format provided for this argument
ERROR: No Format provided for this argument
ERROR: No Format provided for this argument
ERROR: No Format provided for this argument
ERROR: No Format provided for this argument
ERROR: No Format provided for this argument
ERROR: No Format provided for this argument
ERROR: No Format provided for this argument
ERROR: No Format provided for this argument
ERROR: No Format provided for this argument
ERROR: No Format provided for this argument
ERROR: No Format provided for this argument
ERROR: No Format provided for this argument
ERROR: No Format provided for this argument
ERROR: No Format provided for this argument
ERROR: No Format provided for this argument
ERROR: No Format provided for this argument
ERROR: No Format provided for this argument
ERROR: No Format provided for this argument
ERROR: No Format provided for this argument
ERROR: No Format provided for this argument
ERROR: No Format provided for this argument
ERROR: No Format provided for this argument
ERROR: No Format provided for this argument
ERROR: No Format provided for this argument
ERROR: No Format provided for this argument
ERROR: No Format provided for this argument
ERROR: No Format provided for this argument
ERROR: No Format provided for this argument
ERROR: No Format provided for this argument
ERROR: No Format provided for this argument
ERROR: No Format provided for this argument
ERROR: No Format provided for this argument
ERROR: No Format provided for this argument
ERROR: No Format provided for this argument
ERROR: No Format provided for this argument
ERROR: No Format provided for this argument
ERROR: No Format provided for this argument
ERROR: No Format provided for this argument
ERROR: No Format provided for this argument
ERROR: No Format provided for this argument
ERROR: No Format provided for this argument
ERROR: No Format provided for this argument
ERROR: No Format provided for this argument
ERROR: No Format provided for this argument
ERROR: No Format provided for this argument
ERROR: No Format provided for this argument
ERROR: No Format provided for this argument
ERROR: No Format provided for this argument
ERROR: No Format provided for this argument
ERROR: No Format provided for this argument
ERROR: No Format provided for this argument
ERROR: No Format provided for this argument
ERROR: No Format provided for this argument
ERROR: No Format provided for this argument
ERROR: No Format provided for this argument
ERROR: No Format provided for this argument
ERROR: No Format provided for this argument
ERROR: No Format provided for this argument
ERROR: No Format provided for this argument
ERROR: No Format provided for this argument
ERROR: No Format provided for this argument
ERROR: No Format provided for this argument
ERROR: No Format provided for this argument
ERROR: No Format provided for this argument
ERROR: No Format provided for this argument
ERROR: No Format provided for this argument
ERROR: No Format provided for this argument
ERROR: No Format provided for this argument
ERROR: No Format provided for this argument
ERROR: No Format provided for this argument
ERROR: No Format provided for this argument
ERROR: No Format provided for this argument
ERROR: No Format provided for this argument
ERROR: No Format provided for this argument
ERROR: No Format provided for this argument
ERROR: No Format provided for this argument
ERROR: No Format provided for this argument
ERROR: No Format provided for this argument
ERROR: No Format provided for this argument
ERROR: No Format provided for this argument
ERROR: No Format provided for this argument
ERROR: No Format provided for this argument
ERROR: No Format provided for this argument
ERROR: No Format provided for this argument
ERROR: No Format provided for this argument
ERROR: No Format provided for this argument
ERROR: No Format provided for this argument
ERROR: No Format provided for this argument
ERROR: No Format provided for this argument
ERROR: No Format provided for this argument
ERROR: No Format provided for this argument
ERROR: No Format provided for this argument
ERROR: No Format provided for this argument
ERROR: No Format provided for this argument
ERROR: No Format provided for this argument
ERROR: No Format provided for this argument
ERROR: No Format provided for this argument
ERROR: No Format provided for this argument
ERROR: No Format provided for this argument
ERROR: No Format provided for this argument
ERROR: No Format provided for this argument
ERROR: No Format provided for this argument
ERROR: No Format provided for this argument
ERROR: No Format provided for this argument
ERROR: No Format provided for this argument
ERROR: No Format provided for this argument
ERROR: No Format provided for this argument
ERROR: No Format provided for this argument
ERROR: No Format provided for this argument
ERROR: No Format provided for this argument
ERROR: No Format provided for this argument
ERROR: No Format provided for this argument
ERROR: No Format provided for this argument
ERROR: No Format provided for this argument
ERROR: No Format provided for this argument
ERROR: No Format provided for this argument
ERROR: No Format provided for this argument
ERROR: No Format provided for this argument
ERROR: No Format provided for this argument
ERROR: No Format provided for this argument
ERROR: No Format provided for this argument
ERROR: No Format provided for this argument
ERROR: No Format provided for this argument
ERROR: No Format provided for this argument
ERROR: No Format provided for this argument
ERROR: No Format provided for this argument
ERROR: No Format provided for this argument
ERROR: No Format provided for this argument
ERROR: No Format provided for this argument
ERROR: No Format provided for this argument
ERROR: No Format provided for this argument
ERROR: No Format provided for this argument
ERROR: No Format provided for this argument
ERROR: No Format provided for this argument
ERROR: No Format provided for this argument
ERROR: No Format provided for this argument
ERROR: No Format provided for this argument
ERROR: No Format provided for this argument
ERROR: No Format provided for this argument
ERROR: No Format provided for this argument
ERROR: No Format provided for this argument
ERROR: No Format provided for this argument
ERROR: No Format provided for this argument
ERROR: No Format provided for this argument
ERROR: No Format provided for this argument
ERROR: No Format provided for this argument
ERROR: No Format provided for this argument
ERROR: No Format provided for this argument
ERROR: No Format provided for this argument
ERROR: No Format provided for this argument
ERROR: No Format provided for this argument
ERROR: No Format provided for this argument
ERROR: No Format provided for this argument
ERROR: No Format provided for this argument
ERROR: No Format provided for this argument
ERROR: No Format provided for this argument
ERROR: No Format provided for this argument
ERROR: No Format provided for this argument
ERROR: No Format provided for this argument
ERROR: No Format provided for this argument
ERROR: No Format provided for this argument
ERROR: No Format provided for this argument
ERROR: No Format provided for this argument
ERROR: No Format provided for this argument
ERROR: No Format provided for this argument
ERROR: No Format provided for this argument
ERROR: No Format provided for this argument
ERROR: No Format provided for this argument
ERROR: No Format provided for this argument
ERROR: No Format provided for this argument
ERROR: No Format provided for this argument
ERROR: No Format provided for this argument
ERROR: No Format provided for this argument
ERROR: No Format provided for this argument
ERROR: No Format provided for this argument
ERROR: No Format provided for this argument
ERROR: No Format provided for this argument
ERROR: No Format provided for this argument
ERROR: No Format provided for this argument
ERROR: No Format provided for this argument
ERROR: No Format provided for this argument
ERROR: No Format provided for this argument
ERROR: No Format provided for this argument
ERROR: No Format provided for this argument
ERROR: No Format provided for this argument
ERROR: No Format provided for this argument
ERROR: No Format provided for this argument
ERROR: No Format provided for this argument
ERROR: No Format provided for this argument
ERROR: No Format provided for this argument
ERROR: No Format provided for this argument
ERROR: No Format provided for this argument
ERROR: No Format provided for this argument
ERROR: No Format provided for this argument
ERROR: No Format provided for this argument
ERROR: No Format provided for this argument
ERROR: No Format provided for this argument
ERROR: No Format provided for this argument
ERROR: No Format provided for this argument
ERROR: No Format provided for this argument
ERROR: No Format provided for this argument
ERROR: No Format provided for this argument
ERROR: No Format provided for this argument
ERROR: No Format provided for this argument
ERROR: No Format provided for this argument
ERROR: No Format provided for this argument
ERROR: No Format provided for this argument
ERROR: No Format provided for this argument
ERROR: No Format provided for this argument
ERROR: No Format provided for this argument
ERROR: No Format provided for this argument
ERROR: No Format provided for this argument
ERROR: No Format provided for this argument
ERROR: No Format provided for this argument
ERROR: No Format provided for this argument
ERROR: No Format provided for this argument
ERROR: No Format provided for this argument
ERROR: No Format provided for this argument
ERROR: No Format provided for this argument
ERROR: No Format provided for this argument
ERROR: No Format provided for this argument
ERROR: No Format provided for this argument
ERROR: No Format provided for this argument
ERROR: No Format provided for this argument
ERROR: No Format provided for this argument
ERROR: No Format provided for this argument
ERROR: No Format provided for this argument
ERROR: No Format provided for this argument
ERROR: No Format provided for this argument
ERROR: No Format provided for this argument
ERROR: No Format provided for this argument
ERROR: No Format provided for this argument
ERROR: No Format provided for this argument
ERROR: No Format provided for this argument
ERROR: No Format provided for this argument
ERROR: No Format provided for this argument
ERROR: No Format provided for this argument
ERROR: No Format provided for this argument
ERROR: No Format provided for this argument
ERROR: No Format provided for this argument
ERROR: No Format provided for this argument
ERROR: No Format provided for this argument
ERROR: No Format provided for this argument
ERROR: No Format provided for this argument
ERROR: No Format provided for this argument
ERROR: No Format provided for this argument
ERROR: No Format provided for this argument
ERROR: No Format provided for this argument
ERROR: No Format provided for this argument
ERROR: No Format provided for this argument
ERROR: No Format provided for this argument
ERROR: No Format provided for this argument
ERROR: No Format provided for this argument
ERROR: No Format provided for this argument
ERROR: No Format provided for this argument
ERROR: No Format provided for this argument
ERROR: No Format provided for this argument
ERROR: No Format provided for this argument
ERROR: No Format provided for this argument
ERROR: No Format provided for this argument
ERROR: No Format provided for this argument
ERROR: No Format provided for this argument
ERROR: No Format provided for this argument
ERROR: No Format provided for this argument
ERROR: No Format provided for this argument
ERROR: No Format provided for this argument
ERROR: No Format provided for this argument
ERROR: No Format provided for this argument
ERROR: No Format provided for this argument
ERROR: No Format provided for this argument
ERROR: No Format provided for this argument
ERROR: No Format provided for this argument
ERROR: No Format provided for this argument
ERROR: No Format provided for this argument
ERROR: No Format provided for this argument
ERROR: No Format provided for this argument
ERROR: No Format provided for this argument
ERROR: No Format provided for this argument
ERROR: No Format provided for this argument
ERROR: No Format provided for this argument
ERROR: No Format provided for this argument
ERROR: No Format provided for this argument
ERROR: No Format provided for this argument
ERROR: No Format provided for this argument
ERROR: No Format provided for this argument
ERROR: No Format provided for this argument
ERROR: No Format provided for this argument
ERROR: No Format provided for this argument
ERROR: No Format provided for this argument
ERROR: No Format provided for this argument
ERROR: No Format provided for this argument
ERROR: No Format provided for this argument
ERROR: No Format provided for this argument
ERROR: No Format provided for this argument
ERROR: No Format provided for this argument
ERROR: No Format provided for this argument
ERROR: No Format provided for this argument
ERROR: No Format provided for this argument
ERROR: No Format provided for this argument
ERROR: No Format provided for this argument
ERROR: No Format provided for this argument
ERROR: No Format provided for this argument
ERROR: No Format provided for this argument
ERROR: No Format provided for this argument
ERROR: No Format provided for this argument
ERROR: No Format provided for this argument
ERROR: No Format provided for this argument
ERROR: No Format provided for this argument
ERROR: No Format provided for this argument
ERROR: No Format provided for this argument
ERROR: No Format provided for this argument
ERROR: No Format provided for this argument
ERROR: No Format provided for this argument
ERROR: No Format provided for this argument
ERROR: No Format provided for this argument
ERROR: No Format provided for this argument
ERROR: No Format provided for this argument
ERROR: No Format provided for this argument
ERROR: No Format provided for this argument
ERROR: No Format provided for this argument
ERROR: No Format provided for this argument
ERROR: No Format provided for this argument
ERROR: No Format provided for this argument
ERROR: No Format provided for this argument
ERROR: No Format provided for this argument
ERROR: No Format provided for this argument
ERROR: No Format provided for this argument
ERROR: No Format provided for this argument
ERROR: No Format provided for this argument
ERROR: No Format provided for this argument
ERROR: No Format provided for this argument
ERROR: No Format provided for this argument
ERROR: No Format provided for this argument
ERROR: No Format provided for this argument
ERROR: No Format provided for this argument
ERROR: No Format provided for this argument
ERROR: No Format provided for this argument
ERROR: No Format provided for this argument
ERROR: No Format provided for this argument
ERROR: No Format provided for this argument
ERROR: No Format provided for this argument
ERROR: No Format provided for this argument
ERROR: No Format provided for this argument
ERROR: No Format provided for this argument
ERROR: No Format provided for this argument
ERROR: No Format provided for this argument
ERROR: No Format provided for this argument
ERROR: No Format provided for this argument
ERROR: No Format provided for this argument
ERROR: No Format provided for this argument
ERROR: No Format provided for this argument
ERROR: No Format provided for this argument
ERROR: No Format provided for this argument
ERROR: No Format provided for this argument
ERROR: No Format provided for this argument
ERROR: No Format provided for this argument
ERROR: No Format provided for this argument
ERROR: No Format provided for this argument
ERROR: No Format provided for this argument
ERROR: No Format provided for this argument
ERROR: No Format provided for this argument
ERROR: No Format provided for this argument
ERROR: No Format provided for this argument
ERROR: No Format provided for this argument
ERROR: No Format provided for this argument
ERROR: No Format provided for this argument
ERROR: No Format provided for this argument
ERROR: No Format provided for this argument
ERROR: No Format provided for this argument
ERROR: No Format provided for this argument
ERROR: No Format provided for this argument
ERROR: No Format provided for this argument
ERROR: No Format provided for this argument
ERROR: No Format provided for this argument
ERROR: No Format provided for this argument
ERROR: No Format provided for this argument
ERROR: No Format provided for this argument
ERROR: No Format provided for this argument
ERROR: No Format provided for this argument
ERROR: No Format provided for this argument
ERROR: No Format provided for this argument
ERROR: No Format provided for this argument
ERROR: No Format provided for this argument
ERROR: No Format provided for this argument
ERROR: No Format provided for this argument
ERROR: No Format provided for this argument
ERROR: No Format provided for this argument
ERROR: No Format provided for this argument
ERROR: No Format provided for this argument
ERROR: No Format provided for this argument
ERROR: No Format provided for this argument
ERROR: No Format provided for this argument
ERROR: No Format provided for this argument
ERROR: No Format provided for this argument
ERROR: No Format provided for this argument
ERROR: No Format provided for this argument
ERROR: No Format provided for this argument
ERROR: No Format provided for this argument
ERROR: No Format provided for this argument
ERROR: No Format provided for this argument
ERROR: No Format provided for this argument
ERROR: No Format provided for this argument
ERROR: No Format provided for this argument
ERROR: No Format provided for this argument
ERROR: No Format provided for this argument
ERROR: No Format provided for this argument
ERROR: No Format provided for this argument
ERROR: No Format provided for this argument
ERROR: No Format provided for this argument
ERROR: No Format provided for this argument
ERROR: No Format provided for this argument
ERROR: No Format provided for this argument
ERROR: No Format provided for this argument
ERROR: No Format provided for this argument
ERROR: No Format provided for this argument
ERROR: No Format provided for this argument
ERROR: No Format provided for this argument
ERROR: No Format provided for this argument
ERROR: No Format provided for this argument
ERROR: No Format provided for this argument
ERROR: No Format provided for this argument
ERROR: No Format provided for this argument
ERROR: No Format provided for this argument
ERROR: No Format provided for this argument
ERROR: No Format provided for this argument
ERROR: No Format provided for this argument
ERROR: No Format provided for this argument
ERROR: No Format provided for this argument
ERROR: No Format provided for this argument
ERROR: No Format provided for this argument
ERROR: No Format provided for this argument
ERROR: No Format provided for this argument
ERROR: No Format provided for this argument
ERROR: No Format provided for this argument
ERROR: No Format provided for this argument
ERROR: No Format provided for this argument
ERROR: No Format provided for this argument
ERROR: No Format provided for this argument
ERROR: No Format provided for this argument
ERROR: No Format provided for this argument
ERROR: No Format provided for this argument
ERROR: No Format provided for this argument
ERROR: No Format provided for this argument
ERROR: No Format provided for this argument
ERROR: No Format provided for this argument
ERROR: No Format provided for this argument
ERROR: No Format provided for this argument
ERROR: No Format provided for this argument
ERROR: No Format provided for this argument
ERROR: No Format provided for this argument
ERROR: No Format provided for this argument
ERROR: No Format provided for this argument
ERROR: No Format provided for this argument
ERROR: No Format provided for this argument
ERROR: No Format provided for this argument
ERROR: No Format provided for this argument
ERROR: No Format provided for this argument
ERROR: No Format provided for this argument
ERROR: No Format provided for this argument
ERROR: No Format provided for this argument
ERROR: No Format provided for this argument
ERROR: No Format provided for this argument
ERROR: No Format provided for this argument
ERROR: No Format provided for this argument
ERROR: No Format provided for this argument
ERROR: No Format provided for this argument
ERROR: No Format provided for this argument
ERROR: No Format provided for this argument
ERROR: No Format provided for this argument
ERROR: No Format provided for this argument
ERROR: No Format provided for this argument
ERROR: No Format provided for this argument
ERROR: No Format provided for this argument
ERROR: No Format provided for this argument
ERROR: No Format provided for this argument
ERROR: No Format provided for this argument
ERROR: No Format provided for this argument
ERROR: No Format provided for this argument
ERROR: No Format provided for this argument
ERROR: No Format provided for this argument
ERROR: No Format provided for this argument
ERROR: No Format provided for this argument
ERROR: No Format provided for this argument
ERROR: No Format provided for this argument
ERROR: No Format provided for this argument
ERROR: No Format provided for this argument
ERROR: No Format provided for this argument
ERROR: No Format provided for this argument
ERROR: No Format provided for this argument
ERROR: No Format provided for this argument
ERROR: No Format provided for this argument
ERROR: No Format provided for this argument
ERROR: No Format provided for this argument
ERROR: No Format provided for this argument
ERROR: No Format provided for this argument
ERROR: No Format provided for this argument
ERROR: No Format provided for this argument
ERROR: No Format provided for this argument
ERROR: No Format provided for this argument
ERROR: No Format provided for this argument
ERROR: No Format provided for this argument
ERROR: No Format provided for this argument
ERROR: No Format provided for this argument
PC reached PC_GOAL: 80001004
Num of I$ misses:         50
Num of D$ load misses:        112
Num of D$ store misses:        111
Num of memory dependency prediction misses:          0
Num of store-load-forwarding misses:          0
Num of branch prediction misses:          5
Num of branch prediction misses detected on decode:         11
Num of committed RISC-V-ops:        4685
Num of committed micro-ops:        4685
IPC (RISC-V instruction): 1.105996
IPC (micro-op): 1.105996
Elapsed cycles:        4236
$finish called at time : 227950 ns : File "/home/jrmerkel/Documents/School/581/proj/rsd/Processor/Src/Verification/TestMain.sv" Line 330
run: Time (s): cpu = 00:00:00.03 ; elapsed = 00:00:07 . Memory (MB): peak = 2105.867 ; gain = 0.000 ; free physical = 807 ; free virtual = 11302
exit
INFO: [Common 17-206] Exiting xsim at Wed Dec  8 22:24:43 2021...
