INFO: [VRFC 10-2263] Analyzing SystemVerilog file "/home/jrmerkel/Documents/School/581/proj/rsd/Processor/Src/MicroArchConf.sv" into library work
INFO: [VRFC 10-2263] Analyzing SystemVerilog file "/home/jrmerkel/Documents/School/581/proj/rsd/Processor/Src/BasicTypes.sv" into library work
INFO: [VRFC 10-2263] Analyzing SystemVerilog file "/home/jrmerkel/Documents/School/581/proj/rsd/Processor/Src/Memory/MemoryMapTypes.sv" into library work
INFO: [VRFC 10-2263] Analyzing SystemVerilog file "/home/jrmerkel/Documents/School/581/proj/rsd/Processor/Src/Cache/CacheSystemTypes.sv" into library work
INFO: [VRFC 10-2263] Analyzing SystemVerilog file "/home/jrmerkel/Documents/School/581/proj/rsd/Processor/Src/Memory/MemoryTypes.sv" into library work
INFO: [VRFC 10-2263] Analyzing SystemVerilog file "/home/jrmerkel/Documents/School/581/proj/rsd/Processor/Src/Decoder/OpFormat.sv" into library work
INFO: [VRFC 10-2263] Analyzing SystemVerilog file "/home/jrmerkel/Documents/School/581/proj/rsd/Processor/Src/Decoder/MicroOp.sv" into library work
INFO: [VRFC 10-2263] Analyzing SystemVerilog file "/home/jrmerkel/Documents/School/581/proj/rsd/Processor/Src/RegisterFile/BypassTypes.sv" into library work
INFO: [VRFC 10-2263] Analyzing SystemVerilog file "/home/jrmerkel/Documents/School/581/proj/rsd/Processor/Src/FetchUnit/FetchUnitTypes.sv" into library work
INFO: [VRFC 10-2263] Analyzing SystemVerilog file "/home/jrmerkel/Documents/School/581/proj/rsd/Processor/Src/LoadStoreUnit/LoadStoreUnitTypes.sv" into library work
INFO: [VRFC 10-2263] Analyzing SystemVerilog file "/home/jrmerkel/Documents/School/581/proj/rsd/Processor/Src/RenameLogic/RenameLogicTypes.sv" into library work
INFO: [VRFC 10-2263] Analyzing SystemVerilog file "/home/jrmerkel/Documents/School/581/proj/rsd/Processor/Src/Scheduler/SchedulerTypes.sv" into library work
INFO: [VRFC 10-2263] Analyzing SystemVerilog file "/home/jrmerkel/Documents/School/581/proj/rsd/Processor/Src/Pipeline/PipelineTypes.sv" into library work
INFO: [VRFC 10-2263] Analyzing SystemVerilog file "/home/jrmerkel/Documents/School/581/proj/rsd/Processor/Src/IO/IO_UnitTypes.sv" into library work
INFO: [VRFC 10-2263] Analyzing SystemVerilog file "/home/jrmerkel/Documents/School/581/proj/rsd/Processor/Src/Privileged/CSR_UnitTypes.sv" into library work
INFO: [VRFC 10-2263] Analyzing SystemVerilog file "/home/jrmerkel/Documents/School/581/proj/rsd/Processor/Src/Debug/DebugTypes.sv" into library work
INFO: [VRFC 10-2263] Analyzing SystemVerilog file "/home/jrmerkel/Documents/School/581/proj/rsd/Processor/Src/Verification/Dumper.sv" into library work
INFO: [VRFC 10-2263] Analyzing SystemVerilog file "/home/jrmerkel/Documents/School/581/proj/rsd/Processor/Src/Main_Zynq_Wrapper.sv" into library work
INFO: [VRFC 10-311] analyzing module Main_Zynq_Wrapper
INFO: [VRFC 10-2263] Analyzing SystemVerilog file "/home/jrmerkel/Documents/School/581/proj/rsd/Processor/Src/Main_Zynq.sv" into library work
INFO: [VRFC 10-311] analyzing module Main_Zynq
INFO: [VRFC 10-2263] Analyzing SystemVerilog file "/home/jrmerkel/Documents/School/581/proj/rsd/Processor/Src/Core.sv" into library work
INFO: [VRFC 10-311] analyzing module Core
INFO: [VRFC 10-2263] Analyzing SystemVerilog file "/home/jrmerkel/Documents/School/581/proj/rsd/Processor/Src/Pipeline/FetchStage/NextPCStage.sv" into library work
INFO: [VRFC 10-311] analyzing module NextPCStage
INFO: [VRFC 10-2263] Analyzing SystemVerilog file "/home/jrmerkel/Documents/School/581/proj/rsd/Processor/Src/Pipeline/FetchStage/NextPCStageIF.sv" into library work
INFO: [VRFC 10-2263] Analyzing SystemVerilog file "/home/jrmerkel/Documents/School/581/proj/rsd/Processor/Src/Pipeline/FetchStage/FetchStage.sv" into library work
INFO: [VRFC 10-311] analyzing module FetchStage
INFO: [VRFC 10-2263] Analyzing SystemVerilog file "/home/jrmerkel/Documents/School/581/proj/rsd/Processor/Src/Pipeline/FetchStage/FetchStageIF.sv" into library work
INFO: [VRFC 10-2263] Analyzing SystemVerilog file "/home/jrmerkel/Documents/School/581/proj/rsd/Processor/Src/Pipeline/FetchStage/PC.sv" into library work
INFO: [VRFC 10-311] analyzing module PC
INFO: [VRFC 10-2263] Analyzing SystemVerilog file "/home/jrmerkel/Documents/School/581/proj/rsd/Processor/Src/Pipeline/PreDecodeStage.sv" into library work
INFO: [VRFC 10-311] analyzing module PreDecodeStage
INFO: [VRFC 10-2263] Analyzing SystemVerilog file "/home/jrmerkel/Documents/School/581/proj/rsd/Processor/Src/Pipeline/PreDecodeStageIF.sv" into library work
INFO: [VRFC 10-2263] Analyzing SystemVerilog file "/home/jrmerkel/Documents/School/581/proj/rsd/Processor/Src/Pipeline/DecodeStage.sv" into library work
INFO: [VRFC 10-311] analyzing module MicroOpPicker
INFO: [VRFC 10-311] analyzing module DecodeStage
INFO: [VRFC 10-2263] Analyzing SystemVerilog file "/home/jrmerkel/Documents/School/581/proj/rsd/Processor/Src/Pipeline/DecodeStageIF.sv" into library work
INFO: [VRFC 10-2263] Analyzing SystemVerilog file "/home/jrmerkel/Documents/School/581/proj/rsd/Processor/Src/Pipeline/RenameStage.sv" into library work
INFO: [VRFC 10-311] analyzing module RenameStageSerializer
INFO: [VRFC 10-311] analyzing module RenameStage
INFO: [VRFC 10-2263] Analyzing SystemVerilog file "/home/jrmerkel/Documents/School/581/proj/rsd/Processor/Src/Pipeline/RenameStageIF.sv" into library work
INFO: [VRFC 10-2263] Analyzing SystemVerilog file "/home/jrmerkel/Documents/School/581/proj/rsd/Processor/Src/Pipeline/DispatchStage.sv" into library work
INFO: [VRFC 10-311] analyzing module DispatchStage
INFO: [VRFC 10-2263] Analyzing SystemVerilog file "/home/jrmerkel/Documents/School/581/proj/rsd/Processor/Src/Pipeline/DispatchStageIF.sv" into library work
INFO: [VRFC 10-2263] Analyzing SystemVerilog file "/home/jrmerkel/Documents/School/581/proj/rsd/Processor/Src/Pipeline/ScheduleStage.sv" into library work
INFO: [VRFC 10-311] analyzing module ScheduleStage
INFO: [VRFC 10-2263] Analyzing SystemVerilog file "/home/jrmerkel/Documents/School/581/proj/rsd/Processor/Src/Pipeline/ScheduleStageIF.sv" into library work
INFO: [VRFC 10-2263] Analyzing SystemVerilog file "/home/jrmerkel/Documents/School/581/proj/rsd/Processor/Src/Pipeline/IntegerBackEnd/IntegerIssueStage.sv" into library work
INFO: [VRFC 10-311] analyzing module IntegerIssueStage
INFO: [VRFC 10-2263] Analyzing SystemVerilog file "/home/jrmerkel/Documents/School/581/proj/rsd/Processor/Src/Pipeline/IntegerBackEnd/IntegerIssueStageIF.sv" into library work
INFO: [VRFC 10-2263] Analyzing SystemVerilog file "/home/jrmerkel/Documents/School/581/proj/rsd/Processor/Src/Pipeline/IntegerBackEnd/IntegerRegisterReadStage.sv" into library work
INFO: [VRFC 10-311] analyzing module IntegerRegisterReadStage
INFO: [VRFC 10-2263] Analyzing SystemVerilog file "/home/jrmerkel/Documents/School/581/proj/rsd/Processor/Src/Pipeline/IntegerBackEnd/IntegerRegisterReadStageIF.sv" into library work
INFO: [VRFC 10-2263] Analyzing SystemVerilog file "/home/jrmerkel/Documents/School/581/proj/rsd/Processor/Src/Pipeline/IntegerBackEnd/IntegerExecutionStageIF.sv" into library work
INFO: [VRFC 10-2263] Analyzing SystemVerilog file "/home/jrmerkel/Documents/School/581/proj/rsd/Processor/Src/Pipeline/IntegerBackEnd/IntegerExecutionStage.sv" into library work
INFO: [VRFC 10-311] analyzing module IntegerExecutionStage
INFO: [VRFC 10-2263] Analyzing SystemVerilog file "/home/jrmerkel/Documents/School/581/proj/rsd/Processor/Src/Pipeline/IntegerBackEnd/IntegerRegisterWriteStageIF.sv" into library work
INFO: [VRFC 10-2263] Analyzing SystemVerilog file "/home/jrmerkel/Documents/School/581/proj/rsd/Processor/Src/Pipeline/IntegerBackEnd/IntegerRegisterWriteStage.sv" into library work
INFO: [VRFC 10-311] analyzing module IntegerRegisterWriteStage
INFO: [VRFC 10-2263] Analyzing SystemVerilog file "/home/jrmerkel/Documents/School/581/proj/rsd/Processor/Src/Pipeline/ComplexIntegerBackEnd/ComplexIntegerIssueStage.sv" into library work
INFO: [VRFC 10-311] analyzing module ComplexIntegerIssueStage
INFO: [VRFC 10-2263] Analyzing SystemVerilog file "/home/jrmerkel/Documents/School/581/proj/rsd/Processor/Src/Pipeline/ComplexIntegerBackEnd/ComplexIntegerIssueStageIF.sv" into library work
INFO: [VRFC 10-2263] Analyzing SystemVerilog file "/home/jrmerkel/Documents/School/581/proj/rsd/Processor/Src/Pipeline/ComplexIntegerBackEnd/ComplexIntegerRegisterReadStage.sv" into library work
INFO: [VRFC 10-311] analyzing module ComplexIntegerRegisterReadStage
INFO: [VRFC 10-2263] Analyzing SystemVerilog file "/home/jrmerkel/Documents/School/581/proj/rsd/Processor/Src/Pipeline/ComplexIntegerBackEnd/ComplexIntegerRegisterReadStageIF.sv" into library work
INFO: [VRFC 10-2263] Analyzing SystemVerilog file "/home/jrmerkel/Documents/School/581/proj/rsd/Processor/Src/Pipeline/ComplexIntegerBackEnd/ComplexIntegerExecutionStageIF.sv" into library work
INFO: [VRFC 10-2263] Analyzing SystemVerilog file "/home/jrmerkel/Documents/School/581/proj/rsd/Processor/Src/Pipeline/ComplexIntegerBackEnd/ComplexIntegerExecutionStage.sv" into library work
INFO: [VRFC 10-311] analyzing module ComplexIntegerExecutionStage
INFO: [VRFC 10-2263] Analyzing SystemVerilog file "/home/jrmerkel/Documents/School/581/proj/rsd/Processor/Src/Pipeline/ComplexIntegerBackEnd/ComplexIntegerRegisterWriteStage.sv" into library work
INFO: [VRFC 10-311] analyzing module ComplexIntegerRegisterWriteStage
INFO: [VRFC 10-2263] Analyzing SystemVerilog file "/home/jrmerkel/Documents/School/581/proj/rsd/Processor/Src/Pipeline/MemoryBackEnd/MemoryIssueStage.sv" into library work
INFO: [VRFC 10-311] analyzing module MemoryIssueStage
INFO: [VRFC 10-2263] Analyzing SystemVerilog file "/home/jrmerkel/Documents/School/581/proj/rsd/Processor/Src/Pipeline/MemoryBackEnd/MemoryIssueStageIF.sv" into library work
INFO: [VRFC 10-2263] Analyzing SystemVerilog file "/home/jrmerkel/Documents/School/581/proj/rsd/Processor/Src/Pipeline/MemoryBackEnd/MemoryRegisterReadStage.sv" into library work
INFO: [VRFC 10-311] analyzing module MemoryRegisterReadStage
INFO: [VRFC 10-2263] Analyzing SystemVerilog file "/home/jrmerkel/Documents/School/581/proj/rsd/Processor/Src/Pipeline/MemoryBackEnd/MemoryRegisterReadStageIF.sv" into library work
INFO: [VRFC 10-2263] Analyzing SystemVerilog file "/home/jrmerkel/Documents/School/581/proj/rsd/Processor/Src/Pipeline/MemoryBackEnd/MemoryExecutionStageIF.sv" into library work
INFO: [VRFC 10-2263] Analyzing SystemVerilog file "/home/jrmerkel/Documents/School/581/proj/rsd/Processor/Src/Pipeline/MemoryBackEnd/MemoryExecutionStage.sv" into library work
INFO: [VRFC 10-311] analyzing module MemoryExecutionStage
INFO: [VRFC 10-2263] Analyzing SystemVerilog file "/home/jrmerkel/Documents/School/581/proj/rsd/Processor/Src/Pipeline/MemoryBackEnd/MemoryAccessStageIF.sv" into library work
INFO: [VRFC 10-2263] Analyzing SystemVerilog file "/home/jrmerkel/Documents/School/581/proj/rsd/Processor/Src/Pipeline/MemoryBackEnd/MemoryAccessStage.sv" into library work
INFO: [VRFC 10-311] analyzing module MemoryAccessStage
INFO: [VRFC 10-2263] Analyzing SystemVerilog file "/home/jrmerkel/Documents/School/581/proj/rsd/Processor/Src/Pipeline/MemoryBackEnd/MemoryTagAccessStageIF.sv" into library work
INFO: [VRFC 10-2263] Analyzing SystemVerilog file "/home/jrmerkel/Documents/School/581/proj/rsd/Processor/Src/Pipeline/MemoryBackEnd/MemoryTagAccessStage.sv" into library work
INFO: [VRFC 10-311] analyzing module MemoryTagAccessStage
INFO: [VRFC 10-2263] Analyzing SystemVerilog file "/home/jrmerkel/Documents/School/581/proj/rsd/Processor/Src/Pipeline/MemoryBackEnd/MemoryRegisterWriteStageIF.sv" into library work
INFO: [VRFC 10-2263] Analyzing SystemVerilog file "/home/jrmerkel/Documents/School/581/proj/rsd/Processor/Src/Pipeline/MemoryBackEnd/MemoryRegisterWriteStage.sv" into library work
INFO: [VRFC 10-311] analyzing module MemoryRegisterWriteStage
INFO: [VRFC 10-2263] Analyzing SystemVerilog file "/home/jrmerkel/Documents/School/581/proj/rsd/Processor/Src/Pipeline/CommitStageIF.sv" into library work
INFO: [VRFC 10-2263] Analyzing SystemVerilog file "/home/jrmerkel/Documents/School/581/proj/rsd/Processor/Src/Pipeline/CommitStage.sv" into library work
INFO: [VRFC 10-311] analyzing module CommitStage
INFO: [VRFC 10-2263] Analyzing SystemVerilog file "/home/jrmerkel/Documents/School/581/proj/rsd/Processor/Src/RegisterFile/RegisterFile.sv" into library work
INFO: [VRFC 10-311] analyzing module RegisterFile
INFO: [VRFC 10-2263] Analyzing SystemVerilog file "/home/jrmerkel/Documents/School/581/proj/rsd/Processor/Src/RegisterFile/RegisterFileIF.sv" into library work
INFO: [VRFC 10-2263] Analyzing SystemVerilog file "/home/jrmerkel/Documents/School/581/proj/rsd/Processor/Src/RegisterFile/BypassController.sv" into library work
INFO: [VRFC 10-311] analyzing module BypassCtrlStage
INFO: [VRFC 10-311] analyzing module BypassController
INFO: [VRFC 10-2263] Analyzing SystemVerilog file "/home/jrmerkel/Documents/School/581/proj/rsd/Processor/Src/RegisterFile/BypassNetwork.sv" into library work
INFO: [VRFC 10-311] analyzing module BypassStage
INFO: [VRFC 10-311] analyzing module BypassNetwork
INFO: [VRFC 10-2263] Analyzing SystemVerilog file "/home/jrmerkel/Documents/School/581/proj/rsd/Processor/Src/RegisterFile/BypassNetworkIF.sv" into library work
INFO: [VRFC 10-2263] Analyzing SystemVerilog file "/home/jrmerkel/Documents/School/581/proj/rsd/Processor/Src/RegisterFile/VectorBypassNetwork.sv" into library work
INFO: [VRFC 10-311] analyzing module VectorBypassStage
INFO: [VRFC 10-2263] Analyzing SystemVerilog file "/home/jrmerkel/Documents/School/581/proj/rsd/Processor/Src/ExecUnit/BitCounter.sv" into library work
INFO: [VRFC 10-311] analyzing module BitCounter
INFO: [VRFC 10-311] analyzing module PipelinedBitCounter
INFO: [VRFC 10-2263] Analyzing SystemVerilog file "/home/jrmerkel/Documents/School/581/proj/rsd/Processor/Src/ExecUnit/IntALU.sv" into library work
INFO: [VRFC 10-311] analyzing module IntAdder
INFO: [VRFC 10-311] analyzing module IntALU
INFO: [VRFC 10-2263] Analyzing SystemVerilog file "/home/jrmerkel/Documents/School/581/proj/rsd/Processor/Src/ExecUnit/Shifter.sv" into library work
INFO: [VRFC 10-311] analyzing module OrgShifter
INFO: [VRFC 10-311] analyzing module Shifter
INFO: [VRFC 10-2263] Analyzing SystemVerilog file "/home/jrmerkel/Documents/School/581/proj/rsd/Processor/Src/ExecUnit/MultiplierUnit.sv" into library work
INFO: [VRFC 10-311] analyzing module MultiplierUnit
INFO: [VRFC 10-311] analyzing module PipelinedMultiplierUnit
INFO: [VRFC 10-2263] Analyzing SystemVerilog file "/home/jrmerkel/Documents/School/581/proj/rsd/Processor/Src/ExecUnit/VectorUnit.sv" into library work
INFO: [VRFC 10-311] analyzing module PipelinedVectorAdder
INFO: [VRFC 10-311] analyzing module PipelinedVectorMultiplier
INFO: [VRFC 10-2263] Analyzing SystemVerilog file "/home/jrmerkel/Documents/School/581/proj/rsd/Processor/Src/ExecUnit/PipelinedRefDivider.sv" into library work
INFO: [VRFC 10-311] analyzing module PipelinedRefDivider
INFO: [VRFC 10-2263] Analyzing SystemVerilog file "/home/jrmerkel/Documents/School/581/proj/rsd/Processor/Src/ExecUnit/DividerUnit.sv" into library work
INFO: [VRFC 10-311] analyzing module DividerUnit
INFO: [VRFC 10-311] analyzing module PipelinedDividerUnit
INFO: [VRFC 10-2263] Analyzing SystemVerilog file "/home/jrmerkel/Documents/School/581/proj/rsd/Processor/Src/MulDivUnit/MulDivUnitIF.sv" into library work
INFO: [VRFC 10-2263] Analyzing SystemVerilog file "/home/jrmerkel/Documents/School/581/proj/rsd/Processor/Src/MulDivUnit/MulDivUnit.sv" into library work
INFO: [VRFC 10-311] analyzing module MulDivUnit
INFO: [VRFC 10-2263] Analyzing SystemVerilog file "/home/jrmerkel/Documents/School/581/proj/rsd/Processor/Src/LoadStoreUnit/LoadStoreUnit.sv" into library work
INFO: [VRFC 10-311] analyzing module LoadStoreUnit
INFO: [VRFC 10-2263] Analyzing SystemVerilog file "/home/jrmerkel/Documents/School/581/proj/rsd/Processor/Src/LoadStoreUnit/LoadStoreUnitIF.sv" into library work
INFO: [VRFC 10-2263] Analyzing SystemVerilog file "/home/jrmerkel/Documents/School/581/proj/rsd/Processor/Src/LoadStoreUnit/LoadQueue.sv" into library work
INFO: [VRFC 10-311] analyzing module LoadQueue
INFO: [VRFC 10-2263] Analyzing SystemVerilog file "/home/jrmerkel/Documents/School/581/proj/rsd/Processor/Src/LoadStoreUnit/StoreQueue.sv" into library work
INFO: [VRFC 10-311] analyzing module StoreQueue
INFO: [VRFC 10-2263] Analyzing SystemVerilog file "/home/jrmerkel/Documents/School/581/proj/rsd/Processor/Src/LoadStoreUnit/StoreCommitter.sv" into library work
INFO: [VRFC 10-311] analyzing module StoreCommitter
INFO: [VRFC 10-2263] Analyzing SystemVerilog file "/home/jrmerkel/Documents/School/581/proj/rsd/Processor/Src/RenameLogic/RenameLogic.sv" into library work
INFO: [VRFC 10-311] analyzing module RenameLogic
INFO: [VRFC 10-2263] Analyzing SystemVerilog file "/home/jrmerkel/Documents/School/581/proj/rsd/Processor/Src/RenameLogic/RenameLogicIF.sv" into library work
INFO: [VRFC 10-2263] Analyzing SystemVerilog file "/home/jrmerkel/Documents/School/581/proj/rsd/Processor/Src/RenameLogic/ActiveListIF.sv" into library work
INFO: [VRFC 10-2263] Analyzing SystemVerilog file "/home/jrmerkel/Documents/School/581/proj/rsd/Processor/Src/RenameLogic/ActiveList.sv" into library work
INFO: [VRFC 10-311] analyzing module ActiveList
INFO: [VRFC 10-2263] Analyzing SystemVerilog file "/home/jrmerkel/Documents/School/581/proj/rsd/Processor/Src/RenameLogic/RMT.sv" into library work
INFO: [VRFC 10-311] analyzing module RMT
INFO: [VRFC 10-2263] Analyzing SystemVerilog file "/home/jrmerkel/Documents/School/581/proj/rsd/Processor/Src/RenameLogic/RetirementRMT.sv" into library work
INFO: [VRFC 10-311] analyzing module RetirementRMT
INFO: [VRFC 10-2263] Analyzing SystemVerilog file "/home/jrmerkel/Documents/School/581/proj/rsd/Processor/Src/RenameLogic/RenameLogicCommitter.sv" into library work
INFO: [VRFC 10-311] analyzing module RenameLogicCommitter
INFO: [VRFC 10-2263] Analyzing SystemVerilog file "/home/jrmerkel/Documents/School/581/proj/rsd/Processor/Src/Decoder/Decoder.sv" into library work
INFO: [VRFC 10-311] analyzing module Decoder
INFO: [VRFC 10-2263] Analyzing SystemVerilog file "/home/jrmerkel/Documents/School/581/proj/rsd/Processor/Src/Decoder/DecodedBranchResolver.sv" into library work
INFO: [VRFC 10-311] analyzing module DecodedBranchResolver
INFO: [VRFC 10-2263] Analyzing SystemVerilog file "/home/jrmerkel/Documents/School/581/proj/rsd/Processor/Src/FetchUnit/BTB.sv" into library work
INFO: [VRFC 10-311] analyzing module BTB
INFO: [VRFC 10-2263] Analyzing SystemVerilog file "/home/jrmerkel/Documents/School/581/proj/rsd/Processor/Src/FetchUnit/BranchPredictor.sv" into library work
INFO: [VRFC 10-311] analyzing module BranchPredictor
INFO: [VRFC 10-2263] Analyzing SystemVerilog file "/home/jrmerkel/Documents/School/581/proj/rsd/Processor/Src/FetchUnit/Bimodal.sv" into library work
INFO: [VRFC 10-311] analyzing module Bimodal
INFO: [VRFC 10-2263] Analyzing SystemVerilog file "/home/jrmerkel/Documents/School/581/proj/rsd/Processor/Src/FetchUnit/GAg.sv" into library work
INFO: [VRFC 10-311] analyzing module GAg
INFO: [VRFC 10-2263] Analyzing SystemVerilog file "/home/jrmerkel/Documents/School/581/proj/rsd/Processor/Src/FetchUnit/GAp.sv" into library work
INFO: [VRFC 10-311] analyzing module GAp
INFO: [VRFC 10-2263] Analyzing SystemVerilog file "/home/jrmerkel/Documents/School/581/proj/rsd/Processor/Src/FetchUnit/GAs.sv" into library work
INFO: [VRFC 10-311] analyzing module GAs
INFO: [VRFC 10-2263] Analyzing SystemVerilog file "/home/jrmerkel/Documents/School/581/proj/rsd/Processor/Src/FetchUnit/PAp.sv" into library work
INFO: [VRFC 10-311] analyzing module PAp
INFO: [VRFC 10-2263] Analyzing SystemVerilog file "/home/jrmerkel/Documents/School/581/proj/rsd/Processor/Src/FetchUnit/PAs.sv" into library work
INFO: [VRFC 10-311] analyzing module PAs
INFO: [VRFC 10-2263] Analyzing SystemVerilog file "/home/jrmerkel/Documents/School/581/proj/rsd/Processor/Src/FetchUnit/PAg.sv" into library work
INFO: [VRFC 10-311] analyzing module PAg
INFO: [VRFC 10-2263] Analyzing SystemVerilog file "/home/jrmerkel/Documents/School/581/proj/rsd/Processor/Src/FetchUnit/SAp.sv" into library work
INFO: [VRFC 10-311] analyzing module SAp
INFO: [VRFC 10-2263] Analyzing SystemVerilog file "/home/jrmerkel/Documents/School/581/proj/rsd/Processor/Src/FetchUnit/SAs.sv" into library work
INFO: [VRFC 10-311] analyzing module SAs
INFO: [VRFC 10-2263] Analyzing SystemVerilog file "/home/jrmerkel/Documents/School/581/proj/rsd/Processor/Src/FetchUnit/SAg.sv" into library work
INFO: [VRFC 10-311] analyzing module SAg
INFO: [VRFC 10-2263] Analyzing SystemVerilog file "/home/jrmerkel/Documents/School/581/proj/rsd/Processor/Src/FetchUnit/Gshare.sv" into library work
INFO: [VRFC 10-311] analyzing module Gshare
INFO: [VRFC 10-2263] Analyzing SystemVerilog file "/home/jrmerkel/Documents/School/581/proj/rsd/Processor/Src/Scheduler/SchedulerIF.sv" into library work
INFO: [VRFC 10-2263] Analyzing SystemVerilog file "/home/jrmerkel/Documents/School/581/proj/rsd/Processor/Src/Scheduler/IssueQueue.sv" into library work
INFO: [VRFC 10-311] analyzing module IssueQueue
INFO: [VRFC 10-2263] Analyzing SystemVerilog file "/home/jrmerkel/Documents/School/581/proj/rsd/Processor/Src/Scheduler/ReplayQueue.sv" into library work
INFO: [VRFC 10-311] analyzing module ReplayQueue
INFO: [VRFC 10-2263] Analyzing SystemVerilog file "/home/jrmerkel/Documents/School/581/proj/rsd/Processor/Src/Scheduler/WakeupSelectIF.sv" into library work
INFO: [VRFC 10-2263] Analyzing SystemVerilog file "/home/jrmerkel/Documents/School/581/proj/rsd/Processor/Src/Scheduler/DestinationRAM.sv" into library work
INFO: [VRFC 10-311] analyzing module DestinationRAM
INFO: [VRFC 10-2263] Analyzing SystemVerilog file "/home/jrmerkel/Documents/School/581/proj/rsd/Processor/Src/Scheduler/ReadyBitTable.sv" into library work
INFO: [VRFC 10-311] analyzing module ReadyBitTable
INFO: [VRFC 10-2263] Analyzing SystemVerilog file "/home/jrmerkel/Documents/School/581/proj/rsd/Processor/Src/Scheduler/Scheduler.sv" into library work
INFO: [VRFC 10-311] analyzing module Scheduler
INFO: [VRFC 10-2263] Analyzing SystemVerilog file "/home/jrmerkel/Documents/School/581/proj/rsd/Processor/Src/Scheduler/SelectLogic.sv" into library work
INFO: [VRFC 10-311] analyzing module SelectLogic
INFO: [VRFC 10-2263] Analyzing SystemVerilog file "/home/jrmerkel/Documents/School/581/proj/rsd/Processor/Src/Scheduler/SourceCAM.sv" into library work
INFO: [VRFC 10-311] analyzing module SourceCAM
INFO: [VRFC 10-2263] Analyzing SystemVerilog file "/home/jrmerkel/Documents/School/581/proj/rsd/Processor/Src/Scheduler/WakeupLogic.sv" into library work
INFO: [VRFC 10-311] analyzing module WakeupLogic
INFO: [VRFC 10-2263] Analyzing SystemVerilog file "/home/jrmerkel/Documents/School/581/proj/rsd/Processor/Src/Scheduler/WakeupPipelineRegister.sv" into library work
INFO: [VRFC 10-311] analyzing module WakeupPipelineRegister
INFO: [VRFC 10-2263] Analyzing SystemVerilog file "/home/jrmerkel/Documents/School/581/proj/rsd/Processor/Src/Scheduler/ProducerMatrix.sv" into library work
INFO: [VRFC 10-311] analyzing module ProducerMatrix
INFO: [VRFC 10-2263] Analyzing SystemVerilog file "/home/jrmerkel/Documents/School/581/proj/rsd/Processor/Src/Scheduler/MemoryDependencyPredictor.sv" into library work
INFO: [VRFC 10-311] analyzing module MemoryDependencyPredictor
INFO: [VRFC 10-2263] Analyzing SystemVerilog file "/home/jrmerkel/Documents/School/581/proj/rsd/Processor/Src/Cache/CacheSystemIF.sv" into library work
INFO: [VRFC 10-2263] Analyzing SystemVerilog file "/home/jrmerkel/Documents/School/581/proj/rsd/Processor/Src/Cache/DCache.sv" into library work
INFO: [VRFC 10-311] analyzing module DCacheController
INFO: [VRFC 10-311] analyzing module DCacheMemoryReqPortArbiter
INFO: [VRFC 10-311] analyzing module DCacheMemoryReqPortMultiplexer
INFO: [VRFC 10-311] analyzing module DCacheArrayPortArbiter
INFO: [VRFC 10-311] analyzing module DCacheArrayPortMultiplexer
INFO: [VRFC 10-311] analyzing module DCacheArray
INFO: [VRFC 10-311] analyzing module DCache
INFO: [VRFC 10-311] analyzing module DCacheMissHandler
INFO: [VRFC 10-2263] Analyzing SystemVerilog file "/home/jrmerkel/Documents/School/581/proj/rsd/Processor/Src/Cache/DCacheIF.sv" into library work
INFO: [VRFC 10-2263] Analyzing SystemVerilog file "/home/jrmerkel/Documents/School/581/proj/rsd/Processor/Src/Cache/ICache.sv" into library work
INFO: [VRFC 10-311] analyzing module ICacheArray
INFO: [VRFC 10-311] analyzing module ICacheNRUStateArray
INFO: [VRFC 10-311] analyzing module ICacheHitLogic
INFO: [VRFC 10-311] analyzing module ICache
INFO: [VRFC 10-2263] Analyzing SystemVerilog file "/home/jrmerkel/Documents/School/581/proj/rsd/Processor/Src/Cache/MemoryAccessController.sv" into library work
INFO: [VRFC 10-311] analyzing module MemoryAccessController
INFO: [VRFC 10-2263] Analyzing SystemVerilog file "/home/jrmerkel/Documents/School/581/proj/rsd/Processor/Src/Cache/CacheFlushManager.sv" into library work
INFO: [VRFC 10-311] analyzing module CacheFlushManager
INFO: [VRFC 10-2263] Analyzing SystemVerilog file "/home/jrmerkel/Documents/School/581/proj/rsd/Processor/Src/Cache/CacheFlushManagerIF.sv" into library work
INFO: [VRFC 10-2263] Analyzing SystemVerilog file "/home/jrmerkel/Documents/School/581/proj/rsd/Processor/Src/Memory/Memory.sv" into library work
INFO: [VRFC 10-311] analyzing module Memory
INFO: [VRFC 10-2263] Analyzing SystemVerilog file "/home/jrmerkel/Documents/School/581/proj/rsd/Processor/Src/Recovery/RecoveryManager.sv" into library work
INFO: [VRFC 10-311] analyzing module RecoveryManager
INFO: [VRFC 10-2263] Analyzing SystemVerilog file "/home/jrmerkel/Documents/School/581/proj/rsd/Processor/Src/Recovery/RecoveryManagerIF.sv" into library work
INFO: [VRFC 10-2263] Analyzing SystemVerilog file "/home/jrmerkel/Documents/School/581/proj/rsd/Processor/Src/ControllerIF.sv" into library work
INFO: [VRFC 10-2263] Analyzing SystemVerilog file "/home/jrmerkel/Documents/School/581/proj/rsd/Processor/Src/Controller.sv" into library work
INFO: [VRFC 10-311] analyzing module Controller
INFO: [VRFC 10-2263] Analyzing SystemVerilog file "/home/jrmerkel/Documents/School/581/proj/rsd/Processor/Src/ResetController.sv" into library work
INFO: [VRFC 10-311] analyzing module ResetController
INFO: [VRFC 10-2263] Analyzing SystemVerilog file "/home/jrmerkel/Documents/School/581/proj/rsd/Processor/Src/Privileged/InterruptController.sv" into library work
INFO: [VRFC 10-311] analyzing module InterruptController
INFO: [VRFC 10-2263] Analyzing SystemVerilog file "/home/jrmerkel/Documents/School/581/proj/rsd/Processor/Src/Privileged/CSR_Unit.sv" into library work
INFO: [VRFC 10-311] analyzing module CSR_Unit
INFO: [VRFC 10-2263] Analyzing SystemVerilog file "/home/jrmerkel/Documents/School/581/proj/rsd/Processor/Src/Privileged/CSR_UnitIF.sv" into library work
INFO: [VRFC 10-2263] Analyzing SystemVerilog file "/home/jrmerkel/Documents/School/581/proj/rsd/Processor/Src/IO/IO_Unit.sv" into library work
INFO: [VRFC 10-311] analyzing module IO_Unit
INFO: [VRFC 10-2263] Analyzing SystemVerilog file "/home/jrmerkel/Documents/School/581/proj/rsd/Processor/Src/IO/IO_UnitIF.sv" into library work
INFO: [VRFC 10-2263] Analyzing SystemVerilog file "/home/jrmerkel/Documents/School/581/proj/rsd/Processor/Src/Primitives/FlipFlop.sv" into library work
INFO: [VRFC 10-311] analyzing module FlipFlop
INFO: [VRFC 10-311] analyzing module FlipFlopWE
INFO: [VRFC 10-2263] Analyzing SystemVerilog file "/home/jrmerkel/Documents/School/581/proj/rsd/Processor/Src/Primitives/FreeList.sv" into library work
INFO: [VRFC 10-311] analyzing module FreeList
INFO: [VRFC 10-311] analyzing module MultiWidthFreeList
INFO: [VRFC 10-2263] Analyzing SystemVerilog file "/home/jrmerkel/Documents/School/581/proj/rsd/Processor/Src/Primitives/Queue.sv" into library work
INFO: [VRFC 10-311] analyzing module QueuePointer
INFO: [VRFC 10-311] analyzing module QueuePointerWithEntryCount
INFO: [VRFC 10-311] analyzing module MultiWidthQueuePointer
INFO: [VRFC 10-311] analyzing module SetTailMultiWidthQueuePointer
INFO: [VRFC 10-311] analyzing module BiTailMultiWidthQueuePointer
INFO: [VRFC 10-311] analyzing module SetTailBiTailMultiWidthQueuePointer
INFO: [VRFC 10-2263] Analyzing SystemVerilog file "/home/jrmerkel/Documents/School/581/proj/rsd/Processor/Src/Primitives/RAM.sv" into library work
INFO: [VRFC 10-311] analyzing module BlockDualPortRAM
INFO: [VRFC 10-311] analyzing module BlockTrueDualPortRAM
INFO: [VRFC 10-311] analyzing module BlockMultiPortRAM
INFO: [VRFC 10-311] analyzing module InitializedBlockRAM
INFO: [VRFC 10-311] analyzing module InitializedBlockRAM_ForNarrowRequest
INFO: [VRFC 10-311] analyzing module InitializedBlockRAM_ForWideRequest
INFO: [VRFC 10-311] analyzing module DistributedSinglePortRAM
INFO: [VRFC 10-311] analyzing module DistributedDualPortRAM
INFO: [VRFC 10-311] analyzing module RegisterDualPortRAM
INFO: [VRFC 10-311] analyzing module DistributedSharedMultiPortRAM
INFO: [VRFC 10-311] analyzing module LVT_DistributedMultiPortRAM
INFO: [VRFC 10-311] analyzing module XOR_DistributedMultiPortRAM
INFO: [VRFC 10-311] analyzing module DistributedMultiPortRAM
INFO: [VRFC 10-311] analyzing module RegisterMultiPortRAM
INFO: [VRFC 10-311] analyzing module DistributedMultiBankRAM
INFO: [VRFC 10-311] analyzing module DistributedMultiBankRAM_ForGE2Banks
INFO: [VRFC 10-311] analyzing module BlockMultiBankRAM
INFO: [VRFC 10-311] analyzing module BlockMultiBankRAM_Body
INFO: [VRFC 10-2263] Analyzing SystemVerilog file "/home/jrmerkel/Documents/School/581/proj/rsd/Processor/Src/Primitives/LRU_Counter.sv" into library work
INFO: [VRFC 10-311] analyzing module LRU_Counter
INFO: [VRFC 10-2263] Analyzing SystemVerilog file "/home/jrmerkel/Documents/School/581/proj/rsd/Processor/Src/Primitives/Picker.sv" into library work
INFO: [VRFC 10-311] analyzing module Picker
INFO: [VRFC 10-311] analyzing module InterleavedPicker
INFO: [VRFC 10-311] analyzing module CircularRangePicker
INFO: [VRFC 10-311] analyzing module CircularRangePickerRightShifter16
INFO: [VRFC 10-311] analyzing module CircularRangePickerRightShifter
INFO: [VRFC 10-2263] Analyzing SystemVerilog file "/home/jrmerkel/Documents/School/581/proj/rsd/Processor/Src/Primitives/Multiplier.sv" into library work
INFO: [VRFC 10-311] analyzing module Multiplier
INFO: [VRFC 10-311] analyzing module SignExtender
INFO: [VRFC 10-311] analyzing module PipelinedMultiplier
INFO: [VRFC 10-2263] Analyzing SystemVerilog file "/home/jrmerkel/Documents/School/581/proj/rsd/Processor/Src/Primitives/Divider.sv" into library work
INFO: [VRFC 10-311] analyzing module Divider
INFO: [VRFC 10-311] analyzing module QuickDivider
INFO: [VRFC 10-2263] Analyzing SystemVerilog file "/home/jrmerkel/Documents/School/581/proj/rsd/Processor/Src/Debug/Debug.sv" into library work
INFO: [VRFC 10-311] analyzing module Debug
INFO: [VRFC 10-2263] Analyzing SystemVerilog file "/home/jrmerkel/Documents/School/581/proj/rsd/Processor/Src/Debug/DebugIF.sv" into library work
INFO: [VRFC 10-2263] Analyzing SystemVerilog file "/home/jrmerkel/Documents/School/581/proj/rsd/Processor/Src/Debug/PerformanceCounter.sv" into library work
INFO: [VRFC 10-311] analyzing module PerformanceCounter
INFO: [VRFC 10-2263] Analyzing SystemVerilog file "/home/jrmerkel/Documents/School/581/proj/rsd/Processor/Src/Debug/PerformanceCounterIF.sv" into library work
INFO: [VRFC 10-2263] Analyzing SystemVerilog file "/home/jrmerkel/Documents/School/581/proj/rsd/Processor/Src/Memory/Axi4LiteControlRegisterIF.sv" into library work
INFO: [VRFC 10-2263] Analyzing SystemVerilog file "/home/jrmerkel/Documents/School/581/proj/rsd/Processor/Src/Memory/Axi4LiteControlRegister.sv" into library work
INFO: [VRFC 10-311] analyzing module Axi4LitePlToPsControlRegister
INFO: [VRFC 10-311] analyzing module Axi4LitePsToPlControlRegister
INFO: [VRFC 10-2263] Analyzing SystemVerilog file "/home/jrmerkel/Documents/School/581/proj/rsd/Processor/Src/Memory/ControlQueue.sv" into library work
INFO: [VRFC 10-311] analyzing module ControlQueue
INFO: [VRFC 10-2263] Analyzing SystemVerilog file "/home/jrmerkel/Documents/School/581/proj/rsd/Processor/Src/Memory/Axi4Memory.sv" into library work
INFO: [VRFC 10-311] analyzing module Axi4Memory
INFO: [VRFC 10-2263] Analyzing SystemVerilog file "/home/jrmerkel/Documents/School/581/proj/rsd/Processor/Src/Memory/Axi4MemoryIF.sv" into library work
INFO: [VRFC 10-2263] Analyzing SystemVerilog file "/home/jrmerkel/Documents/School/581/proj/rsd/Processor/Src/Memory/MemoryReadReqQueue.sv" into library work
INFO: [VRFC 10-311] analyzing module MemoryReadReqQueue
INFO: [VRFC 10-2263] Analyzing SystemVerilog file "/home/jrmerkel/Documents/School/581/proj/rsd/Processor/Src/Memory/MemoryWriteDataQueue.sv" into library work
INFO: [VRFC 10-311] analyzing module MemoryWriteDataQueue
INFO: [VRFC 10-2263] Analyzing SystemVerilog file "/home/jrmerkel/Documents/School/581/proj/rsd/Processor/Src/Memory/MemoryLatencySimulator.sv" into library work
INFO: [VRFC 10-311] analyzing module MemoryLatencySimulator
INFO: [VRFC 10-2263] Analyzing SystemVerilog file "/home/jrmerkel/Documents/School/581/proj/rsd/Processor/Src/Verification/TestBenchClockGenerator.sv" into library work
INFO: [VRFC 10-311] analyzing module TestBenchClockGenerator
INFO: [VRFC 10-2263] Analyzing SystemVerilog file "/home/jrmerkel/Documents/School/581/proj/rsd/Processor/Src/Verification/Dumper.sv" into library work
WARNING: [VRFC 10-3609] overwriting previous definition of package 'DumperTypes' [/home/jrmerkel/Documents/School/581/proj/rsd/Processor/Src/Verification/Dumper.sv:5]
INFO: [VRFC 10-2263] Analyzing SystemVerilog file "/home/jrmerkel/Documents/School/581/proj/rsd/Processor/Src/Verification/TestMain.sv" into library work
INFO: [VRFC 10-311] analyzing module TestMain
