#-----------------------------------------------------------
# Vivado v2020.1 (64-bit)
# SW Build 2902540 on Wed May 27 19:54:35 MDT 2020
# IP Build 2902112 on Wed May 27 22:43:36 MDT 2020
# Start of session at: Mon Dec  6 22:02:44 2021
# Process ID: 438692
# Current directory: /home/jrmerkel/Documents/School/581/proj/rsd/Processor/Project/Vivado/TargetBoards/Zedboard
# Command line: vivado -mode batch -source scripts/post_synthesis/run_implementation.tcl
# Log file: /home/jrmerkel/Documents/School/581/proj/rsd/Processor/Project/Vivado/TargetBoards/Zedboard/vivado.log
# Journal file: /home/jrmerkel/Documents/School/581/proj/rsd/Processor/Project/Vivado/TargetBoards/Zedboard/vivado.jou
#-----------------------------------------------------------
source scripts/post_synthesis/run_implementation.tcl
# open_project $env(RSD_ROOT)/Processor/Project/Vivado/TargetBoards/Zedboard/rsd_post_synthesis/rsd_post_synthesis.xpr
Scanning sources...
Finished scanning sources
WARNING: [filemgmt 56-3] Default IP Output Path : Could not find the directory '/home/jrmerkel/Documents/School/581/proj/rsd/Processor/Project/Vivado/TargetBoards/Zedboard/rsd_post_synthesis/rsd_post_synthesis.srcs/sources_1'.
# reset_run synth_1
# launch_runs impl_1 -jobs 4
[Mon Dec  6 22:02:53 2021] Launched synth_1...
Run output will be captured here: /home/jrmerkel/Documents/School/581/proj/rsd/Processor/Project/Vivado/TargetBoards/Zedboard/rsd_post_synthesis/rsd_post_synthesis.runs/synth_1/runme.log
[Mon Dec  6 22:02:53 2021] Launched impl_1...
Run output will be captured here: /home/jrmerkel/Documents/School/581/proj/rsd/Processor/Project/Vivado/TargetBoards/Zedboard/rsd_post_synthesis/rsd_post_synthesis.runs/impl_1/runme.log
# wait_on_run impl_1
[Mon Dec  6 22:02:53 2021] Waiting for impl_1 to finish...
[Mon Dec  6 22:03:10 2021] impl_1 finished
WARNING: [Vivado 12-8222] Failed run(s) : 'synth_1'
wait_on_run: Time (s): cpu = 00:00:16 ; elapsed = 00:00:17 . Memory (MB): peak = 2123.488 ; gain = 0.000 ; free physical = 2341 ; free virtual = 5237
# close_project
INFO: [Common 17-206] Exiting Vivado at Mon Dec  6 22:03:10 2021...
