#-----------------------------------------------------------
# Vivado v2020.1 (64-bit)
# SW Build 2902540 on Wed May 27 19:54:35 MDT 2020
# IP Build 2902112 on Wed May 27 22:43:36 MDT 2020
# Start of session at: Sun Nov 14 19:32:14 2021
# Process ID: 140175
# Current directory: /home/jrmerkel/Documents/School/581/proj/rsd/Processor/Project/Vivado/TargetBoards/Zedboard
# Command line: vivado -mode batch -source scripts/synthesis/create_project.tcl
# Log file: /home/jrmerkel/Documents/School/581/proj/rsd/Processor/Project/Vivado/TargetBoards/Zedboard/vivado.log
# Journal file: /home/jrmerkel/Documents/School/581/proj/rsd/Processor/Project/Vivado/TargetBoards/Zedboard/vivado.jou
#-----------------------------------------------------------
source scripts/synthesis/create_project.tcl
# set origin_dir "$env(RSD_ROOT)/Processor/Project/Vivado/TargetBoards/Zedboard/"
# if { [info exists ::origin_dir_loc] } {
#   set origin_dir $::origin_dir_loc
# }
# set _xil_proj_name_ "rsd"
# if { [info exists ::user_project_name] } {
#   set _xil_proj_name_ $::user_project_name
# }
# variable script_file
# set script_file "create_project.tcl"
# proc print_help {} {
#   variable script_file
#   puts "\nDescription:"
#   puts "Recreate a Vivado project from this script. The created project will be"
#   puts "functionally equivalent to the original project for which this script was"
#   puts "generated. The script contains commands for creating a project, filesets,"
#   puts "runs, adding/importing sources and setting properties on various objects.\n"
#   puts "Syntax:"
#   puts "$script_file"
#   puts "$script_file -tclargs \[--origin_dir <path>\]"
#   puts "$script_file -tclargs \[--project_name <name>\]"
#   puts "$script_file -tclargs \[--help\]\n"
#   puts "Usage:"
#   puts "Name                   Description"
#   puts "-------------------------------------------------------------------------"
#   puts "\[--origin_dir <path>\]  Determine source file paths wrt this path. Default"
#   puts "                       origin_dir path value is \".\", otherwise, the value"
#   puts "                       that was set with the \"-paths_relative_to\" switch"
#   puts "                       when this script was generated.\n"
#   puts "\[--project_name <name>\] Create project with the specified name. Default"
#   puts "                       name is the name of the project from where this"
#   puts "                       script was generated.\n"
#   puts "\[--help\]               Print help information for this script"
#   puts "-------------------------------------------------------------------------\n"
#   exit 0
# }
# if { $::argc > 0 } {
#   for {set i 0} {$i < $::argc} {incr i} {
#     set option [string trim [lindex $::argv $i]]
#     switch -regexp -- $option {
#       "--origin_dir"   { incr i; set origin_dir [lindex $::argv $i] }
#       "--project_name" { incr i; set _xil_proj_name_ [lindex $::argv $i] }
#       "--help"         { print_help }
#       default {
#         if { [regexp {^-} $option] } {
#           puts "ERROR: Unknown option '$option' specified, please type '$script_file -tclargs --help' for usage info.\n"
#           return 1
#         }
#       }
#     }
#   }
# }
# set orig_proj_dir "[file normalize "$origin_dir/rsd"]"
# create_project -force ${_xil_proj_name_} $origin_dir/${_xil_proj_name_} -part xc7z020clg484-1
# set proj_dir [get_property directory [current_project]]
# set obj [current_project]
# set_property -name "board_part" -value "em.avnet.com:zed:part0:1.4" -objects $obj
# set_property -name "default_lib" -value "xil_defaultlib" -objects $obj
# set_property -name "enable_vhdl_2008" -value "1" -objects $obj
# set_property -name "ip_cache_permissions" -value "read write" -objects $obj
# set_property -name "ip_output_repo" -value "$proj_dir/${_xil_proj_name_}.cache/ip" -objects $obj
# set_property -name "mem.enable_memory_map_generation" -value "1" -objects $obj
# set_property -name "platform.board_id" -value "zed" -objects $obj
# set_property -name "sim.central_dir" -value "$proj_dir/${_xil_proj_name_}.ip_user_files" -objects $obj
# set_property -name "sim.ip.auto_export_scripts" -value "1" -objects $obj
# set_property -name "simulator_language" -value "Mixed" -objects $obj
# if {[string equal [get_filesets -quiet sources_1] ""]} {
#   create_fileset -srcset sources_1
# }
# set obj [get_filesets sources_1]
# set files [list \
#  [file normalize "${origin_dir}/../../../../Src/SysDeps/SynthesisMacros.svh"] \
# ]
# add_files -norecurse -fileset $obj $files
# set file "$origin_dir/../../../../Src/SysDeps/SynthesisMacros.svh"
# set file [file normalize $file]
# set file_obj [get_files -of_objects [get_filesets sources_1] [list "*$file"]]
# set_property -name "file_type" -value "Verilog Header" -objects $file_obj
# set_property -name "is_global_include" -value "1" -objects $file_obj
# set obj [get_filesets sources_1]
# set_property -name "top" -value "RSD" -objects $obj
# set_property -name "top_auto_set" -value "0" -objects $obj
# set_property -name "verilog_define" -value "RSD_SYNTHESIS RSD_SYNTHESIS_VIVADO RSD_SYNTHESIS_ZEDBOARD RSD_USE_EXTERNAL_MEMORY RSD_DISABLE_DEBUG_REGISTER" -objects $obj
# if {[string equal [get_filesets -quiet constrs_1] ""]} {
#   create_fileset -constrset constrs_1
# }
# set obj [get_filesets constrs_1]
# set file "[file normalize "$origin_dir/project_src/zedboard.xdc"]"
# set file_added [add_files -norecurse -fileset $obj [list $file]]
# set file "$origin_dir/project_src/zedboard.xdc"
# set file [file normalize $file]
# set file_obj [get_files -of_objects [get_filesets constrs_1] [list "*$file"]]
# set_property -name "file_type" -value "XDC" -objects $file_obj
# set obj [get_filesets constrs_1]
# if {[string equal [get_filesets -quiet sim_1] ""]} {
#   create_fileset -simset sim_1
# }
# set obj [get_filesets sim_1]
# set obj [get_filesets sim_1]
# set_property -name "top" -value "design_1_wrapper" -objects $obj
# set_property -name "top_lib" -value "xil_defaultlib" -objects $obj
# set obj [get_filesets utils_1]
# set obj [get_filesets utils_1]
# if {[string equal [get_runs -quiet synth_1] ""]} {
#     create_run -name synth_1 -part xc7z020clg484-1 -flow {Vivado Synthesis 2019} -strategy "Vivado Synthesis Defaults" -report_strategy {No Reports} -constrset constrs_1
# } else {
#   set_property strategy "Vivado Synthesis Defaults" [get_runs synth_1]
#   set_property flow "Vivado Synthesis 2019" [get_runs synth_1]
# }
# set obj [get_runs synth_1]
# set_property set_report_strategy_name 1 $obj
# set_property report_strategy {Vivado Synthesis Default Reports} $obj
# set_property set_report_strategy_name 0 $obj
# if { [ string equal [get_report_configs -of_objects [get_runs synth_1] synth_1_synth_report_utilization_0] "" ] } {
#   create_report_config -report_name synth_1_synth_report_utilization_0 -report_type report_utilization:1.0 -steps synth_design -runs synth_1
# }
# set obj [get_report_configs -of_objects [get_runs synth_1] synth_1_synth_report_utilization_0]
# if { $obj != "" } {
# 
# }
# set obj [get_runs synth_1]
# set_property -name "strategy" -value "Vivado Synthesis Defaults" -objects $obj
# current_run -synthesis [get_runs synth_1]
# if {[string equal [get_runs -quiet impl_1] ""]} {
#     create_run -name impl_1 -part xc7z020clg484-1 -flow {Vivado Implementation 2019} -strategy "Vivado Implementation Defaults" -report_strategy {No Reports} -constrset constrs_1 -parent_run synth_1
# } else {
#   set_property strategy "Vivado Implementation Defaults" [get_runs impl_1]
#   set_property flow "Vivado Implementation 2019" [get_runs impl_1]
# }
# set obj [get_runs impl_1]
# set_property set_report_strategy_name 1 $obj
# set_property report_strategy {Vivado Implementation Default Reports} $obj
# set_property set_report_strategy_name 0 $obj
# if { [ string equal [get_report_configs -of_objects [get_runs impl_1] impl_1_init_report_timing_summary_0] "" ] } {
#   create_report_config -report_name impl_1_init_report_timing_summary_0 -report_type report_timing_summary:1.0 -steps init_design -runs impl_1
# }
# set obj [get_report_configs -of_objects [get_runs impl_1] impl_1_init_report_timing_summary_0]
# if { $obj != "" } {
# set_property -name "is_enabled" -value "0" -objects $obj
# set_property -name "options.max_paths" -value "10" -objects $obj
# 
# }
# if { [ string equal [get_report_configs -of_objects [get_runs impl_1] impl_1_opt_report_drc_0] "" ] } {
#   create_report_config -report_name impl_1_opt_report_drc_0 -report_type report_drc:1.0 -steps opt_design -runs impl_1
# }
# set obj [get_report_configs -of_objects [get_runs impl_1] impl_1_opt_report_drc_0]
# if { $obj != "" } {
# 
# }
# if { [ string equal [get_report_configs -of_objects [get_runs impl_1] impl_1_opt_report_timing_summary_0] "" ] } {
#   create_report_config -report_name impl_1_opt_report_timing_summary_0 -report_type report_timing_summary:1.0 -steps opt_design -runs impl_1
# }
# set obj [get_report_configs -of_objects [get_runs impl_1] impl_1_opt_report_timing_summary_0]
# if { $obj != "" } {
# set_property -name "is_enabled" -value "0" -objects $obj
# set_property -name "options.max_paths" -value "10" -objects $obj
# 
# }
# if { [ string equal [get_report_configs -of_objects [get_runs impl_1] impl_1_power_opt_report_timing_summary_0] "" ] } {
#   create_report_config -report_name impl_1_power_opt_report_timing_summary_0 -report_type report_timing_summary:1.0 -steps power_opt_design -runs impl_1
# }
# set obj [get_report_configs -of_objects [get_runs impl_1] impl_1_power_opt_report_timing_summary_0]
# if { $obj != "" } {
# set_property -name "is_enabled" -value "0" -objects $obj
# set_property -name "options.max_paths" -value "10" -objects $obj
# 
# }
# if { [ string equal [get_report_configs -of_objects [get_runs impl_1] impl_1_place_report_io_0] "" ] } {
#   create_report_config -report_name impl_1_place_report_io_0 -report_type report_io:1.0 -steps place_design -runs impl_1
# }
# set obj [get_report_configs -of_objects [get_runs impl_1] impl_1_place_report_io_0]
# if { $obj != "" } {
# 
# }
# if { [ string equal [get_report_configs -of_objects [get_runs impl_1] impl_1_place_report_utilization_0] "" ] } {
#   create_report_config -report_name impl_1_place_report_utilization_0 -report_type report_utilization:1.0 -steps place_design -runs impl_1
# }
# set obj [get_report_configs -of_objects [get_runs impl_1] impl_1_place_report_utilization_0]
# if { $obj != "" } {
# 
# }
# if { [ string equal [get_report_configs -of_objects [get_runs impl_1] impl_1_place_report_control_sets_0] "" ] } {
#   create_report_config -report_name impl_1_place_report_control_sets_0 -report_type report_control_sets:1.0 -steps place_design -runs impl_1
# }
# set obj [get_report_configs -of_objects [get_runs impl_1] impl_1_place_report_control_sets_0]
# if { $obj != "" } {
# set_property -name "options.verbose" -value "1" -objects $obj
# 
# }
# if { [ string equal [get_report_configs -of_objects [get_runs impl_1] impl_1_place_report_incremental_reuse_0] "" ] } {
#   create_report_config -report_name impl_1_place_report_incremental_reuse_0 -report_type report_incremental_reuse:1.0 -steps place_design -runs impl_1
# }
# set obj [get_report_configs -of_objects [get_runs impl_1] impl_1_place_report_incremental_reuse_0]
# if { $obj != "" } {
# set_property -name "is_enabled" -value "0" -objects $obj
# 
# }
# if { [ string equal [get_report_configs -of_objects [get_runs impl_1] impl_1_place_report_incremental_reuse_1] "" ] } {
#   create_report_config -report_name impl_1_place_report_incremental_reuse_1 -report_type report_incremental_reuse:1.0 -steps place_design -runs impl_1
# }
# set obj [get_report_configs -of_objects [get_runs impl_1] impl_1_place_report_incremental_reuse_1]
# if { $obj != "" } {
# set_property -name "is_enabled" -value "0" -objects $obj
# 
# }
# if { [ string equal [get_report_configs -of_objects [get_runs impl_1] impl_1_place_report_timing_summary_0] "" ] } {
#   create_report_config -report_name impl_1_place_report_timing_summary_0 -report_type report_timing_summary:1.0 -steps place_design -runs impl_1
# }
# set obj [get_report_configs -of_objects [get_runs impl_1] impl_1_place_report_timing_summary_0]
# if { $obj != "" } {
# set_property -name "is_enabled" -value "0" -objects $obj
# set_property -name "options.max_paths" -value "10" -objects $obj
# 
# }
# if { [ string equal [get_report_configs -of_objects [get_runs impl_1] impl_1_post_place_power_opt_report_timing_summary_0] "" ] } {
#   create_report_config -report_name impl_1_post_place_power_opt_report_timing_summary_0 -report_type report_timing_summary:1.0 -steps post_place_power_opt_design -runs impl_1
# }
# set obj [get_report_configs -of_objects [get_runs impl_1] impl_1_post_place_power_opt_report_timing_summary_0]
# if { $obj != "" } {
# set_property -name "is_enabled" -value "0" -objects $obj
# set_property -name "options.max_paths" -value "10" -objects $obj
# 
# }
# if { [ string equal [get_report_configs -of_objects [get_runs impl_1] impl_1_phys_opt_report_timing_summary_0] "" ] } {
#   create_report_config -report_name impl_1_phys_opt_report_timing_summary_0 -report_type report_timing_summary:1.0 -steps phys_opt_design -runs impl_1
# }
# set obj [get_report_configs -of_objects [get_runs impl_1] impl_1_phys_opt_report_timing_summary_0]
# if { $obj != "" } {
# set_property -name "is_enabled" -value "0" -objects $obj
# set_property -name "options.max_paths" -value "10" -objects $obj
# 
# }
# if { [ string equal [get_report_configs -of_objects [get_runs impl_1] impl_1_route_report_drc_0] "" ] } {
#   create_report_config -report_name impl_1_route_report_drc_0 -report_type report_drc:1.0 -steps route_design -runs impl_1
# }
# set obj [get_report_configs -of_objects [get_runs impl_1] impl_1_route_report_drc_0]
# if { $obj != "" } {
# 
# }
# if { [ string equal [get_report_configs -of_objects [get_runs impl_1] impl_1_route_report_methodology_0] "" ] } {
#   create_report_config -report_name impl_1_route_report_methodology_0 -report_type report_methodology:1.0 -steps route_design -runs impl_1
# }
# set obj [get_report_configs -of_objects [get_runs impl_1] impl_1_route_report_methodology_0]
# if { $obj != "" } {
# 
# }
# if { [ string equal [get_report_configs -of_objects [get_runs impl_1] impl_1_route_report_power_0] "" ] } {
#   create_report_config -report_name impl_1_route_report_power_0 -report_type report_power:1.0 -steps route_design -runs impl_1
# }
# set obj [get_report_configs -of_objects [get_runs impl_1] impl_1_route_report_power_0]
# if { $obj != "" } {
# 
# }
# if { [ string equal [get_report_configs -of_objects [get_runs impl_1] impl_1_route_report_route_status_0] "" ] } {
#   create_report_config -report_name impl_1_route_report_route_status_0 -report_type report_route_status:1.0 -steps route_design -runs impl_1
# }
# set obj [get_report_configs -of_objects [get_runs impl_1] impl_1_route_report_route_status_0]
# if { $obj != "" } {
# 
# }
# if { [ string equal [get_report_configs -of_objects [get_runs impl_1] impl_1_route_report_timing_summary_0] "" ] } {
#   create_report_config -report_name impl_1_route_report_timing_summary_0 -report_type report_timing_summary:1.0 -steps route_design -runs impl_1
# }
# set obj [get_report_configs -of_objects [get_runs impl_1] impl_1_route_report_timing_summary_0]
# if { $obj != "" } {
# set_property -name "options.max_paths" -value "10" -objects $obj
# 
# }
# if { [ string equal [get_report_configs -of_objects [get_runs impl_1] impl_1_route_report_incremental_reuse_0] "" ] } {
#   create_report_config -report_name impl_1_route_report_incremental_reuse_0 -report_type report_incremental_reuse:1.0 -steps route_design -runs impl_1
# }
# set obj [get_report_configs -of_objects [get_runs impl_1] impl_1_route_report_incremental_reuse_0]
# if { $obj != "" } {
# 
# }
# if { [ string equal [get_report_configs -of_objects [get_runs impl_1] impl_1_route_report_clock_utilization_0] "" ] } {
#   create_report_config -report_name impl_1_route_report_clock_utilization_0 -report_type report_clock_utilization:1.0 -steps route_design -runs impl_1
# }
# set obj [get_report_configs -of_objects [get_runs impl_1] impl_1_route_report_clock_utilization_0]
# if { $obj != "" } {
# 
# }
# if { [ string equal [get_report_configs -of_objects [get_runs impl_1] impl_1_route_report_bus_skew_0] "" ] } {
#   create_report_config -report_name impl_1_route_report_bus_skew_0 -report_type report_bus_skew:1.1 -steps route_design -runs impl_1
# }
# set obj [get_report_configs -of_objects [get_runs impl_1] impl_1_route_report_bus_skew_0]
# if { $obj != "" } {
# set_property -name "options.warn_on_violation" -value "1" -objects $obj
# 
# }
# if { [ string equal [get_report_configs -of_objects [get_runs impl_1] impl_1_post_route_phys_opt_report_timing_summary_0] "" ] } {
#   create_report_config -report_name impl_1_post_route_phys_opt_report_timing_summary_0 -report_type report_timing_summary:1.0 -steps post_route_phys_opt_design -runs impl_1
# }
# set obj [get_report_configs -of_objects [get_runs impl_1] impl_1_post_route_phys_opt_report_timing_summary_0]
# if { $obj != "" } {
# set_property -name "options.max_paths" -value "10" -objects $obj
# set_property -name "options.warn_on_violation" -value "1" -objects $obj
# 
# }
# if { [ string equal [get_report_configs -of_objects [get_runs impl_1] impl_1_post_route_phys_opt_report_bus_skew_0] "" ] } {
#   create_report_config -report_name impl_1_post_route_phys_opt_report_bus_skew_0 -report_type report_bus_skew:1.1 -steps post_route_phys_opt_design -runs impl_1
# }
# set obj [get_report_configs -of_objects [get_runs impl_1] impl_1_post_route_phys_opt_report_bus_skew_0]
# if { $obj != "" } {
# set_property -name "options.warn_on_violation" -value "1" -objects $obj
# 
# }
# set obj [get_runs impl_1]
# set_property -name "strategy" -value "Vivado Implementation Defaults" -objects $obj
# set_property -name "steps.phys_opt_design.is_enabled" -value "1" -objects $obj
# set_property -name "steps.write_bitstream.args.readback_file" -value "0" -objects $obj
# set_property -name "steps.write_bitstream.args.verbose" -value "0" -objects $obj
# current_run -implementation [get_runs impl_1]
# puts "INFO: Project created:${_xil_proj_name_}"
INFO: Project created:rsd
# if {[string equal [get_dashboard_gadgets  [ list "drc_1" ] ] ""]} {
# create_dashboard_gadget -name {drc_1} -type drc
# }
# set obj [get_dashboard_gadgets [ list "drc_1" ] ]
# set_property -name "reports" -value "impl_1#impl_1_route_report_drc_0" -objects $obj
# if {[string equal [get_dashboard_gadgets  [ list "methodology_1" ] ] ""]} {
# create_dashboard_gadget -name {methodology_1} -type methodology
# }
# set obj [get_dashboard_gadgets [ list "methodology_1" ] ]
# set_property -name "reports" -value "impl_1#impl_1_route_report_methodology_0" -objects $obj
# if {[string equal [get_dashboard_gadgets  [ list "power_1" ] ] ""]} {
# create_dashboard_gadget -name {power_1} -type power
# }
# set obj [get_dashboard_gadgets [ list "power_1" ] ]
# set_property -name "reports" -value "impl_1#impl_1_route_report_power_0" -objects $obj
# if {[string equal [get_dashboard_gadgets  [ list "timing_1" ] ] ""]} {
# create_dashboard_gadget -name {timing_1} -type timing
# }
# set obj [get_dashboard_gadgets [ list "timing_1" ] ]
# set_property -name "reports" -value "impl_1#impl_1_route_report_timing_summary_0" -objects $obj
# if {[string equal [get_dashboard_gadgets  [ list "utilization_1" ] ] ""]} {
# create_dashboard_gadget -name {utilization_1} -type utilization
# }
# set obj [get_dashboard_gadgets [ list "utilization_1" ] ]
# set_property -name "reports" -value "synth_1#synth_1_synth_report_utilization_0" -objects $obj
# set_property -name "run.step" -value "synth_design" -objects $obj
# set_property -name "run.type" -value "synthesis" -objects $obj
# if {[string equal [get_dashboard_gadgets  [ list "utilization_2" ] ] ""]} {
# create_dashboard_gadget -name {utilization_2} -type utilization
# }
# set obj [get_dashboard_gadgets [ list "utilization_2" ] ]
# set_property -name "reports" -value "impl_1#impl_1_place_report_utilization_0" -objects $obj
# move_dashboard_gadget -name {utilization_1} -row 0 -col 0
# move_dashboard_gadget -name {power_1} -row 1 -col 0
# move_dashboard_gadget -name {drc_1} -row 2 -col 0
# move_dashboard_gadget -name {timing_1} -row 0 -col 1
# move_dashboard_gadget -name {utilization_2} -row 1 -col 1
# move_dashboard_gadget -name {methodology_1} -row 2 -col 1
# set_property  ip_repo_paths  $env(RSD_ROOT)/Processor/Project/Vivado/TargetBoards/Zedboard/rsd_ip/Vivado [current_project]
# update_ip_catalog
INFO: [IP_Flow 19-234] Refreshing IP repositories
INFO: [IP_Flow 19-1700] Loaded user IP repository '/home/jrmerkel/Documents/School/581/proj/rsd/Processor/Project/Vivado/TargetBoards/Zedboard/rsd_ip/Vivado'.
INFO: [IP_Flow 19-2313] Loaded Vivado IP repository '/tools/Xilinx/Vivado/2020.1/data/ip'.
# source "$env(RSD_ROOT)/Processor/Project/Vivado/TargetBoards/Zedboard/scripts/synthesis/design_1.tcl"
## namespace eval _tcl {
## proc get_script_folder {} {
##    set script_path [file normalize [info script]]
##    set script_folder [file dirname $script_path]
##    return $script_folder
## }
## }
## variable script_folder
## set script_folder [_tcl::get_script_folder]
## set scripts_vivado_version 2019.2
## set current_vivado_version [version -short]
## if { [string first $scripts_vivado_version $current_vivado_version] == -1 } {
##    puts ""
##    catch {common::send_msg_id "BD_TCL-109" "ERROR" "This script was generated using Vivado <$scripts_vivado_version> and is being run in <$current_vivado_version> of Vivado. Please run the script in Vivado <$scripts_vivado_version> then open the design in Vivado <$current_vivado_version>. Upgrade the design by running \"Tools => Report => Report IP Status...\", then run write_bd_tcl to create an updated script."}
## 
##    return 1
## }

ERROR: [BD_TCL-109] This script was generated using Vivado <2019.2> and is being run in <2020.1> of Vivado. Please run the script in Vivado <2019.2> then open the design in Vivado <2020.1>. Upgrade the design by running "Tools => Report => Report IP Status...", then run write_bd_tcl to create an updated script.
# update_compile_order -fileset sources_1
CRITICAL WARNING: [filemgmt 20-742] The top module "RSD" specified for this project can not be validated. The current project is using automatic hierarchy update mode, and hence a new suitable replacement top will be automatically selected. If this is not desired, please change the hierarchy update mode to one of the manual compile order modes first, and then set top to any desired value.
Resolution: To switch to manual update order go to the Sources view, right-click on any node in the hierarchy and in the context menu select: 'Hierarchy Update' option 'No Update' or run the following Tcl Command: set_property source_mgmt_mode None [current_project] (which is the Manual Compile Order mode).
CRITICAL WARNING: [filemgmt 20-730] Could not find a top module in the fileset sources_1.
Resolution: With the gui up, review the source files in the Sources window. Use Add Sources to add any needed sources. If the files are disabled, enable them. You can also select the file and choose Set Used In from the pop-up menu. Review if they are being used at the proper points of the flow.
WARNING: [Vivado 12-818] No files matched '/home/jrmerkel/Documents/School/581/proj/rsd//Processor/Project/Vivado/TargetBoards/Zedboard/rsd/rsd.srcs/sources_1/bd/design_1/design_1.bd'
# make_wrapper -files [get_files $env(RSD_ROOT)/Processor/Project/Vivado/TargetBoards/Zedboard/rsd/rsd.srcs/sources_1/bd/design_1/design_1.bd] -top
# add_files -norecurse $env(RSD_ROOT)/Processor/Project/Vivado/TargetBoards/Zedboard/rsd/rsd.srcs/sources_1/bd/design_1/hdl/design_1_wrapper.v
ERROR: [Vivado 12-172] File or Directory '/home/jrmerkel/Documents/School/581/proj/rsd//Processor/Project/Vivado/TargetBoards/Zedboard/rsd/rsd.srcs/sources_1/bd/design_1/hdl/design_1_wrapper.v' does not exist
INFO: [Common 17-206] Exiting Vivado at Sun Nov 14 19:32:22 2021...
