Nov 26 06:30:40 debian-armhf init: Id "T0" respawning too fast: disabled for 5 minutes
Nov 26 06:37:21 debian-armhf init: Id "T0" respawning too fast: disabled for 5 minutes
Nov 26 06:44:02 debian-armhf init: Id "T0" respawning too fast: disabled for 5 minutes
Nov 26 06:50:43 debian-armhf init: Id "T0" respawning too fast: disabled for 5 minutes
Nov 26 06:57:24 debian-armhf init: Id "T0" respawning too fast: disabled for 5 minutes
Nov 26 07:04:05 debian-armhf init: Id "T0" respawning too fast: disabled for 5 minutes
Nov 26 07:10:46 debian-armhf init: Id "T0" respawning too fast: disabled for 5 minutes
Nov 26 07:17:27 debian-armhf init: Id "T0" respawning too fast: disabled for 5 minutes
Nov 26 07:24:08 debian-armhf init: Id "T0" respawning too fast: disabled for 5 minutes
Nov 26 07:30:50 debian-armhf init: Id "T0" respawning too fast: disabled for 5 minutes
Nov 26 07:37:31 debian-armhf init: Id "T0" respawning too fast: disabled for 5 minutes
Nov 26 07:44:12 debian-armhf init: Id "T0" respawning too fast: disabled for 5 minutes
Nov 26 07:50:53 debian-armhf init: Id "T0" respawning too fast: disabled for 5 minutes
Nov 26 07:57:34 debian-armhf init: Id "T0" respawning too fast: disabled for 5 minutes
Nov 26 08:04:15 debian-armhf init: Id "T0" respawning too fast: disabled for 5 minutes
Nov 26 08:10:56 debian-armhf init: Id "T0" respawning too fast: disabled for 5 minutes
Nov 26 08:17:38 debian-armhf init: Id "T0" respawning too fast: disabled for 5 minutes
Nov 26 08:24:19 debian-armhf init: Id "T0" respawning too fast: disabled for 5 minutes
Nov 26 08:31:00 debian-armhf init: Id "T0" respawning too fast: disabled for 5 minutes
Nov 26 08:37:41 debian-armhf init: Id "T0" respawning too fast: disabled for 5 minutes
Nov 26 08:44:22 debian-armhf init: Id "T0" respawning too fast: disabled for 5 minutes
Nov 26 08:51:03 debian-armhf init: Id "T0" respawning too fast: disabled for 5 minutes
Nov 26 08:57:44 debian-armhf init: Id "T0" respawning too fast: disabled for 5 minutes
Nov 26 09:04:26 debian-armhf init: Id "T0" respawning too fast: disabled for 5 minutes
Nov 26 09:11:07 debian-armhf init: Id "T0" respawning too fast: disabled for 5 minutes
Nov 26 09:17:48 debian-armhf init: Id "T0" respawning too fast: disabled for 5 minutes
Nov 26 09:24:29 debian-armhf init: Id "T0" respawning too fast: disabled for 5 minutes
Nov 26 09:31:10 debian-armhf init: Id "T0" respawning too fast: disabled for 5 minutes
Nov 26 09:37:51 debian-armhf init: Id "T0" respawning too fast: disabled for 5 minutes
Nov 26 09:44:32 debian-armhf init: Id "T0" respawning too fast: disabled for 5 minutes
Nov 26 09:51:14 debian-armhf init: Id "T0" respawning too fast: disabled for 5 minutes
Nov 26 09:57:55 debian-armhf init: Id "T0" respawning too fast: disabled for 5 minutes
Nov 26 10:04:36 debian-armhf init: Id "T0" respawning too fast: disabled for 5 minutes
Nov 26 10:11:17 debian-armhf init: Id "T0" respawning too fast: disabled for 5 minutes
Nov 26 10:17:58 debian-armhf init: Id "T0" respawning too fast: disabled for 5 minutes
Nov 26 10:24:39 debian-armhf init: Id "T0" respawning too fast: disabled for 5 minutes
Nov 26 10:31:20 debian-armhf init: Id "T0" respawning too fast: disabled for 5 minutes
Nov 26 10:38:02 debian-armhf init: Id "T0" respawning too fast: disabled for 5 minutes
Nov 26 10:44:43 debian-armhf init: Id "T0" respawning too fast: disabled for 5 minutes
Nov 26 10:51:24 debian-armhf init: Id "T0" respawning too fast: disabled for 5 minutes
Nov 26 10:58:05 debian-armhf init: Id "T0" respawning too fast: disabled for 5 minutes
Nov 26 11:04:46 debian-armhf init: Id "T0" respawning too fast: disabled for 5 minutes
Nov 26 11:11:27 debian-armhf init: Id "T0" respawning too fast: disabled for 5 minutes
Nov 26 11:18:08 debian-armhf init: Id "T0" respawning too fast: disabled for 5 minutes
Nov 26 11:24:50 debian-armhf init: Id "T0" respawning too fast: disabled for 5 minutes
Nov 26 11:31:31 debian-armhf init: Id "T0" respawning too fast: disabled for 5 minutes
Nov 26 11:38:12 debian-armhf init: Id "T0" respawning too fast: disabled for 5 minutes
Nov 26 11:44:53 debian-armhf init: Id "T0" respawning too fast: disabled for 5 minutes
Nov 26 11:51:34 debian-armhf init: Id "T0" respawning too fast: disabled for 5 minutes
Nov 26 11:58:15 debian-armhf init: Id "T0" respawning too fast: disabled for 5 minutes
Nov 26 12:04:56 debian-armhf init: Id "T0" respawning too fast: disabled for 5 minutes
Nov 26 12:11:38 debian-armhf init: Id "T0" respawning too fast: disabled for 5 minutes
Nov 26 12:18:19 debian-armhf init: Id "T0" respawning too fast: disabled for 5 minutes
Nov 26 12:25:00 debian-armhf init: Id "T0" respawning too fast: disabled for 5 minutes
Nov 26 12:31:41 debian-armhf init: Id "T0" respawning too fast: disabled for 5 minutes
Nov 26 12:38:22 debian-armhf init: Id "T0" respawning too fast: disabled for 5 minutes
Nov 26 12:45:03 debian-armhf init: Id "T0" respawning too fast: disabled for 5 minutes
Nov 26 12:51:44 debian-armhf init: Id "T0" respawning too fast: disabled for 5 minutes
Nov 26 12:58:26 debian-armhf init: Id "T0" respawning too fast: disabled for 5 minutes
Nov 26 13:05:07 debian-armhf init: Id "T0" respawning too fast: disabled for 5 minutes
Nov 26 13:11:48 debian-armhf init: Id "T0" respawning too fast: disabled for 5 minutes
Nov 26 13:18:29 debian-armhf init: Id "T0" respawning too fast: disabled for 5 minutes
Nov 26 13:25:10 debian-armhf init: Id "T0" respawning too fast: disabled for 5 minutes
Nov 26 13:31:51 debian-armhf init: Id "T0" respawning too fast: disabled for 5 minutes
Nov 26 13:38:32 debian-armhf init: Id "T0" respawning too fast: disabled for 5 minutes
Nov 26 13:45:13 debian-armhf init: Id "T0" respawning too fast: disabled for 5 minutes
Nov 26 13:51:54 debian-armhf init: Id "T0" respawning too fast: disabled for 5 minutes
Nov 26 13:58:35 debian-armhf init: Id "T0" respawning too fast: disabled for 5 minutes
Nov 26 14:05:16 debian-armhf init: Id "T0" respawning too fast: disabled for 5 minutes
Nov 26 14:11:57 debian-armhf init: Id "T0" respawning too fast: disabled for 5 minutes
Nov 26 14:18:38 debian-armhf init: Id "T0" respawning too fast: disabled for 5 minutes
Nov 26 14:25:19 debian-armhf init: Id "T0" respawning too fast: disabled for 5 minutes
Nov 26 14:32:00 debian-armhf init: Id "T0" respawning too fast: disabled for 5 minutes
Nov 26 14:38:41 debian-armhf init: Id "T0" respawning too fast: disabled for 5 minutes
Nov 26 14:45:22 debian-armhf init: Id "T0" respawning too fast: disabled for 5 minutes
Nov 26 14:52:03 debian-armhf init: Id "T0" respawning too fast: disabled for 5 minutes
Nov 26 14:58:44 debian-armhf init: Id "T0" respawning too fast: disabled for 5 minutes
Nov 26 15:05:25 debian-armhf init: Id "T0" respawning too fast: disabled for 5 minutes
Nov 26 15:12:06 debian-armhf init: Id "T0" respawning too fast: disabled for 5 minutes
Nov 26 15:18:47 debian-armhf init: Id "T0" respawning too fast: disabled for 5 minutes
Nov 26 15:25:28 debian-armhf init: Id "T0" respawning too fast: disabled for 5 minutes
Nov 26 15:32:09 debian-armhf init: Id "T0" respawning too fast: disabled for 5 minutes
Nov 26 15:38:50 debian-armhf init: Id "T0" respawning too fast: disabled for 5 minutes
Nov 26 15:45:31 debian-armhf init: Id "T0" respawning too fast: disabled for 5 minutes
Nov 26 15:52:12 debian-armhf init: Id "T0" respawning too fast: disabled for 5 minutes
Nov 26 15:58:53 debian-armhf init: Id "T0" respawning too fast: disabled for 5 minutes
Nov 26 16:05:34 debian-armhf init: Id "T0" respawning too fast: disabled for 5 minutes
Nov 26 16:12:15 debian-armhf init: Id "T0" respawning too fast: disabled for 5 minutes
Nov 26 16:18:56 debian-armhf init: Id "T0" respawning too fast: disabled for 5 minutes
Nov 26 16:25:37 debian-armhf init: Id "T0" respawning too fast: disabled for 5 minutes
Nov 26 16:32:18 debian-armhf init: Id "T0" respawning too fast: disabled for 5 minutes
Nov 26 16:38:59 debian-armhf init: Id "T0" respawning too fast: disabled for 5 minutes
Nov 26 16:45:40 debian-armhf init: Id "T0" respawning too fast: disabled for 5 minutes
Nov 26 16:52:21 debian-armhf init: Id "T0" respawning too fast: disabled for 5 minutes
Nov 26 16:59:02 debian-armhf init: Id "T0" respawning too fast: disabled for 5 minutes
Nov 26 17:05:43 debian-armhf init: Id "T0" respawning too fast: disabled for 5 minutes
Nov 26 17:12:24 debian-armhf init: Id "T0" respawning too fast: disabled for 5 minutes
Nov 26 17:19:05 debian-armhf init: Id "T0" respawning too fast: disabled for 5 minutes
Nov 26 17:25:46 debian-armhf init: Id "T0" respawning too fast: disabled for 5 minutes
Nov 26 17:32:27 debian-armhf init: Id "T0" respawning too fast: disabled for 5 minutes
Nov 26 17:39:08 debian-armhf init: Id "T0" respawning too fast: disabled for 5 minutes
Nov 26 17:45:49 debian-armhf init: Id "T0" respawning too fast: disabled for 5 minutes
Nov 26 17:52:30 debian-armhf init: Id "T0" respawning too fast: disabled for 5 minutes
Nov 26 17:59:11 debian-armhf init: Id "T0" respawning too fast: disabled for 5 minutes
Nov 26 18:05:52 debian-armhf init: Id "T0" respawning too fast: disabled for 5 minutes
Nov 26 18:12:33 debian-armhf init: Id "T0" respawning too fast: disabled for 5 minutes
Nov 26 18:19:14 debian-armhf init: Id "T0" respawning too fast: disabled for 5 minutes
Nov 26 18:25:55 debian-armhf init: Id "T0" respawning too fast: disabled for 5 minutes
Nov 26 18:32:36 debian-armhf init: Id "T0" respawning too fast: disabled for 5 minutes
Nov 26 18:39:18 debian-armhf init: Id "T0" respawning too fast: disabled for 5 minutes
Nov 26 18:45:59 debian-armhf init: Id "T0" respawning too fast: disabled for 5 minutes
Nov 26 18:52:40 debian-armhf init: Id "T0" respawning too fast: disabled for 5 minutes
Nov 26 18:59:21 debian-armhf init: Id "T0" respawning too fast: disabled for 5 minutes
Nov 26 19:06:02 debian-armhf init: Id "T0" respawning too fast: disabled for 5 minutes
Nov 26 19:12:43 debian-armhf init: Id "T0" respawning too fast: disabled for 5 minutes
Nov 26 19:19:24 debian-armhf init: Id "T0" respawning too fast: disabled for 5 minutes
Nov 26 19:26:06 debian-armhf init: Id "T0" respawning too fast: disabled for 5 minutes
Nov 26 19:32:47 debian-armhf init: Id "T0" respawning too fast: disabled for 5 minutes
Nov 26 19:39:28 debian-armhf init: Id "T0" respawning too fast: disabled for 5 minutes
Nov 26 19:46:09 debian-armhf init: Id "T0" respawning too fast: disabled for 5 minutes
Nov 26 19:52:50 debian-armhf init: Id "T0" respawning too fast: disabled for 5 minutes
Nov 26 19:59:31 debian-armhf init: Id "T0" respawning too fast: disabled for 5 minutes
Nov 26 20:06:12 debian-armhf init: Id "T0" respawning too fast: disabled for 5 minutes
Nov 26 20:12:54 debian-armhf init: Id "T0" respawning too fast: disabled for 5 minutes
Nov 26 20:19:35 debian-armhf init: Id "T0" respawning too fast: disabled for 5 minutes
Nov 26 20:26:16 debian-armhf init: Id "T0" respawning too fast: disabled for 5 minutes
Nov 26 20:32:57 debian-armhf init: Id "T0" respawning too fast: disabled for 5 minutes
Nov 26 20:39:38 debian-armhf init: Id "T0" respawning too fast: disabled for 5 minutes
Nov 26 20:46:19 debian-armhf init: Id "T0" respawning too fast: disabled for 5 minutes
Nov 26 20:53:00 debian-armhf init: Id "T0" respawning too fast: disabled for 5 minutes
Nov 26 20:59:42 debian-armhf init: Id "T0" respawning too fast: disabled for 5 minutes
Nov 26 21:06:23 debian-armhf init: Id "T0" respawning too fast: disabled for 5 minutes
Nov 26 21:13:04 debian-armhf init: Id "T0" respawning too fast: disabled for 5 minutes
Nov 26 21:19:45 debian-armhf init: Id "T0" respawning too fast: disabled for 5 minutes
Nov 26 21:26:26 debian-armhf init: Id "T0" respawning too fast: disabled for 5 minutes
Nov 26 21:33:07 debian-armhf init: Id "T0" respawning too fast: disabled for 5 minutes
Nov 26 21:39:48 debian-armhf init: Id "T0" respawning too fast: disabled for 5 minutes
Nov 26 21:46:30 debian-armhf init: Id "T0" respawning too fast: disabled for 5 minutes
Nov 26 21:53:11 debian-armhf init: Id "T0" respawning too fast: disabled for 5 minutes
Nov 26 21:59:52 debian-armhf init: Id "T0" respawning too fast: disabled for 5 minutes
Nov 26 22:06:33 debian-armhf init: Id "T0" respawning too fast: disabled for 5 minutes
Nov 26 22:13:14 debian-armhf init: Id "T0" respawning too fast: disabled for 5 minutes
Nov 26 22:19:55 debian-armhf init: Id "T0" respawning too fast: disabled for 5 minutes
Nov 26 22:26:36 debian-armhf init: Id "T0" respawning too fast: disabled for 5 minutes
Nov 26 22:33:18 debian-armhf init: Id "T0" respawning too fast: disabled for 5 minutes
Nov 26 22:39:59 debian-armhf init: Id "T0" respawning too fast: disabled for 5 minutes
Nov 26 22:46:40 debian-armhf init: Id "T0" respawning too fast: disabled for 5 minutes
Nov 26 22:53:21 debian-armhf init: Id "T0" respawning too fast: disabled for 5 minutes
Nov 26 23:00:02 debian-armhf init: Id "T0" respawning too fast: disabled for 5 minutes
Nov 26 23:06:43 debian-armhf init: Id "T0" respawning too fast: disabled for 5 minutes
Nov 26 23:13:24 debian-armhf init: Id "T0" respawning too fast: disabled for 5 minutes
Nov 26 23:20:06 debian-armhf init: Id "T0" respawning too fast: disabled for 5 minutes
Nov 26 23:26:47 debian-armhf init: Id "T0" respawning too fast: disabled for 5 minutes
Nov 26 23:33:28 debian-armhf init: Id "T0" respawning too fast: disabled for 5 minutes
Nov 26 23:40:09 debian-armhf init: Id "T0" respawning too fast: disabled for 5 minutes
Nov 26 23:46:50 debian-armhf init: Id "T0" respawning too fast: disabled for 5 minutes
Nov 26 23:53:31 debian-armhf init: Id "T0" respawning too fast: disabled for 5 minutes
Nov 27 00:00:12 debian-armhf init: Id "T0" respawning too fast: disabled for 5 minutes
Nov 27 00:06:54 debian-armhf init: Id "T0" respawning too fast: disabled for 5 minutes
Nov 27 00:13:35 debian-armhf init: Id "T0" respawning too fast: disabled for 5 minutes
Nov 27 00:20:16 debian-armhf init: Id "T0" respawning too fast: disabled for 5 minutes
Nov 27 00:26:57 debian-armhf init: Id "T0" respawning too fast: disabled for 5 minutes
Nov 27 00:33:38 debian-armhf init: Id "T0" respawning too fast: disabled for 5 minutes
Nov 27 00:40:19 debian-armhf init: Id "T0" respawning too fast: disabled for 5 minutes
Nov 27 00:47:00 debian-armhf init: Id "T0" respawning too fast: disabled for 5 minutes
Nov 27 00:53:41 debian-armhf init: Id "T0" respawning too fast: disabled for 5 minutes
Nov 27 01:00:22 debian-armhf init: Id "T0" respawning too fast: disabled for 5 minutes
Nov 27 01:07:03 debian-armhf init: Id "T0" respawning too fast: disabled for 5 minutes
Nov 27 01:13:44 debian-armhf init: Id "T0" respawning too fast: disabled for 5 minutes
Nov 27 01:20:25 debian-armhf init: Id "T0" respawning too fast: disabled for 5 minutes
Nov 27 01:27:06 debian-armhf init: Id "T0" respawning too fast: disabled for 5 minutes
Nov 27 01:33:47 debian-armhf init: Id "T0" respawning too fast: disabled for 5 minutes
Nov 27 01:40:28 debian-armhf init: Id "T0" respawning too fast: disabled for 5 minutes
Nov 27 01:47:09 debian-armhf init: Id "T0" respawning too fast: disabled for 5 minutes
Nov 27 01:53:50 debian-armhf init: Id "T0" respawning too fast: disabled for 5 minutes
Nov 27 02:00:31 debian-armhf init: Id "T0" respawning too fast: disabled for 5 minutes
Nov 27 02:07:12 debian-armhf init: Id "T0" respawning too fast: disabled for 5 minutes
Nov 27 02:13:53 debian-armhf init: Id "T0" respawning too fast: disabled for 5 minutes
Nov 27 02:20:34 debian-armhf init: Id "T0" respawning too fast: disabled for 5 minutes
Nov 27 02:27:15 debian-armhf init: Id "T0" respawning too fast: disabled for 5 minutes
Nov 27 02:33:56 debian-armhf init: Id "T0" respawning too fast: disabled for 5 minutes
Nov 27 02:40:37 debian-armhf init: Id "T0" respawning too fast: disabled for 5 minutes
Nov 27 02:47:18 debian-armhf init: Id "T0" respawning too fast: disabled for 5 minutes
Nov 27 02:53:59 debian-armhf init: Id "T0" respawning too fast: disabled for 5 minutes
Nov 27 03:00:40 debian-armhf init: Id "T0" respawning too fast: disabled for 5 minutes
Nov 27 03:07:21 debian-armhf init: Id "T0" respawning too fast: disabled for 5 minutes
Nov 27 03:14:02 debian-armhf init: Id "T0" respawning too fast: disabled for 5 minutes
Nov 27 03:20:43 debian-armhf init: Id "T0" respawning too fast: disabled for 5 minutes
Nov 27 03:27:24 debian-armhf init: Id "T0" respawning too fast: disabled for 5 minutes
Nov 27 03:34:05 debian-armhf init: Id "T0" respawning too fast: disabled for 5 minutes
Nov 27 03:40:46 debian-armhf init: Id "T0" respawning too fast: disabled for 5 minutes
Nov 27 03:47:27 debian-armhf init: Id "T0" respawning too fast: disabled for 5 minutes
Nov 27 03:54:08 debian-armhf init: Id "T0" respawning too fast: disabled for 5 minutes
Nov 27 04:00:49 debian-armhf init: Id "T0" respawning too fast: disabled for 5 minutes
Nov 27 04:07:30 debian-armhf init: Id "T0" respawning too fast: disabled for 5 minutes
Nov 27 04:14:11 debian-armhf init: Id "T0" respawning too fast: disabled for 5 minutes
Nov 27 04:20:52 debian-armhf init: Id "T0" respawning too fast: disabled for 5 minutes
Nov 27 04:27:33 debian-armhf init: Id "T0" respawning too fast: disabled for 5 minutes
Nov 27 04:34:14 debian-armhf init: Id "T0" respawning too fast: disabled for 5 minutes
Nov 27 04:40:55 debian-armhf init: Id "T0" respawning too fast: disabled for 5 minutes
Nov 27 04:47:36 debian-armhf init: Id "T0" respawning too fast: disabled for 5 minutes
Nov 27 04:54:17 debian-armhf init: Id "T0" respawning too fast: disabled for 5 minutes
Nov 27 05:00:59 debian-armhf init: Id "T0" respawning too fast: disabled for 5 minutes
Nov 27 05:07:40 debian-armhf init: Id "T0" respawning too fast: disabled for 5 minutes
Nov 27 05:14:21 debian-armhf init: Id "T0" respawning too fast: disabled for 5 minutes
Nov 27 05:21:02 debian-armhf init: Id "T0" respawning too fast: disabled for 5 minutes
Nov 27 05:27:43 debian-armhf init: Id "T0" respawning too fast: disabled for 5 minutes
Nov 27 05:34:24 debian-armhf init: Id "T0" respawning too fast: disabled for 5 minutes
Nov 27 05:41:05 debian-armhf init: Id "T0" respawning too fast: disabled for 5 minutes
Nov 27 05:47:47 debian-armhf init: Id "T0" respawning too fast: disabled for 5 minutes
Nov 27 05:54:28 debian-armhf init: Id "T0" respawning too fast: disabled for 5 minutes
Nov 27 06:01:09 debian-armhf init: Id "T0" respawning too fast: disabled for 5 minutes
Nov 27 06:07:50 debian-armhf init: Id "T0" respawning too fast: disabled for 5 minutes
Nov 27 06:14:31 debian-armhf init: Id "T0" respawning too fast: disabled for 5 minutes
Nov 27 06:21:12 debian-armhf init: Id "T0" respawning too fast: disabled for 5 minutes
Nov 27 06:27:53 debian-armhf init: Id "T0" respawning too fast: disabled for 5 minutes
Nov 27 06:34:35 debian-armhf init: Id "T0" respawning too fast: disabled for 5 minutes
Nov 27 06:41:16 debian-armhf init: Id "T0" respawning too fast: disabled for 5 minutes
Nov 27 06:47:57 debian-armhf init: Id "T0" respawning too fast: disabled for 5 minutes
Nov 27 06:54:38 debian-armhf init: Id "T0" respawning too fast: disabled for 5 minutes
Nov 27 07:01:19 debian-armhf init: Id "T0" respawning too fast: disabled for 5 minutes
Nov 27 07:08:00 debian-armhf init: Id "T0" respawning too fast: disabled for 5 minutes
Nov 27 07:14:41 debian-armhf init: Id "T0" respawning too fast: disabled for 5 minutes
Nov 27 07:21:23 debian-armhf init: Id "T0" respawning too fast: disabled for 5 minutes
Nov 27 07:28:04 debian-armhf init: Id "T0" respawning too fast: disabled for 5 minutes
Nov 27 07:34:45 debian-armhf init: Id "T0" respawning too fast: disabled for 5 minutes
Nov 27 07:41:26 debian-armhf init: Id "T0" respawning too fast: disabled for 5 minutes
Nov 27 07:48:07 debian-armhf init: Id "T0" respawning too fast: disabled for 5 minutes
Nov 27 07:54:48 debian-armhf init: Id "T0" respawning too fast: disabled for 5 minutes
Nov 27 08:01:29 debian-armhf init: Id "T0" respawning too fast: disabled for 5 minutes
Nov 27 08:08:11 debian-armhf init: Id "T0" respawning too fast: disabled for 5 minutes
Nov 27 08:14:52 debian-armhf init: Id "T0" respawning too fast: disabled for 5 minutes
Nov 27 08:21:33 debian-armhf init: Id "T0" respawning too fast: disabled for 5 minutes
Nov 27 08:28:14 debian-armhf init: Id "T0" respawning too fast: disabled for 5 minutes
Nov 27 08:34:55 debian-armhf init: Id "T0" respawning too fast: disabled for 5 minutes
Nov 27 08:41:36 debian-armhf init: Id "T0" respawning too fast: disabled for 5 minutes
Nov 27 08:48:17 debian-armhf init: Id "T0" respawning too fast: disabled for 5 minutes
Nov 27 08:54:59 debian-armhf init: Id "T0" respawning too fast: disabled for 5 minutes
Nov 27 09:01:40 debian-armhf init: Id "T0" respawning too fast: disabled for 5 minutes
Nov 27 09:08:21 debian-armhf init: Id "T0" respawning too fast: disabled for 5 minutes
Nov 27 09:15:02 debian-armhf init: Id "T0" respawning too fast: disabled for 5 minutes
Nov 27 09:21:43 debian-armhf init: Id "T0" respawning too fast: disabled for 5 minutes
Nov 27 09:28:24 debian-armhf init: Id "T0" respawning too fast: disabled for 5 minutes
Nov 27 09:35:05 debian-armhf init: Id "T0" respawning too fast: disabled for 5 minutes
Nov 27 09:41:47 debian-armhf init: Id "T0" respawning too fast: disabled for 5 minutes
Nov 27 09:48:28 debian-armhf init: Id "T0" respawning too fast: disabled for 5 minutes
Nov 27 09:55:09 debian-armhf init: Id "T0" respawning too fast: disabled for 5 minutes
Nov 27 10:01:50 debian-armhf init: Id "T0" respawning too fast: disabled for 5 minutes
Nov 27 10:08:31 debian-armhf init: Id "T0" respawning too fast: disabled for 5 minutes
Nov 27 10:15:12 debian-armhf init: Id "T0" respawning too fast: disabled for 5 minutes
Nov 27 10:21:53 debian-armhf init: Id "T0" respawning too fast: disabled for 5 minutes
Nov 27 10:28:35 debian-armhf init: Id "T0" respawning too fast: disabled for 5 minutes
Nov 27 10:35:16 debian-armhf init: Id "T0" respawning too fast: disabled for 5 minutes
Nov 27 10:41:57 debian-armhf init: Id "T0" respawning too fast: disabled for 5 minutes
Nov 27 10:48:38 debian-armhf init: Id "T0" respawning too fast: disabled for 5 minutes
Nov 27 10:55:19 debian-armhf init: Id "T0" respawning too fast: disabled for 5 minutes
Nov 27 11:02:00 debian-armhf init: Id "T0" respawning too fast: disabled for 5 minutes
Nov 27 11:08:41 debian-armhf init: Id "T0" respawning too fast: disabled for 5 minutes
Nov 27 11:15:22 debian-armhf init: Id "T0" respawning too fast: disabled for 5 minutes
Nov 27 11:22:03 debian-armhf init: Id "T0" respawning too fast: disabled for 5 minutes
Nov 27 11:28:44 debian-armhf init: Id "T0" respawning too fast: disabled for 5 minutes
Nov 27 11:35:25 debian-armhf init: Id "T0" respawning too fast: disabled for 5 minutes
Nov 27 11:42:06 debian-armhf init: Id "T0" respawning too fast: disabled for 5 minutes
Nov 27 11:48:47 debian-armhf init: Id "T0" respawning too fast: disabled for 5 minutes
Nov 27 11:55:28 debian-armhf init: Id "T0" respawning too fast: disabled for 5 minutes
Nov 27 12:02:09 debian-armhf init: Id "T0" respawning too fast: disabled for 5 minutes
Nov 27 12:08:50 debian-armhf init: Id "T0" respawning too fast: disabled for 5 minutes
Nov 27 12:15:31 debian-armhf init: Id "T0" respawning too fast: disabled for 5 minutes
Nov 27 12:22:12 debian-armhf init: Id "T0" respawning too fast: disabled for 5 minutes
Nov 27 12:28:53 debian-armhf init: Id "T0" respawning too fast: disabled for 5 minutes
Nov 27 12:35:34 debian-armhf init: Id "T0" respawning too fast: disabled for 5 minutes
Nov 27 12:42:15 debian-armhf init: Id "T0" respawning too fast: disabled for 5 minutes
Nov 27 12:48:56 debian-armhf init: Id "T0" respawning too fast: disabled for 5 minutes
Nov 27 12:55:37 debian-armhf init: Id "T0" respawning too fast: disabled for 5 minutes
Nov 27 13:02:18 debian-armhf init: Id "T0" respawning too fast: disabled for 5 minutes
Nov 27 13:08:59 debian-armhf init: Id "T0" respawning too fast: disabled for 5 minutes
Nov 27 13:15:40 debian-armhf init: Id "T0" respawning too fast: disabled for 5 minutes
Nov 27 13:22:21 debian-armhf init: Id "T0" respawning too fast: disabled for 5 minutes
Nov 27 13:29:02 debian-armhf init: Id "T0" respawning too fast: disabled for 5 minutes
Nov 27 13:35:43 debian-armhf init: Id "T0" respawning too fast: disabled for 5 minutes
Nov 27 13:42:24 debian-armhf init: Id "T0" respawning too fast: disabled for 5 minutes
Nov 27 13:49:05 debian-armhf init: Id "T0" respawning too fast: disabled for 5 minutes
Nov 27 13:55:46 debian-armhf init: Id "T0" respawning too fast: disabled for 5 minutes
Nov 27 14:02:27 debian-armhf init: Id "T0" respawning too fast: disabled for 5 minutes
Nov 27 14:09:08 debian-armhf init: Id "T0" respawning too fast: disabled for 5 minutes
Nov 27 14:15:49 debian-armhf init: Id "T0" respawning too fast: disabled for 5 minutes
Nov 27 14:22:30 debian-armhf init: Id "T0" respawning too fast: disabled for 5 minutes
Nov 27 14:29:11 debian-armhf init: Id "T0" respawning too fast: disabled for 5 minutes
Nov 27 14:35:52 debian-armhf init: Id "T0" respawning too fast: disabled for 5 minutes
Nov 27 14:42:33 debian-armhf init: Id "T0" respawning too fast: disabled for 5 minutes
Nov 27 14:49:14 debian-armhf init: Id "T0" respawning too fast: disabled for 5 minutes
Nov 27 14:55:55 debian-armhf init: Id "T0" respawning too fast: disabled for 5 minutes
Nov 27 15:02:36 debian-armhf init: Id "T0" respawning too fast: disabled for 5 minutes
Nov 27 15:09:17 debian-armhf init: Id "T0" respawning too fast: disabled for 5 minutes
Nov 27 15:15:58 debian-armhf init: Id "T0" respawning too fast: disabled for 5 minutes
Nov 27 15:22:39 debian-armhf init: Id "T0" respawning too fast: disabled for 5 minutes
Nov 27 15:29:20 debian-armhf init: Id "T0" respawning too fast: disabled for 5 minutes
Nov 27 15:36:01 debian-armhf init: Id "T0" respawning too fast: disabled for 5 minutes
Nov 27 15:42:42 debian-armhf init: Id "T0" respawning too fast: disabled for 5 minutes
Nov 27 15:49:23 debian-armhf init: Id "T0" respawning too fast: disabled for 5 minutes
Nov 27 15:56:04 debian-armhf init: Id "T0" respawning too fast: disabled for 5 minutes
Nov 27 16:02:45 debian-armhf init: Id "T0" respawning too fast: disabled for 5 minutes
Nov 27 16:09:27 debian-armhf init: Id "T0" respawning too fast: disabled for 5 minutes
Nov 27 16:16:08 debian-armhf init: Id "T0" respawning too fast: disabled for 5 minutes
Nov 27 16:22:49 debian-armhf init: Id "T0" respawning too fast: disabled for 5 minutes
Nov 27 16:29:30 debian-armhf init: Id "T0" respawning too fast: disabled for 5 minutes
Nov 27 16:36:11 debian-armhf init: Id "T0" respawning too fast: disabled for 5 minutes
Nov 27 16:42:52 debian-armhf init: Id "T0" respawning too fast: disabled for 5 minutes
Nov 27 16:49:33 debian-armhf init: Id "T0" respawning too fast: disabled for 5 minutes
Nov 27 16:56:15 debian-armhf init: Id "T0" respawning too fast: disabled for 5 minutes
Nov 27 17:02:56 debian-armhf init: Id "T0" respawning too fast: disabled for 5 minutes
Nov 27 17:09:37 debian-armhf init: Id "T0" respawning too fast: disabled for 5 minutes
Nov 27 17:16:18 debian-armhf init: Id "T0" respawning too fast: disabled for 5 minutes
Nov 27 17:22:59 debian-armhf init: Id "T0" respawning too fast: disabled for 5 minutes
Nov 27 17:29:40 debian-armhf init: Id "T0" respawning too fast: disabled for 5 minutes
Nov 27 17:36:21 debian-armhf init: Id "T0" respawning too fast: disabled for 5 minutes
Nov 27 17:43:03 debian-armhf init: Id "T0" respawning too fast: disabled for 5 minutes
Nov 27 17:49:44 debian-armhf init: Id "T0" respawning too fast: disabled for 5 minutes
Nov 27 17:56:25 debian-armhf init: Id "T0" respawning too fast: disabled for 5 minutes
Nov 27 18:03:06 debian-armhf init: Id "T0" respawning too fast: disabled for 5 minutes
Nov 27 18:09:47 debian-armhf init: Id "T0" respawning too fast: disabled for 5 minutes
Nov 27 18:16:28 debian-armhf init: Id "T0" respawning too fast: disabled for 5 minutes
Nov 27 18:23:09 debian-armhf init: Id "T0" respawning too fast: disabled for 5 minutes
Nov 27 18:29:51 debian-armhf init: Id "T0" respawning too fast: disabled for 5 minutes
Nov 27 18:36:32 debian-armhf init: Id "T0" respawning too fast: disabled for 5 minutes
Nov 27 18:43:13 debian-armhf init: Id "T0" respawning too fast: disabled for 5 minutes
Nov 27 18:49:54 debian-armhf init: Id "T0" respawning too fast: disabled for 5 minutes
Nov 27 18:56:35 debian-armhf init: Id "T0" respawning too fast: disabled for 5 minutes
Nov 27 19:03:16 debian-armhf init: Id "T0" respawning too fast: disabled for 5 minutes
Nov 27 19:09:57 debian-armhf init: Id "T0" respawning too fast: disabled for 5 minutes
Nov 27 19:16:39 debian-armhf init: Id "T0" respawning too fast: disabled for 5 minutes
Nov 27 19:23:20 debian-armhf init: Id "T0" respawning too fast: disabled for 5 minutes
Nov 27 19:30:01 debian-armhf init: Id "T0" respawning too fast: disabled for 5 minutes
Nov 27 19:36:42 debian-armhf init: Id "T0" respawning too fast: disabled for 5 minutes
Nov 27 19:43:23 debian-armhf init: Id "T0" respawning too fast: disabled for 5 minutes
Nov 27 19:50:04 debian-armhf init: Id "T0" respawning too fast: disabled for 5 minutes
Nov 27 19:56:45 debian-armhf init: Id "T0" respawning too fast: disabled for 5 minutes
Nov 27 20:03:27 debian-armhf init: Id "T0" respawning too fast: disabled for 5 minutes
Nov 27 20:10:08 debian-armhf init: Id "T0" respawning too fast: disabled for 5 minutes
Nov 27 20:16:49 debian-armhf init: Id "T0" respawning too fast: disabled for 5 minutes
Nov 27 20:23:30 debian-armhf init: Id "T0" respawning too fast: disabled for 5 minutes
Nov 27 20:30:11 debian-armhf init: Id "T0" respawning too fast: disabled for 5 minutes
Nov 27 20:36:52 debian-armhf init: Id "T0" respawning too fast: disabled for 5 minutes
Nov 27 20:43:33 debian-armhf init: Id "T0" respawning too fast: disabled for 5 minutes
Nov 27 20:50:15 debian-armhf init: Id "T0" respawning too fast: disabled for 5 minutes
Nov 27 20:56:56 debian-armhf init: Id "T0" respawning too fast: disabled for 5 minutes
Nov 27 21:03:37 debian-armhf init: Id "T0" respawning too fast: disabled for 5 minutes
Nov 27 21:10:18 debian-armhf init: Id "T0" respawning too fast: disabled for 5 minutes
Nov 27 21:16:59 debian-armhf init: Id "T0" respawning too fast: disabled for 5 minutes
Nov 27 21:23:40 debian-armhf init: Id "T0" respawning too fast: disabled for 5 minutes
Nov 27 21:30:21 debian-armhf init: Id "T0" respawning too fast: disabled for 5 minutes
Nov 27 21:37:03 debian-armhf init: Id "T0" respawning too fast: disabled for 5 minutes
Nov 27 21:43:44 debian-armhf init: Id "T0" respawning too fast: disabled for 5 minutes
Nov 27 21:50:25 debian-armhf init: Id "T0" respawning too fast: disabled for 5 minutes
Nov 27 21:57:06 debian-armhf init: Id "T0" respawning too fast: disabled for 5 minutes
Nov 27 22:03:47 debian-armhf init: Id "T0" respawning too fast: disabled for 5 minutes
Nov 27 22:10:28 debian-armhf init: Id "T0" respawning too fast: disabled for 5 minutes
Nov 27 22:17:09 debian-armhf init: Id "T0" respawning too fast: disabled for 5 minutes
Nov 27 22:23:50 debian-armhf init: Id "T0" respawning too fast: disabled for 5 minutes
Nov 27 22:30:31 debian-armhf init: Id "T0" respawning too fast: disabled for 5 minutes
Nov 27 22:37:12 debian-armhf init: Id "T0" respawning too fast: disabled for 5 minutes
Nov 27 22:43:53 debian-armhf init: Id "T0" respawning too fast: disabled for 5 minutes
Nov 27 22:50:34 debian-armhf init: Id "T0" respawning too fast: disabled for 5 minutes
Nov 27 22:57:15 debian-armhf init: Id "T0" respawning too fast: disabled for 5 minutes
Nov 27 23:03:56 debian-armhf init: Id "T0" respawning too fast: disabled for 5 minutes
Nov 27 23:10:37 debian-armhf init: Id "T0" respawning too fast: disabled for 5 minutes
Nov 27 23:17:18 debian-armhf init: Id "T0" respawning too fast: disabled for 5 minutes
Nov 27 23:23:59 debian-armhf init: Id "T0" respawning too fast: disabled for 5 minutes
Nov 27 23:30:40 debian-armhf init: Id "T0" respawning too fast: disabled for 5 minutes
Nov 27 23:37:21 debian-armhf init: Id "T0" respawning too fast: disabled for 5 minutes
Nov 27 23:44:02 debian-armhf init: Id "T0" respawning too fast: disabled for 5 minutes
Nov 27 23:50:43 debian-armhf init: Id "T0" respawning too fast: disabled for 5 minutes
Nov 27 23:57:24 debian-armhf init: Id "T0" respawning too fast: disabled for 5 minutes
Nov 28 00:04:05 debian-armhf init: Id "T0" respawning too fast: disabled for 5 minutes
Nov 28 00:10:46 debian-armhf init: Id "T0" respawning too fast: disabled for 5 minutes
Nov 28 00:17:27 debian-armhf init: Id "T0" respawning too fast: disabled for 5 minutes
Nov 28 00:24:08 debian-armhf init: Id "T0" respawning too fast: disabled for 5 minutes
Nov 28 00:30:49 debian-armhf init: Id "T0" respawning too fast: disabled for 5 minutes
Nov 28 00:37:30 debian-armhf init: Id "T0" respawning too fast: disabled for 5 minutes
Nov 28 00:44:11 debian-armhf init: Id "T0" respawning too fast: disabled for 5 minutes
Nov 28 00:50:52 debian-armhf init: Id "T0" respawning too fast: disabled for 5 minutes
Nov 28 00:57:33 debian-armhf init: Id "T0" respawning too fast: disabled for 5 minutes
Nov 28 01:04:14 debian-armhf init: Id "T0" respawning too fast: disabled for 5 minutes
Nov 28 01:10:55 debian-armhf init: Id "T0" respawning too fast: disabled for 5 minutes
Nov 28 01:17:36 debian-armhf init: Id "T0" respawning too fast: disabled for 5 minutes
Nov 28 01:24:17 debian-armhf init: Id "T0" respawning too fast: disabled for 5 minutes
Nov 28 01:30:58 debian-armhf init: Id "T0" respawning too fast: disabled for 5 minutes
Nov 28 01:37:39 debian-armhf init: Id "T0" respawning too fast: disabled for 5 minutes
Nov 28 01:44:20 debian-armhf init: Id "T0" respawning too fast: disabled for 5 minutes
Nov 28 01:51:01 debian-armhf init: Id "T0" respawning too fast: disabled for 5 minutes
Nov 28 01:57:42 debian-armhf init: Id "T0" respawning too fast: disabled for 5 minutes
Nov 28 02:04:23 debian-armhf init: Id "T0" respawning too fast: disabled for 5 minutes
Nov 28 02:11:04 debian-armhf init: Id "T0" respawning too fast: disabled for 5 minutes
Nov 28 02:17:45 debian-armhf init: Id "T0" respawning too fast: disabled for 5 minutes
Nov 28 02:24:26 debian-armhf init: Id "T0" respawning too fast: disabled for 5 minutes
Nov 28 02:31:08 debian-armhf init: Id "T0" respawning too fast: disabled for 5 minutes
Nov 28 02:37:49 debian-armhf init: Id "T0" respawning too fast: disabled for 5 minutes
Nov 28 02:44:30 debian-armhf init: Id "T0" respawning too fast: disabled for 5 minutes
Nov 28 02:51:11 debian-armhf init: Id "T0" respawning too fast: disabled for 5 minutes
Nov 28 02:57:52 debian-armhf init: Id "T0" respawning too fast: disabled for 5 minutes
Nov 28 03:04:33 debian-armhf init: Id "T0" respawning too fast: disabled for 5 minutes
Nov 28 03:11:14 debian-armhf init: Id "T0" respawning too fast: disabled for 5 minutes
Nov 28 03:17:56 debian-armhf init: Id "T0" respawning too fast: disabled for 5 minutes
Nov 28 03:24:37 debian-armhf init: Id "T0" respawning too fast: disabled for 5 minutes
Nov 28 03:31:18 debian-armhf init: Id "T0" respawning too fast: disabled for 5 minutes
Nov 28 03:37:59 debian-armhf init: Id "T0" respawning too fast: disabled for 5 minutes
Nov 28 03:44:40 debian-armhf init: Id "T0" respawning too fast: disabled for 5 minutes
Nov 28 03:51:21 debian-armhf init: Id "T0" respawning too fast: disabled for 5 minutes
Nov 28 03:58:02 debian-armhf init: Id "T0" respawning too fast: disabled for 5 minutes
Nov 28 04:04:44 debian-armhf init: Id "T0" respawning too fast: disabled for 5 minutes
Nov 28 04:11:25 debian-armhf init: Id "T0" respawning too fast: disabled for 5 minutes
Nov 28 04:18:06 debian-armhf init: Id "T0" respawning too fast: disabled for 5 minutes
Nov 28 04:24:47 debian-armhf init: Id "T0" respawning too fast: disabled for 5 minutes
Nov 28 04:31:28 debian-armhf init: Id "T0" respawning too fast: disabled for 5 minutes
Nov 28 04:38:09 debian-armhf init: Id "T0" respawning too fast: disabled for 5 minutes
Nov 28 04:44:50 debian-armhf init: Id "T0" respawning too fast: disabled for 5 minutes
Nov 28 04:51:32 debian-armhf init: Id "T0" respawning too fast: disabled for 5 minutes
Nov 28 04:58:13 debian-armhf init: Id "T0" respawning too fast: disabled for 5 minutes
Nov 28 05:04:54 debian-armhf init: Id "T0" respawning too fast: disabled for 5 minutes
Nov 28 05:11:35 debian-armhf init: Id "T0" respawning too fast: disabled for 5 minutes
Nov 28 05:18:16 debian-armhf init: Id "T0" respawning too fast: disabled for 5 minutes
Nov 28 05:24:57 debian-armhf init: Id "T0" respawning too fast: disabled for 5 minutes
Nov 28 05:31:38 debian-armhf init: Id "T0" respawning too fast: disabled for 5 minutes
Nov 28 05:38:20 debian-armhf init: Id "T0" respawning too fast: disabled for 5 minutes
Nov 28 05:40:01 debian-armhf init: Switching to runlevel: 0
Jan  1 00:00:19 debian-armhf ntpdate[2051]: 172.104.105.31 rate limit response from server.
Nov 28 05:41:11 debian-armhf ntpdate[2051]: step time server 49.212.186.27 offset 1511847650.011133 sec
Nov 28 05:41:13 debian-armhf ntpdate[2032]: step-systime: Invalid argument
Nov 28 05:42:52 debian-armhf init: Id "T0" respawning too fast: disabled for 5 minutes
Nov 28 05:45:35 debian-armhf init: Switching to runlevel: 0
