
Start-Date: 2017-07-01  13:55:01
Commandline: /usr/bin/apt-get install locales dialog
Install: locales:armhf (2.13-38+deb7u12), dialog:armhf (1.1-20120215-2)
End-Date: 2017-07-01  13:55:20

Start-Date: 2017-07-01  13:56:37
Commandline: /usr/bin/apt-get install openssh-server ntpdate
Install: libedit2:armhf (2.11-20080614-5, automatic), libwrap0:armhf (7.6.q-24, automatic), libbsd0:armhf (0.4.2-1, automatic), openssh-client:armhf (6.0p1-4+deb7u6, automatic), ntpdate:armhf (4.2.6.p5+dfsg-2+deb7u7), openssh-server:armhf (6.0p1-4+deb7u6)
End-Date: 2017-07-01  13:56:56

Start-Date: 2017-07-01  14:30:19
Commandline: /usr/bin/apt-get install resolvconf less
Install: resolvconf:armhf (1.67), less:armhf (444-4)
End-Date: 2017-07-01  14:30:27

Start-Date: 1970-01-01  00:08:46
Commandline: apt-get install build-essential
Install: bzip2:armhf (1.0.6-4, automatic), libgmp10:armhf (5.0.5+dfsg-2, automatic), libmpfr4:armhf (3.1.0-5, automatic), libclass-isa-perl:armhf (0.36-3, automatic), libswitch-perl:armhf (2.16-2, automatic), g++-4.6:armhf (4.6.3-14, automatic), perl:armhf (5.14.2-21+deb7u5, automatic), libc-dev-bin:armhf (2.13-38+deb7u12, automatic), libgomp1:armhf (4.7.2-5, automatic), g++:armhf (4.6.3-8, automatic), linux-libc-dev:armhf (3.2.89-2, automatic), gcc-4.6:armhf (4.6.3-14, automatic), libdpkg-perl:armhf (1.16.18, automatic), cpp:armhf (4.6.3-8, automatic), gcc:armhf (4.6.3-8, automatic), gcc-4.6-base:armhf (4.6.3-14, automatic), libtimedate-perl:armhf (1.2000-1, automatic), dpkg-dev:armhf (1.16.18, automatic), perl-modules:armhf (5.14.2-21+deb7u5, automatic), libc6-dev:armhf (2.13-38+deb7u12, automatic), cpp-4.6:armhf (4.6.3-14, automatic), patch:armhf (2.6.1-3, automatic), libstdc++6-4.6-dev:armhf (4.6.3-14, automatic), binutils:armhf (2.22-8+deb7u3, automatic), make:armhf (3.81-8.2, automatic), libmpc2:armhf (0.9-4+b1, automatic), build-essential:armhf (11.5+b1)
Upgrade: libc-bin:armhf (2.13-38+deb7u10, 2.13-38+deb7u12), perl-base:armhf (5.14.2-21+deb7u3, 5.14.2-21+deb7u5), libc6:armhf (2.13-38+deb7u10, 2.13-38+deb7u12)
End-Date: 1970-01-01  00:09:40

Start-Date: 2017-07-01  16:31:16
Commandline: apt-get install cowsay
Install: cowsay:armhf (3.03+dfsg1-4)
End-Date: 2017-07-01  16:31:19
